[3.101s] Invoking command in '/home/charles/ros2_ws/src/data_processor': DEBUGINFOD_URLS=https://debuginfod.ubuntu.com PYTHONPATH=/home/charles/ros2_ws/build/data_processor/prefix_override:/usr/lib/python3/dist-packages/colcon_core/task/python/colcon_distutils_commands:/home/charles/ros2_ws/install/data_processor/lib/python3.12/site-packages:${PYTHONPATH} /usr/bin/python3 -W ignore:setup.py install is deprecated -W ignore:easy_install command is deprecated setup.py egg_info --egg-base ../../build/data_processor build --build-base /home/charles/ros2_ws/build/data_processor/build install --record /home/charles/ros2_ws/build/data_processor/install.log --single-version-externally-managed install_data
[4.265s] running egg_info
[4.373s] writing ../../build/data_processor/data_processor.egg-info/PKG-INFO
[4.376s] writing dependency_links to ../../build/data_processor/data_processor.egg-info/dependency_links.txt
[4.376s] writing entry points to ../../build/data_processor/data_processor.egg-info/entry_points.txt
[4.376s] writing requirements to ../../build/data_processor/data_processor.egg-info/requires.txt
[4.379s] writing top-level names to ../../build/data_processor/data_processor.egg-info/top_level.txt
[4.613s] reading manifest file '../../build/data_processor/data_processor.egg-info/SOURCES.txt'
[4.618s] writing manifest file '../../build/data_processor/data_processor.egg-info/SOURCES.txt'
[4.624s] running build
[4.624s] running build_py
[4.624s] running install
[4.661s] running install_lib
[4.792s] running install_data
[4.793s] running install_egg_info
[4.904s] removing '/home/charles/ros2_ws/install/data_processor/lib/python3.12/site-packages/data_processor-0.0.0-py3.12.egg-info' (and everything under it)
[4.909s] Copying ../../build/data_processor/data_processor.egg-info to /home/charles/ros2_ws/install/data_processor/lib/python3.12/site-packages/data_processor-0.0.0-py3.12.egg-info
[4.914s] running install_scripts
[5.596s] Installing imu_data_processor script to /home/charles/ros2_ws/install/data_processor/lib/data_processor
[5.597s] Installing tof_data_processor script to /home/charles/ros2_ws/install/data_processor/lib/data_processor
[5.598s] writing list of installed files to '/home/charles/ros2_ws/build/data_processor/install.log'
[5.732s] Invoked command in '/home/charles/ros2_ws/src/data_processor' returned '0': DEBUGINFOD_URLS=https://debuginfod.ubuntu.com PYTHONPATH=/home/charles/ros2_ws/build/data_processor/prefix_override:/usr/lib/python3/dist-packages/colcon_core/task/python/colcon_distutils_commands:/home/charles/ros2_ws/install/data_processor/lib/python3.12/site-packages:${PYTHONPATH} /usr/bin/python3 -W ignore:setup.py install is deprecated -W ignore:easy_install command is deprecated setup.py egg_info --egg-base ../../build/data_processor build --build-base /home/charles/ros2_ws/build/data_processor/build install --record /home/charles/ros2_ws/build/data_processor/install.log --single-version-externally-managed install_data
