[2.542s] Invoking command in '/home/charles/ros2_ws/src/depth_processor': DEBUGINFOD_URLS=https://debuginfod.ubuntu.com PYTHONPATH=/home/charles/ros2_ws/build/depth_processor/prefix_override:/usr/lib/python3/dist-packages/colcon_core/task/python/colcon_distutils_commands:/home/charles/ros2_ws/install/depth_processor/lib/python3.12/site-packages:${PYTHONPATH} /usr/bin/python3 -W ignore:setup.py install is deprecated -W ignore:easy_install command is deprecated setup.py egg_info --egg-base ../../build/depth_processor build --build-base /home/charles/ros2_ws/build/depth_processor/build install --record /home/charles/ros2_ws/build/depth_processor/install.log --single-version-externally-managed install_data
[3.032s] running egg_info
[3.056s] writing ../../build/depth_processor/depth_processor.egg-info/PKG-INFO
[3.056s] writing dependency_links to ../../build/depth_processor/depth_processor.egg-info/dependency_links.txt
[3.056s] writing entry points to ../../build/depth_processor/depth_processor.egg-info/entry_points.txt
[3.056s] writing requirements to ../../build/depth_processor/depth_processor.egg-info/requires.txt
[3.056s] writing top-level names to ../../build/depth_processor/depth_processor.egg-info/top_level.txt
[3.099s] reading manifest file '../../build/depth_processor/depth_processor.egg-info/SOURCES.txt'
[3.100s] writing manifest file '../../build/depth_processor/depth_processor.egg-info/SOURCES.txt'
[3.100s] running build
[3.100s] running build_py
[3.101s] copying depth_processor/scripts/process_depth.py -> /home/charles/ros2_ws/build/depth_processor/build/lib/depth_processor/scripts
[3.101s] running install
[3.108s] running install_lib
[3.129s] copying /home/charles/ros2_ws/build/depth_processor/build/lib/depth_processor/scripts/process_depth.py -> /home/charles/ros2_ws/install/depth_processor/lib/python3.12/site-packages/depth_processor/scripts
[3.130s] byte-compiling /home/charles/ros2_ws/install/depth_processor/lib/python3.12/site-packages/depth_processor/scripts/process_depth.py to process_depth.cpython-312.pyc
[3.132s] running install_data
[3.132s] running install_egg_info
[3.154s] removing '/home/charles/ros2_ws/install/depth_processor/lib/python3.12/site-packages/depth_processor-0.0.0-py3.12.egg-info' (and everything under it)
[3.154s] Copying ../../build/depth_processor/depth_processor.egg-info to /home/charles/ros2_ws/install/depth_processor/lib/python3.12/site-packages/depth_processor-0.0.0-py3.12.egg-info
[3.155s] running install_scripts
[3.292s] Installing mapping script to /home/charles/ros2_ws/install/depth_processor/lib/depth_processor
[3.292s] Installing process_depth script to /home/charles/ros2_ws/install/depth_processor/lib/depth_processor
[3.292s] writing list of installed files to '/home/charles/ros2_ws/build/depth_processor/install.log'
[3.323s] Invoked command in '/home/charles/ros2_ws/src/depth_processor' returned '0': DEBUGINFOD_URLS=https://debuginfod.ubuntu.com PYTHONPATH=/home/charles/ros2_ws/build/depth_processor/prefix_override:/usr/lib/python3/dist-packages/colcon_core/task/python/colcon_distutils_commands:/home/charles/ros2_ws/install/depth_processor/lib/python3.12/site-packages:${PYTHONPATH} /usr/bin/python3 -W ignore:setup.py install is deprecated -W ignore:easy_install command is deprecated setup.py egg_info --egg-base ../../build/depth_processor build --build-base /home/charles/ros2_ws/build/depth_processor/build install --record /home/charles/ros2_ws/build/depth_processor/install.log --single-version-externally-managed install_data
