running egg_info
creating ../../build/joy_publisher/joy_publisher.egg-info
writing ../../build/joy_publisher/joy_publisher.egg-info/PKG-INFO
writing dependency_links to ../../build/joy_publisher/joy_publisher.egg-info/dependency_links.txt
writing requirements to ../../build/joy_publisher/joy_publisher.egg-info/requires.txt
writing top-level names to ../../build/joy_publisher/joy_publisher.egg-info/top_level.txt
writing manifest file '../../build/joy_publisher/joy_publisher.egg-info/SOURCES.txt'
reading manifest file '../../build/joy_publisher/joy_publisher.egg-info/SOURCES.txt'
writing manifest file '../../build/joy_publisher/joy_publisher.egg-info/SOURCES.txt'
running build
running build_py
creating /home/charles/ros2_ws/build/joy_publisher/build
creating /home/charles/ros2_ws/build/joy_publisher/build/lib
creating /home/charles/ros2_ws/build/joy_publisher/build/lib/joy_publisher
copying joy_publisher/__init__.py -> /home/charles/ros2_ws/build/joy_publisher/build/lib/joy_publisher
running install
running install_lib
creating /home/charles/ros2_ws/install/joy_publisher/lib/python3.12/site-packages/joy_publisher
copying /home/charles/ros2_ws/build/joy_publisher/build/lib/joy_publisher/__init__.py -> /home/charles/ros2_ws/install/joy_publisher/lib/python3.12/site-packages/joy_publisher
byte-compiling /home/charles/ros2_ws/install/joy_publisher/lib/python3.12/site-packages/joy_publisher/__init__.py to __init__.cpython-312.pyc
running install_data
creating /home/charles/ros2_ws/install/joy_publisher/share/ament_index
creating /home/charles/ros2_ws/install/joy_publisher/share/ament_index/resource_index
creating /home/charles/ros2_ws/install/joy_publisher/share/ament_index/resource_index/packages
copying resource/joy_publisher -> /home/charles/ros2_ws/install/joy_publisher/share/ament_index/resource_index/packages
copying package.xml -> /home/charles/ros2_ws/install/joy_publisher/share/joy_publisher
running install_egg_info
Copying ../../build/joy_publisher/joy_publisher.egg-info to /home/charles/ros2_ws/install/joy_publisher/lib/python3.12/site-packages/joy_publisher-0.0.0-py3.12.egg-info
running install_scripts
writing list of installed files to '/home/charles/ros2_ws/build/joy_publisher/install.log'
