[5.168s] Invoking command in '/home/charles/ros2_ws/src/data_processor': DEBUGINFOD_URLS=https://debuginfod.ubuntu.com PYTHONPATH=/home/charles/ros2_ws/build/data_processor/prefix_override:/usr/lib/python3/dist-packages/colcon_core/task/python/colcon_distutils_commands:/home/charles/ros2_ws/install/data_processor/lib/python3.12/site-packages:${PYTHONPATH} /usr/bin/python3 -W ignore:setup.py install is deprecated -W ignore:easy_install command is deprecated setup.py egg_info --egg-base ../../build/data_processor build --build-base /home/charles/ros2_ws/build/data_processor/build install --record /home/charles/ros2_ws/build/data_processor/install.log --single-version-externally-managed install_data
[5.949s] running egg_info
[6.013s] writing ../../build/data_processor/data_processor.egg-info/PKG-INFO
[6.014s] writing dependency_links to ../../build/data_processor/data_processor.egg-info/dependency_links.txt
[6.014s] writing entry points to ../../build/data_processor/data_processor.egg-info/entry_points.txt
[6.015s] writing requirements to ../../build/data_processor/data_processor.egg-info/requires.txt
[6.015s] writing top-level names to ../../build/data_processor/data_processor.egg-info/top_level.txt
[6.129s] reading manifest file '../../build/data_processor/data_processor.egg-info/SOURCES.txt'
[6.131s] writing manifest file '../../build/data_processor/data_processor.egg-info/SOURCES.txt'
[6.133s] running build
[6.133s] running build_py
[6.133s] running install
[6.152s] running install_lib
[6.216s] running install_data
[6.216s] running install_egg_info
[6.286s] removing '/home/charles/ros2_ws/install/data_processor/lib/python3.12/site-packages/data_processor-0.0.0-py3.12.egg-info' (and everything under it)
[6.287s] Copying ../../build/data_processor/data_processor.egg-info to /home/charles/ros2_ws/install/data_processor/lib/python3.12/site-packages/data_processor-0.0.0-py3.12.egg-info
[6.290s] running install_scripts
[6.681s] Installing imu_data_processor script to /home/charles/ros2_ws/install/data_processor/lib/data_processor
[6.681s] Installing tof_data_processor script to /home/charles/ros2_ws/install/data_processor/lib/data_processor
[6.682s] writing list of installed files to '/home/charles/ros2_ws/build/data_processor/install.log'
[6.771s] Invoked command in '/home/charles/ros2_ws/src/data_processor' returned '0': DEBUGINFOD_URLS=https://debuginfod.ubuntu.com PYTHONPATH=/home/charles/ros2_ws/build/data_processor/prefix_override:/usr/lib/python3/dist-packages/colcon_core/task/python/colcon_distutils_commands:/home/charles/ros2_ws/install/data_processor/lib/python3.12/site-packages:${PYTHONPATH} /usr/bin/python3 -W ignore:setup.py install is deprecated -W ignore:easy_install command is deprecated setup.py egg_info --egg-base ../../build/data_processor build --build-base /home/charles/ros2_ws/build/data_processor/build install --record /home/charles/ros2_ws/build/data_processor/install.log --single-version-externally-managed install_data
