[1.578s] Invoking command in '/home/charles/ros2_ws/src/depth_processor': DEBUGINFOD_URLS=https://debuginfod.ubuntu.com PYTHONPATH=/home/charles/ros2_ws/build/depth_processor/prefix_override:/usr/lib/python3/dist-packages/colcon_core/task/python/colcon_distutils_commands:/home/charles/ros2_ws/install/depth_processor/lib/python3.12/site-packages:${PYTHONPATH} /usr/bin/python3 -W ignore:setup.py install is deprecated -W ignore:easy_install command is deprecated setup.py egg_info --egg-base ../../build/depth_processor build --build-base /home/charles/ros2_ws/build/depth_processor/build install --record /home/charles/ros2_ws/build/depth_processor/install.log --single-version-externally-managed install_data
[1.931s] running egg_info
[1.958s] writing ../../build/depth_processor/depth_processor.egg-info/PKG-INFO
[1.958s] writing dependency_links to ../../build/depth_processor/depth_processor.egg-info/dependency_links.txt
[1.958s] writing entry points to ../../build/depth_processor/depth_processor.egg-info/entry_points.txt
[1.958s] writing requirements to ../../build/depth_processor/depth_processor.egg-info/requires.txt
[1.959s] writing top-level names to ../../build/depth_processor/depth_processor.egg-info/top_level.txt
[2.013s] reading manifest file '../../build/depth_processor/depth_processor.egg-info/SOURCES.txt'
[2.014s] writing manifest file '../../build/depth_processor/depth_processor.egg-info/SOURCES.txt'
[2.014s] running build
[2.014s] running build_py
[2.014s] creating /home/charles/ros2_ws/build/depth_processor/build/lib/depth_processor/launch
[2.015s] copying depth_processor/launch/depth_processor_launch.py -> /home/charles/ros2_ws/build/depth_processor/build/lib/depth_processor/launch
[2.015s] copying depth_processor/launch/__init__.py -> /home/charles/ros2_ws/build/depth_processor/build/lib/depth_processor/launch
[2.015s] running install
[2.024s] running install_lib
[2.051s] creating /home/charles/ros2_ws/install/depth_processor/lib/python3.12/site-packages/depth_processor/launch
[2.051s] copying /home/charles/ros2_ws/build/depth_processor/build/lib/depth_processor/launch/depth_processor_launch.py -> /home/charles/ros2_ws/install/depth_processor/lib/python3.12/site-packages/depth_processor/launch
[2.051s] copying /home/charles/ros2_ws/build/depth_processor/build/lib/depth_processor/launch/__init__.py -> /home/charles/ros2_ws/install/depth_processor/lib/python3.12/site-packages/depth_processor/launch
[2.052s] byte-compiling /home/charles/ros2_ws/install/depth_processor/lib/python3.12/site-packages/depth_processor/launch/depth_processor_launch.py to depth_processor_launch.cpython-312.pyc
[2.053s] byte-compiling /home/charles/ros2_ws/install/depth_processor/lib/python3.12/site-packages/depth_processor/launch/__init__.py to __init__.cpython-312.pyc
[2.053s] running install_data
[2.053s] running install_egg_info
[2.083s] removing '/home/charles/ros2_ws/install/depth_processor/lib/python3.12/site-packages/depth_processor-0.0.0-py3.12.egg-info' (and everything under it)
[2.084s] Copying ../../build/depth_processor/depth_processor.egg-info to /home/charles/ros2_ws/install/depth_processor/lib/python3.12/site-packages/depth_processor-0.0.0-py3.12.egg-info
[2.084s] running install_scripts
[2.265s] Installing process_depth script to /home/charles/ros2_ws/install/depth_processor/lib/depth_processor
[2.266s] writing list of installed files to '/home/charles/ros2_ws/build/depth_processor/install.log'
[2.308s] Invoked command in '/home/charles/ros2_ws/src/depth_processor' returned '0': DEBUGINFOD_URLS=https://debuginfod.ubuntu.com PYTHONPATH=/home/charles/ros2_ws/build/depth_processor/prefix_override:/usr/lib/python3/dist-packages/colcon_core/task/python/colcon_distutils_commands:/home/charles/ros2_ws/install/depth_processor/lib/python3.12/site-packages:${PYTHONPATH} /usr/bin/python3 -W ignore:setup.py install is deprecated -W ignore:easy_install command is deprecated setup.py egg_info --egg-base ../../build/depth_processor build --build-base /home/charles/ros2_ws/build/depth_processor/build install --record /home/charles/ros2_ws/build/depth_processor/install.log --single-version-externally-managed install_data
