[0.104s] DEBUG:colcon:Command line arguments: ['/usr/bin/colcon', 'build']
[0.104s] DEBUG:colcon:Parsed command line arguments: Namespace(log_base=None, log_level=None, verb_name='build', build_base='build', install_base='install', merge_install=False, symlink_install=False, test_result_base=None, continue_on_error=False, executor='parallel', parallel_workers=8, event_handlers=None, ignore_user_meta=False, metas=['./colcon.meta'], base_paths=['.'], packages_ignore=None, packages_ignore_regex=None, paths=None, packages_up_to=None, packages_up_to_regex=None, packages_above=None, packages_above_and_dependencies=None, packages_above_depth=None, packages_select_by_dep=None, packages_skip_by_dep=None, packages_skip_up_to=None, packages_select_build_failed=False, packages_skip_build_finished=False, packages_select_test_failures=False, packages_skip_test_passed=False, packages_select=None, packages_skip=None, packages_select_regex=None, packages_skip_regex=None, packages_start=None, packages_end=None, allow_overriding=[], cmake_args=None, cmake_target=None, cmake_target_skip_unavailable=False, cmake_clean_cache=False, cmake_clean_first=False, cmake_force_configure=False, ament_cmake_args=None, catkin_cmake_args=None, catkin_skip_building_tests=False, verb_parser=<colcon_defaults.argument_parser.defaults.DefaultArgumentsDecorator object at 0x76e384a7e330>, verb_extension=<colcon_core.verb.build.BuildVerb object at 0x76e384a7e1b0>, main=<bound method BuildVerb.main of <colcon_core.verb.build.BuildVerb object at 0x76e384a7e1b0>>)
[0.143s] Level 1:colcon.colcon_core.package_discovery:discover_packages(colcon_meta) check parameters
[0.143s] Level 1:colcon.colcon_core.package_discovery:discover_packages(recursive) check parameters
[0.143s] Level 1:colcon.colcon_core.package_discovery:discover_packages(ignore) check parameters
[0.143s] Level 1:colcon.colcon_core.package_discovery:discover_packages(path) check parameters
[0.143s] Level 1:colcon.colcon_core.package_discovery:discover_packages(colcon_meta) discover
[0.143s] Level 1:colcon.colcon_core.package_discovery:discover_packages(recursive) discover
[0.143s] INFO:colcon.colcon_core.package_discovery:Crawling recursively for packages in '/home/charles/ros2_ws'
[0.143s] Level 1:colcon.colcon_core.package_identification:_identify(.) by extensions ['ignore', 'ignore_ament_install']
[0.143s] Level 1:colcon.colcon_core.package_identification:_identify(.) by extension 'ignore'
[0.143s] Level 1:colcon.colcon_core.package_identification:_identify(.) by extension 'ignore_ament_install'
[0.143s] Level 1:colcon.colcon_core.package_identification:_identify(.) by extensions ['colcon_pkg']
[0.143s] Level 1:colcon.colcon_core.package_identification:_identify(.) by extension 'colcon_pkg'
[0.143s] Level 1:colcon.colcon_core.package_identification:_identify(.) by extensions ['colcon_meta']
[0.143s] Level 1:colcon.colcon_core.package_identification:_identify(.) by extension 'colcon_meta'
[0.143s] Level 1:colcon.colcon_core.package_identification:_identify(.) by extensions ['ros']
[0.143s] Level 1:colcon.colcon_core.package_identification:_identify(.) by extension 'ros'
[0.169s] Level 1:colcon.colcon_core.package_identification:_identify(.) by extensions ['cmake', 'python']
[0.169s] Level 1:colcon.colcon_core.package_identification:_identify(.) by extension 'cmake'
[0.169s] Level 1:colcon.colcon_core.package_identification:_identify(.) by extension 'python'
[0.169s] Level 1:colcon.colcon_core.package_identification:_identify(.) by extensions ['python_setup_py']
[0.169s] Level 1:colcon.colcon_core.package_identification:_identify(.) by extension 'python_setup_py'
[0.170s] Level 1:colcon.colcon_core.package_identification:_identify(build) by extensions ['ignore', 'ignore_ament_install']
[0.170s] Level 1:colcon.colcon_core.package_identification:_identify(build) by extension 'ignore'
[0.170s] Level 1:colcon.colcon_core.package_identification:_identify(build) ignored
[0.170s] Level 1:colcon.colcon_core.package_identification:_identify(install) by extensions ['ignore', 'ignore_ament_install']
[0.170s] Level 1:colcon.colcon_core.package_identification:_identify(install) by extension 'ignore'
[0.170s] Level 1:colcon.colcon_core.package_identification:_identify(install) ignored
[0.170s] Level 1:colcon.colcon_core.package_identification:_identify(log) by extensions ['ignore', 'ignore_ament_install']
[0.170s] Level 1:colcon.colcon_core.package_identification:_identify(log) by extension 'ignore'
[0.170s] Level 1:colcon.colcon_core.package_identification:_identify(log) ignored
[0.170s] Level 1:colcon.colcon_core.package_identification:_identify(src) by extensions ['ignore', 'ignore_ament_install']
[0.170s] Level 1:colcon.colcon_core.package_identification:_identify(src) by extension 'ignore'
[0.170s] Level 1:colcon.colcon_core.package_identification:_identify(src) by extension 'ignore_ament_install'
[0.171s] Level 1:colcon.colcon_core.package_identification:_identify(src) by extensions ['colcon_pkg']
[0.171s] Level 1:colcon.colcon_core.package_identification:_identify(src) by extension 'colcon_pkg'
[0.171s] Level 1:colcon.colcon_core.package_identification:_identify(src) by extensions ['colcon_meta']
[0.171s] Level 1:colcon.colcon_core.package_identification:_identify(src) by extension 'colcon_meta'
[0.171s] Level 1:colcon.colcon_core.package_identification:_identify(src) by extensions ['ros']
[0.171s] Level 1:colcon.colcon_core.package_identification:_identify(src) by extension 'ros'
[0.171s] Level 1:colcon.colcon_core.package_identification:_identify(src) by extensions ['cmake', 'python']
[0.171s] Level 1:colcon.colcon_core.package_identification:_identify(src) by extension 'cmake'
[0.171s] Level 1:colcon.colcon_core.package_identification:_identify(src) by extension 'python'
[0.171s] Level 1:colcon.colcon_core.package_identification:_identify(src) by extensions ['python_setup_py']
[0.171s] Level 1:colcon.colcon_core.package_identification:_identify(src) by extension 'python_setup_py'
[0.171s] Level 1:colcon.colcon_core.package_identification:_identify(src/brain) by extensions ['ignore', 'ignore_ament_install']
[0.171s] Level 1:colcon.colcon_core.package_identification:_identify(src/brain) by extension 'ignore'
[0.171s] Level 1:colcon.colcon_core.package_identification:_identify(src/brain) by extension 'ignore_ament_install'
[0.171s] Level 1:colcon.colcon_core.package_identification:_identify(src/brain) by extensions ['colcon_pkg']
[0.171s] Level 1:colcon.colcon_core.package_identification:_identify(src/brain) by extension 'colcon_pkg'
[0.171s] Level 1:colcon.colcon_core.package_identification:_identify(src/brain) by extensions ['colcon_meta']
[0.171s] Level 1:colcon.colcon_core.package_identification:_identify(src/brain) by extension 'colcon_meta'
[0.171s] Level 1:colcon.colcon_core.package_identification:_identify(src/brain) by extensions ['ros']
[0.171s] Level 1:colcon.colcon_core.package_identification:_identify(src/brain) by extension 'ros'
[0.174s] DEBUG:colcon.colcon_core.package_identification:Package 'src/brain' with type 'ros.ament_python' and name 'brain'
[0.174s] Level 1:colcon.colcon_core.package_identification:_identify(src/data_processor) by extensions ['ignore', 'ignore_ament_install']
[0.174s] Level 1:colcon.colcon_core.package_identification:_identify(src/data_processor) by extension 'ignore'
[0.174s] Level 1:colcon.colcon_core.package_identification:_identify(src/data_processor) by extension 'ignore_ament_install'
[0.174s] Level 1:colcon.colcon_core.package_identification:_identify(src/data_processor) by extensions ['colcon_pkg']
[0.175s] Level 1:colcon.colcon_core.package_identification:_identify(src/data_processor) by extension 'colcon_pkg'
[0.175s] Level 1:colcon.colcon_core.package_identification:_identify(src/data_processor) by extensions ['colcon_meta']
[0.175s] Level 1:colcon.colcon_core.package_identification:_identify(src/data_processor) by extension 'colcon_meta'
[0.175s] Level 1:colcon.colcon_core.package_identification:_identify(src/data_processor) by extensions ['ros']
[0.175s] Level 1:colcon.colcon_core.package_identification:_identify(src/data_processor) by extension 'ros'
[0.175s] DEBUG:colcon.colcon_core.package_identification:Package 'src/data_processor' with type 'ros.ament_python' and name 'data_processor'
[0.175s] Level 1:colcon.colcon_core.package_identification:_identify(src/depth_processor) by extensions ['ignore', 'ignore_ament_install']
[0.175s] Level 1:colcon.colcon_core.package_identification:_identify(src/depth_processor) by extension 'ignore'
[0.175s] Level 1:colcon.colcon_core.package_identification:_identify(src/depth_processor) by extension 'ignore_ament_install'
[0.175s] Level 1:colcon.colcon_core.package_identification:_identify(src/depth_processor) by extensions ['colcon_pkg']
[0.175s] Level 1:colcon.colcon_core.package_identification:_identify(src/depth_processor) by extension 'colcon_pkg'
[0.175s] Level 1:colcon.colcon_core.package_identification:_identify(src/depth_processor) by extensions ['colcon_meta']
[0.175s] Level 1:colcon.colcon_core.package_identification:_identify(src/depth_processor) by extension 'colcon_meta'
[0.175s] Level 1:colcon.colcon_core.package_identification:_identify(src/depth_processor) by extensions ['ros']
[0.175s] Level 1:colcon.colcon_core.package_identification:_identify(src/depth_processor) by extension 'ros'
[0.176s] DEBUG:colcon.colcon_core.package_identification:Package 'src/depth_processor' with type 'ros.ament_python' and name 'depth_processor'
[0.176s] Level 1:colcon.colcon_core.package_identification:_identify(src/joy_publisher) by extensions ['ignore', 'ignore_ament_install']
[0.176s] Level 1:colcon.colcon_core.package_identification:_identify(src/joy_publisher) by extension 'ignore'
[0.176s] Level 1:colcon.colcon_core.package_identification:_identify(src/joy_publisher) by extension 'ignore_ament_install'
[0.176s] Level 1:colcon.colcon_core.package_identification:_identify(src/joy_publisher) by extensions ['colcon_pkg']
[0.176s] Level 1:colcon.colcon_core.package_identification:_identify(src/joy_publisher) by extension 'colcon_pkg'
[0.176s] Level 1:colcon.colcon_core.package_identification:_identify(src/joy_publisher) by extensions ['colcon_meta']
[0.176s] Level 1:colcon.colcon_core.package_identification:_identify(src/joy_publisher) by extension 'colcon_meta'
[0.176s] Level 1:colcon.colcon_core.package_identification:_identify(src/joy_publisher) by extensions ['ros']
[0.176s] Level 1:colcon.colcon_core.package_identification:_identify(src/joy_publisher) by extension 'ros'
[0.177s] DEBUG:colcon.colcon_core.package_identification:Package 'src/joy_publisher' with type 'ros.ament_python' and name 'joy_publisher'
[0.177s] Level 1:colcon.colcon_core.package_identification:_identify(src/raw_data_publisher) by extensions ['ignore', 'ignore_ament_install']
[0.177s] Level 1:colcon.colcon_core.package_identification:_identify(src/raw_data_publisher) by extension 'ignore'
[0.177s] Level 1:colcon.colcon_core.package_identification:_identify(src/raw_data_publisher) by extension 'ignore_ament_install'
[0.177s] Level 1:colcon.colcon_core.package_identification:_identify(src/raw_data_publisher) by extensions ['colcon_pkg']
[0.177s] Level 1:colcon.colcon_core.package_identification:_identify(src/raw_data_publisher) by extension 'colcon_pkg'
[0.177s] Level 1:colcon.colcon_core.package_identification:_identify(src/raw_data_publisher) by extensions ['colcon_meta']
[0.177s] Level 1:colcon.colcon_core.package_identification:_identify(src/raw_data_publisher) by extension 'colcon_meta'
[0.177s] Level 1:colcon.colcon_core.package_identification:_identify(src/raw_data_publisher) by extensions ['ros']
[0.178s] Level 1:colcon.colcon_core.package_identification:_identify(src/raw_data_publisher) by extension 'ros'
[0.178s] DEBUG:colcon.colcon_core.package_identification:Package 'src/raw_data_publisher' with type 'ros.ament_python' and name 'raw_data_publisher'
[0.178s] Level 1:colcon.colcon_core.package_discovery:discover_packages(recursive) using defaults
[0.178s] Level 1:colcon.colcon_core.package_discovery:discover_packages(ignore) discover
[0.178s] Level 1:colcon.colcon_core.package_discovery:discover_packages(ignore) using defaults
[0.178s] Level 1:colcon.colcon_core.package_discovery:discover_packages(path) discover
[0.178s] Level 1:colcon.colcon_core.package_discovery:discover_packages(path) using defaults
[0.197s] Level 1:colcon.colcon_core.package_discovery:discover_packages(prefix_path) check parameters
[0.197s] Level 1:colcon.colcon_core.package_discovery:discover_packages(prefix_path) discover
[0.199s] DEBUG:colcon.colcon_installed_package_information.package_discovery:Found 5 installed packages in /home/charles/ros2_ws/install
[0.200s] DEBUG:colcon.colcon_installed_package_information.package_discovery:Found 308 installed packages in /opt/ros/jazzy
[0.201s] Level 1:colcon.colcon_core.package_discovery:discover_packages(prefix_path) using defaults
[0.244s] Level 5:colcon.colcon_core.verb:set package 'brain' build argument 'cmake_args' from command line to 'None'
[0.244s] Level 5:colcon.colcon_core.verb:set package 'brain' build argument 'cmake_target' from command line to 'None'
[0.244s] Level 5:colcon.colcon_core.verb:set package 'brain' build argument 'cmake_target_skip_unavailable' from command line to 'False'
[0.244s] Level 5:colcon.colcon_core.verb:set package 'brain' build argument 'cmake_clean_cache' from command line to 'False'
[0.244s] Level 5:colcon.colcon_core.verb:set package 'brain' build argument 'cmake_clean_first' from command line to 'False'
[0.244s] Level 5:colcon.colcon_core.verb:set package 'brain' build argument 'cmake_force_configure' from command line to 'False'
[0.244s] Level 5:colcon.colcon_core.verb:set package 'brain' build argument 'ament_cmake_args' from command line to 'None'
[0.244s] Level 5:colcon.colcon_core.verb:set package 'brain' build argument 'catkin_cmake_args' from command line to 'None'
[0.244s] Level 5:colcon.colcon_core.verb:set package 'brain' build argument 'catkin_skip_building_tests' from command line to 'False'
[0.244s] DEBUG:colcon.colcon_core.verb:Building package 'brain' with the following arguments: {'ament_cmake_args': None, 'build_base': '/home/charles/ros2_ws/build/brain', 'catkin_cmake_args': None, 'catkin_skip_building_tests': False, 'cmake_args': None, 'cmake_clean_cache': False, 'cmake_clean_first': False, 'cmake_force_configure': False, 'cmake_target': None, 'cmake_target_skip_unavailable': False, 'install_base': '/home/charles/ros2_ws/install/brain', 'merge_install': False, 'path': '/home/charles/ros2_ws/src/brain', 'symlink_install': False, 'test_result_base': None}
[0.244s] Level 5:colcon.colcon_core.verb:set package 'data_processor' build argument 'cmake_args' from command line to 'None'
[0.244s] Level 5:colcon.colcon_core.verb:set package 'data_processor' build argument 'cmake_target' from command line to 'None'
[0.245s] Level 5:colcon.colcon_core.verb:set package 'data_processor' build argument 'cmake_target_skip_unavailable' from command line to 'False'
[0.245s] Level 5:colcon.colcon_core.verb:set package 'data_processor' build argument 'cmake_clean_cache' from command line to 'False'
[0.245s] Level 5:colcon.colcon_core.verb:set package 'data_processor' build argument 'cmake_clean_first' from command line to 'False'
[0.245s] Level 5:colcon.colcon_core.verb:set package 'data_processor' build argument 'cmake_force_configure' from command line to 'False'
[0.245s] Level 5:colcon.colcon_core.verb:set package 'data_processor' build argument 'ament_cmake_args' from command line to 'None'
[0.245s] Level 5:colcon.colcon_core.verb:set package 'data_processor' build argument 'catkin_cmake_args' from command line to 'None'
[0.245s] Level 5:colcon.colcon_core.verb:set package 'data_processor' build argument 'catkin_skip_building_tests' from command line to 'False'
[0.245s] DEBUG:colcon.colcon_core.verb:Building package 'data_processor' with the following arguments: {'ament_cmake_args': None, 'build_base': '/home/charles/ros2_ws/build/data_processor', 'catkin_cmake_args': None, 'catkin_skip_building_tests': False, 'cmake_args': None, 'cmake_clean_cache': False, 'cmake_clean_first': False, 'cmake_force_configure': False, 'cmake_target': None, 'cmake_target_skip_unavailable': False, 'install_base': '/home/charles/ros2_ws/install/data_processor', 'merge_install': False, 'path': '/home/charles/ros2_ws/src/data_processor', 'symlink_install': False, 'test_result_base': None}
[0.245s] Level 5:colcon.colcon_core.verb:set package 'depth_processor' build argument 'cmake_args' from command line to 'None'
[0.245s] Level 5:colcon.colcon_core.verb:set package 'depth_processor' build argument 'cmake_target' from command line to 'None'
[0.245s] Level 5:colcon.colcon_core.verb:set package 'depth_processor' build argument 'cmake_target_skip_unavailable' from command line to 'False'
[0.245s] Level 5:colcon.colcon_core.verb:set package 'depth_processor' build argument 'cmake_clean_cache' from command line to 'False'
[0.245s] Level 5:colcon.colcon_core.verb:set package 'depth_processor' build argument 'cmake_clean_first' from command line to 'False'
[0.245s] Level 5:colcon.colcon_core.verb:set package 'depth_processor' build argument 'cmake_force_configure' from command line to 'False'
[0.245s] Level 5:colcon.colcon_core.verb:set package 'depth_processor' build argument 'ament_cmake_args' from command line to 'None'
[0.245s] Level 5:colcon.colcon_core.verb:set package 'depth_processor' build argument 'catkin_cmake_args' from command line to 'None'
[0.245s] Level 5:colcon.colcon_core.verb:set package 'depth_processor' build argument 'catkin_skip_building_tests' from command line to 'False'
[0.245s] DEBUG:colcon.colcon_core.verb:Building package 'depth_processor' with the following arguments: {'ament_cmake_args': None, 'build_base': '/home/charles/ros2_ws/build/depth_processor', 'catkin_cmake_args': None, 'catkin_skip_building_tests': False, 'cmake_args': None, 'cmake_clean_cache': False, 'cmake_clean_first': False, 'cmake_force_configure': False, 'cmake_target': None, 'cmake_target_skip_unavailable': False, 'install_base': '/home/charles/ros2_ws/install/depth_processor', 'merge_install': False, 'path': '/home/charles/ros2_ws/src/depth_processor', 'symlink_install': False, 'test_result_base': None}
[0.245s] Level 5:colcon.colcon_core.verb:set package 'joy_publisher' build argument 'cmake_args' from command line to 'None'
[0.245s] Level 5:colcon.colcon_core.verb:set package 'joy_publisher' build argument 'cmake_target' from command line to 'None'
[0.245s] Level 5:colcon.colcon_core.verb:set package 'joy_publisher' build argument 'cmake_target_skip_unavailable' from command line to 'False'
[0.245s] Level 5:colcon.colcon_core.verb:set package 'joy_publisher' build argument 'cmake_clean_cache' from command line to 'False'
[0.245s] Level 5:colcon.colcon_core.verb:set package 'joy_publisher' build argument 'cmake_clean_first' from command line to 'False'
[0.245s] Level 5:colcon.colcon_core.verb:set package 'joy_publisher' build argument 'cmake_force_configure' from command line to 'False'
[0.245s] Level 5:colcon.colcon_core.verb:set package 'joy_publisher' build argument 'ament_cmake_args' from command line to 'None'
[0.245s] Level 5:colcon.colcon_core.verb:set package 'joy_publisher' build argument 'catkin_cmake_args' from command line to 'None'
[0.246s] Level 5:colcon.colcon_core.verb:set package 'joy_publisher' build argument 'catkin_skip_building_tests' from command line to 'False'
[0.246s] DEBUG:colcon.colcon_core.verb:Building package 'joy_publisher' with the following arguments: {'ament_cmake_args': None, 'build_base': '/home/charles/ros2_ws/build/joy_publisher', 'catkin_cmake_args': None, 'catkin_skip_building_tests': False, 'cmake_args': None, 'cmake_clean_cache': False, 'cmake_clean_first': False, 'cmake_force_configure': False, 'cmake_target': None, 'cmake_target_skip_unavailable': False, 'install_base': '/home/charles/ros2_ws/install/joy_publisher', 'merge_install': False, 'path': '/home/charles/ros2_ws/src/joy_publisher', 'symlink_install': False, 'test_result_base': None}
[0.246s] Level 5:colcon.colcon_core.verb:set package 'raw_data_publisher' build argument 'cmake_args' from command line to 'None'
[0.246s] Level 5:colcon.colcon_core.verb:set package 'raw_data_publisher' build argument 'cmake_target' from command line to 'None'
[0.246s] Level 5:colcon.colcon_core.verb:set package 'raw_data_publisher' build argument 'cmake_target_skip_unavailable' from command line to 'False'
[0.246s] Level 5:colcon.colcon_core.verb:set package 'raw_data_publisher' build argument 'cmake_clean_cache' from command line to 'False'
[0.246s] Level 5:colcon.colcon_core.verb:set package 'raw_data_publisher' build argument 'cmake_clean_first' from command line to 'False'
[0.246s] Level 5:colcon.colcon_core.verb:set package 'raw_data_publisher' build argument 'cmake_force_configure' from command line to 'False'
[0.246s] Level 5:colcon.colcon_core.verb:set package 'raw_data_publisher' build argument 'ament_cmake_args' from command line to 'None'
[0.246s] Level 5:colcon.colcon_core.verb:set package 'raw_data_publisher' build argument 'catkin_cmake_args' from command line to 'None'
[0.246s] Level 5:colcon.colcon_core.verb:set package 'raw_data_publisher' build argument 'catkin_skip_building_tests' from command line to 'False'
[0.246s] DEBUG:colcon.colcon_core.verb:Building package 'raw_data_publisher' with the following arguments: {'ament_cmake_args': None, 'build_base': '/home/charles/ros2_ws/build/raw_data_publisher', 'catkin_cmake_args': None, 'catkin_skip_building_tests': False, 'cmake_args': None, 'cmake_clean_cache': False, 'cmake_clean_first': False, 'cmake_force_configure': False, 'cmake_target': None, 'cmake_target_skip_unavailable': False, 'install_base': '/home/charles/ros2_ws/install/raw_data_publisher', 'merge_install': False, 'path': '/home/charles/ros2_ws/src/raw_data_publisher', 'symlink_install': False, 'test_result_base': None}
[0.246s] INFO:colcon.colcon_core.executor:Executing jobs using 'parallel' executor
[0.247s] DEBUG:colcon.colcon_parallel_executor.executor.parallel:run_until_complete
[0.247s] INFO:colcon.colcon_ros.task.ament_python.build:Building ROS package in '/home/charles/ros2_ws/src/brain' with build type 'ament_python'
[0.247s] Level 1:colcon.colcon_core.shell:create_environment_hook('brain', 'ament_prefix_path')
[0.250s] INFO:colcon.colcon_core.plugin_system:Skipping extension 'colcon_core.shell.bat': Not used on non-Windows systems
[0.250s] INFO:colcon.colcon_core.shell:Creating environment hook '/home/charles/ros2_ws/install/brain/share/brain/hook/ament_prefix_path.ps1'
[0.251s] INFO:colcon.colcon_core.shell:Creating environment descriptor '/home/charles/ros2_ws/install/brain/share/brain/hook/ament_prefix_path.dsv'
[0.252s] INFO:colcon.colcon_core.shell:Creating environment hook '/home/charles/ros2_ws/install/brain/share/brain/hook/ament_prefix_path.sh'
[0.253s] INFO:colcon.colcon_core.shell:Skip shell extension 'powershell' for command environment: Not usable outside of PowerShell
[0.254s] DEBUG:colcon.colcon_core.shell:Skip shell extension 'dsv' for command environment
[0.257s] INFO:colcon.colcon_ros.task.ament_python.build:Building ROS package in '/home/charles/ros2_ws/src/data_processor' with build type 'ament_python'
[0.257s] Level 1:colcon.colcon_core.shell:create_environment_hook('data_processor', 'ament_prefix_path')
[0.258s] INFO:colcon.colcon_core.shell:Creating environment hook '/home/charles/ros2_ws/install/data_processor/share/data_processor/hook/ament_prefix_path.ps1'
[0.258s] INFO:colcon.colcon_core.shell:Creating environment descriptor '/home/charles/ros2_ws/install/data_processor/share/data_processor/hook/ament_prefix_path.dsv'
[0.258s] INFO:colcon.colcon_core.shell:Creating environment hook '/home/charles/ros2_ws/install/data_processor/share/data_processor/hook/ament_prefix_path.sh'
[0.259s] INFO:colcon.colcon_core.shell:Skip shell extension 'powershell' for command environment: Not usable outside of PowerShell
[0.259s] DEBUG:colcon.colcon_core.shell:Skip shell extension 'dsv' for command environment
[0.262s] INFO:colcon.colcon_ros.task.ament_python.build:Building ROS package in '/home/charles/ros2_ws/src/depth_processor' with build type 'ament_python'
[0.262s] Level 1:colcon.colcon_core.shell:create_environment_hook('depth_processor', 'ament_prefix_path')
[0.262s] INFO:colcon.colcon_core.shell:Creating environment hook '/home/charles/ros2_ws/install/depth_processor/share/depth_processor/hook/ament_prefix_path.ps1'
[0.263s] INFO:colcon.colcon_core.shell:Creating environment descriptor '/home/charles/ros2_ws/install/depth_processor/share/depth_processor/hook/ament_prefix_path.dsv'
[0.263s] INFO:colcon.colcon_core.shell:Creating environment hook '/home/charles/ros2_ws/install/depth_processor/share/depth_processor/hook/ament_prefix_path.sh'
[0.264s] INFO:colcon.colcon_core.shell:Skip shell extension 'powershell' for command environment: Not usable outside of PowerShell
[0.264s] DEBUG:colcon.colcon_core.shell:Skip shell extension 'dsv' for command environment
[0.266s] INFO:colcon.colcon_ros.task.ament_python.build:Building ROS package in '/home/charles/ros2_ws/src/joy_publisher' with build type 'ament_python'
[0.266s] Level 1:colcon.colcon_core.shell:create_environment_hook('joy_publisher', 'ament_prefix_path')
[0.267s] INFO:colcon.colcon_core.shell:Creating environment hook '/home/charles/ros2_ws/install/joy_publisher/share/joy_publisher/hook/ament_prefix_path.ps1'
[0.267s] INFO:colcon.colcon_core.shell:Creating environment descriptor '/home/charles/ros2_ws/install/joy_publisher/share/joy_publisher/hook/ament_prefix_path.dsv'
[0.267s] INFO:colcon.colcon_core.shell:Creating environment hook '/home/charles/ros2_ws/install/joy_publisher/share/joy_publisher/hook/ament_prefix_path.sh'
[0.268s] INFO:colcon.colcon_core.shell:Skip shell extension 'powershell' for command environment: Not usable outside of PowerShell
[0.268s] DEBUG:colcon.colcon_core.shell:Skip shell extension 'dsv' for command environment
[0.270s] INFO:colcon.colcon_ros.task.ament_python.build:Building ROS package in '/home/charles/ros2_ws/src/raw_data_publisher' with build type 'ament_python'
[0.270s] Level 1:colcon.colcon_core.shell:create_environment_hook('raw_data_publisher', 'ament_prefix_path')
[0.271s] INFO:colcon.colcon_core.shell:Creating environment hook '/home/charles/ros2_ws/install/raw_data_publisher/share/raw_data_publisher/hook/ament_prefix_path.ps1'
[0.271s] INFO:colcon.colcon_core.shell:Creating environment descriptor '/home/charles/ros2_ws/install/raw_data_publisher/share/raw_data_publisher/hook/ament_prefix_path.dsv'
[0.272s] INFO:colcon.colcon_core.shell:Creating environment hook '/home/charles/ros2_ws/install/raw_data_publisher/share/raw_data_publisher/hook/ament_prefix_path.sh'
[0.272s] INFO:colcon.colcon_core.shell:Skip shell extension 'powershell' for command environment: Not usable outside of PowerShell
[0.272s] DEBUG:colcon.colcon_core.shell:Skip shell extension 'dsv' for command environment
[0.498s] INFO:colcon.colcon_core.task.python.build:Building Python package in '/home/charles/ros2_ws/src/brain'
[0.498s] INFO:colcon.colcon_core.shell:Skip shell extension 'powershell' for command environment: Not usable outside of PowerShell
[0.498s] DEBUG:colcon.colcon_core.shell:Skip shell extension 'dsv' for command environment
[0.715s] INFO:colcon.colcon_core.task.python.build:Building Python package in '/home/charles/ros2_ws/src/data_processor'
[0.716s] INFO:colcon.colcon_core.shell:Skip shell extension 'powershell' for command environment: Not usable outside of PowerShell
[0.716s] DEBUG:colcon.colcon_core.shell:Skip shell extension 'dsv' for command environment
[0.929s] INFO:colcon.colcon_core.task.python.build:Building Python package in '/home/charles/ros2_ws/src/depth_processor'
[0.929s] INFO:colcon.colcon_core.shell:Skip shell extension 'powershell' for command environment: Not usable outside of PowerShell
[0.929s] DEBUG:colcon.colcon_core.shell:Skip shell extension 'dsv' for command environment
[1.170s] INFO:colcon.colcon_core.task.python.build:Building Python package in '/home/charles/ros2_ws/src/joy_publisher'
[1.170s] INFO:colcon.colcon_core.shell:Skip shell extension 'powershell' for command environment: Not usable outside of PowerShell
[1.170s] DEBUG:colcon.colcon_core.shell:Skip shell extension 'dsv' for command environment
[1.400s] WARNING:colcon.colcon_ros.task.ament_python.build:Package 'raw_data_publisher' doesn't explicitly install a marker in the package index (colcon-ros currently does it implicitly but that fallback will be removed in the future)
[1.401s] WARNING:colcon.colcon_ros.task.ament_python.build:Package 'raw_data_publisher' doesn't explicitly install the 'package.xml' file (colcon-ros currently does it implicitly but that fallback will be removed in the future)
[1.401s] INFO:colcon.colcon_core.task.python.build:Building Python package in '/home/charles/ros2_ws/src/raw_data_publisher'
[1.401s] INFO:colcon.colcon_core.shell:Skip shell extension 'powershell' for command environment: Not usable outside of PowerShell
[1.401s] DEBUG:colcon.colcon_core.shell:Skip shell extension 'dsv' for command environment
[2.222s] DEBUG:colcon.colcon_core.event_handler.log_command:Invoking command in '/home/charles/ros2_ws/src/brain': DEBUGINFOD_URLS=https://debuginfod.ubuntu.com PYTHONPATH=/home/charles/ros2_ws/build/brain/prefix_override:/usr/lib/python3/dist-packages/colcon_core/task/python/colcon_distutils_commands:/home/charles/ros2_ws/install/brain/lib/python3.12/site-packages:${PYTHONPATH} /usr/bin/python3 -W ignore:setup.py install is deprecated -W ignore:easy_install command is deprecated setup.py egg_info --egg-base ../../build/brain build --build-base /home/charles/ros2_ws/build/brain/build install --record /home/charles/ros2_ws/build/brain/install.log --single-version-externally-managed install_data
[2.233s] DEBUG:colcon.colcon_core.event_handler.log_command:Invoking command in '/home/charles/ros2_ws/src/joy_publisher': DEBUGINFOD_URLS=https://debuginfod.ubuntu.com PYTHONPATH=/home/charles/ros2_ws/build/joy_publisher/prefix_override:/usr/lib/python3/dist-packages/colcon_core/task/python/colcon_distutils_commands:/home/charles/ros2_ws/install/joy_publisher/lib/python3.12/site-packages:${PYTHONPATH} /usr/bin/python3 -W ignore:setup.py install is deprecated -W ignore:easy_install command is deprecated setup.py egg_info --egg-base ../../build/joy_publisher build --build-base /home/charles/ros2_ws/build/joy_publisher/build install --record /home/charles/ros2_ws/build/joy_publisher/install.log --single-version-externally-managed install_data
[2.255s] DEBUG:colcon.colcon_core.event_handler.log_command:Invoking command in '/home/charles/ros2_ws/src/data_processor': DEBUGINFOD_URLS=https://debuginfod.ubuntu.com PYTHONPATH=/home/charles/ros2_ws/build/data_processor/prefix_override:/usr/lib/python3/dist-packages/colcon_core/task/python/colcon_distutils_commands:/home/charles/ros2_ws/install/data_processor/lib/python3.12/site-packages:${PYTHONPATH} /usr/bin/python3 -W ignore:setup.py install is deprecated -W ignore:easy_install command is deprecated setup.py egg_info --egg-base ../../build/data_processor build --build-base /home/charles/ros2_ws/build/data_processor/build install --record /home/charles/ros2_ws/build/data_processor/install.log --single-version-externally-managed install_data
[2.716s] DEBUG:colcon.colcon_core.event_handler.log_command:Invoking command in '/home/charles/ros2_ws/src/depth_processor': DEBUGINFOD_URLS=https://debuginfod.ubuntu.com PYTHONPATH=/home/charles/ros2_ws/build/depth_processor/prefix_override:/usr/lib/python3/dist-packages/colcon_core/task/python/colcon_distutils_commands:/home/charles/ros2_ws/install/depth_processor/lib/python3.12/site-packages:${PYTHONPATH} /usr/bin/python3 -W ignore:setup.py install is deprecated -W ignore:easy_install command is deprecated setup.py egg_info --egg-base ../../build/depth_processor build --build-base /home/charles/ros2_ws/build/depth_processor/build install --record /home/charles/ros2_ws/build/depth_processor/install.log --single-version-externally-managed install_data
[2.722s] DEBUG:colcon.colcon_core.event_handler.log_command:Invoking command in '/home/charles/ros2_ws/src/raw_data_publisher': DEBUGINFOD_URLS=https://debuginfod.ubuntu.com PYTHONPATH=/home/charles/ros2_ws/build/raw_data_publisher/prefix_override:/usr/lib/python3/dist-packages/colcon_core/task/python/colcon_distutils_commands:/home/charles/ros2_ws/install/raw_data_publisher/lib/python3.12/site-packages:${PYTHONPATH} /usr/bin/python3 -W ignore:setup.py install is deprecated -W ignore:easy_install command is deprecated setup.py egg_info --egg-base ../../build/raw_data_publisher build --build-base /home/charles/ros2_ws/build/raw_data_publisher/build install --record /home/charles/ros2_ws/build/raw_data_publisher/install.log --single-version-externally-managed
[3.045s] DEBUG:colcon.colcon_core.event_handler.log_command:Invoked command in '/home/charles/ros2_ws/src/joy_publisher' returned '0': DEBUGINFOD_URLS=https://debuginfod.ubuntu.com PYTHONPATH=/home/charles/ros2_ws/build/joy_publisher/prefix_override:/usr/lib/python3/dist-packages/colcon_core/task/python/colcon_distutils_commands:/home/charles/ros2_ws/install/joy_publisher/lib/python3.12/site-packages:${PYTHONPATH} /usr/bin/python3 -W ignore:setup.py install is deprecated -W ignore:easy_install command is deprecated setup.py egg_info --egg-base ../../build/joy_publisher build --build-base /home/charles/ros2_ws/build/joy_publisher/build install --record /home/charles/ros2_ws/build/joy_publisher/install.log --single-version-externally-managed install_data
[3.049s] Level 1:colcon.colcon_core.environment:checking '/home/charles/ros2_ws/install/joy_publisher' for CMake module files
[3.050s] Level 1:colcon.colcon_core.environment:checking '/home/charles/ros2_ws/install/joy_publisher' for CMake config files
[3.051s] Level 1:colcon.colcon_core.environment:checking '/home/charles/ros2_ws/install/joy_publisher/lib'
[3.051s] Level 1:colcon.colcon_core.environment:checking '/home/charles/ros2_ws/install/joy_publisher/bin'
[3.051s] Level 1:colcon.colcon_core.environment:checking '/home/charles/ros2_ws/install/joy_publisher/lib/pkgconfig/joy_publisher.pc'
[3.052s] Level 1:colcon.colcon_core.environment:checking '/home/charles/ros2_ws/install/joy_publisher/lib/python3.12/site-packages'
[3.052s] Level 1:colcon.colcon_core.shell:create_environment_hook('joy_publisher', 'pythonpath')
[3.052s] INFO:colcon.colcon_core.shell:Creating environment hook '/home/charles/ros2_ws/install/joy_publisher/share/joy_publisher/hook/pythonpath.ps1'
[3.053s] INFO:colcon.colcon_core.shell:Creating environment descriptor '/home/charles/ros2_ws/install/joy_publisher/share/joy_publisher/hook/pythonpath.dsv'
[3.054s] INFO:colcon.colcon_core.shell:Creating environment hook '/home/charles/ros2_ws/install/joy_publisher/share/joy_publisher/hook/pythonpath.sh'
[3.055s] Level 1:colcon.colcon_core.environment:checking '/home/charles/ros2_ws/install/joy_publisher/bin'
[3.055s] Level 1:colcon.colcon_core.environment:create_environment_scripts_only(joy_publisher)
[3.055s] INFO:colcon.colcon_core.shell:Creating package script '/home/charles/ros2_ws/install/joy_publisher/share/joy_publisher/package.ps1'
[3.057s] INFO:colcon.colcon_core.shell:Creating package descriptor '/home/charles/ros2_ws/install/joy_publisher/share/joy_publisher/package.dsv'
[3.058s] INFO:colcon.colcon_core.shell:Creating package script '/home/charles/ros2_ws/install/joy_publisher/share/joy_publisher/package.sh'
[3.060s] INFO:colcon.colcon_core.shell:Creating package script '/home/charles/ros2_ws/install/joy_publisher/share/joy_publisher/package.bash'
[3.061s] INFO:colcon.colcon_core.shell:Creating package script '/home/charles/ros2_ws/install/joy_publisher/share/joy_publisher/package.zsh'
[3.063s] Level 1:colcon.colcon_core.environment:create_file_with_runtime_dependencies(/home/charles/ros2_ws/install/joy_publisher/share/colcon-core/packages/joy_publisher)
[3.083s] Level 1:colcon.colcon_core.environment:checking '/home/charles/ros2_ws/install/data_processor' for CMake module files
[3.084s] DEBUG:colcon.colcon_core.event_handler.log_command:Invoked command in '/home/charles/ros2_ws/src/data_processor' returned '0': DEBUGINFOD_URLS=https://debuginfod.ubuntu.com PYTHONPATH=/home/charles/ros2_ws/build/data_processor/prefix_override:/usr/lib/python3/dist-packages/colcon_core/task/python/colcon_distutils_commands:/home/charles/ros2_ws/install/data_processor/lib/python3.12/site-packages:${PYTHONPATH} /usr/bin/python3 -W ignore:setup.py install is deprecated -W ignore:easy_install command is deprecated setup.py egg_info --egg-base ../../build/data_processor build --build-base /home/charles/ros2_ws/build/data_processor/build install --record /home/charles/ros2_ws/build/data_processor/install.log --single-version-externally-managed install_data
[3.084s] Level 1:colcon.colcon_core.environment:checking '/home/charles/ros2_ws/install/data_processor' for CMake config files
[3.085s] Level 1:colcon.colcon_core.environment:checking '/home/charles/ros2_ws/install/data_processor/lib'
[3.085s] Level 1:colcon.colcon_core.environment:checking '/home/charles/ros2_ws/install/data_processor/bin'
[3.085s] Level 1:colcon.colcon_core.environment:checking '/home/charles/ros2_ws/install/data_processor/lib/pkgconfig/data_processor.pc'
[3.085s] Level 1:colcon.colcon_core.environment:checking '/home/charles/ros2_ws/install/data_processor/lib/python3.12/site-packages'
[3.085s] Level 1:colcon.colcon_core.shell:create_environment_hook('data_processor', 'pythonpath')
[3.086s] INFO:colcon.colcon_core.shell:Creating environment hook '/home/charles/ros2_ws/install/data_processor/share/data_processor/hook/pythonpath.ps1'
[3.086s] INFO:colcon.colcon_core.shell:Creating environment descriptor '/home/charles/ros2_ws/install/data_processor/share/data_processor/hook/pythonpath.dsv'
[3.087s] INFO:colcon.colcon_core.shell:Creating environment hook '/home/charles/ros2_ws/install/data_processor/share/data_processor/hook/pythonpath.sh'
[3.087s] Level 1:colcon.colcon_core.environment:checking '/home/charles/ros2_ws/install/data_processor/bin'
[3.087s] Level 1:colcon.colcon_core.environment:create_environment_scripts_only(data_processor)
[3.088s] INFO:colcon.colcon_core.shell:Creating package script '/home/charles/ros2_ws/install/data_processor/share/data_processor/package.ps1'
[3.088s] INFO:colcon.colcon_core.shell:Creating package descriptor '/home/charles/ros2_ws/install/data_processor/share/data_processor/package.dsv'
[3.089s] INFO:colcon.colcon_core.shell:Creating package script '/home/charles/ros2_ws/install/data_processor/share/data_processor/package.sh'
[3.089s] INFO:colcon.colcon_core.shell:Creating package script '/home/charles/ros2_ws/install/data_processor/share/data_processor/package.bash'
[3.090s] INFO:colcon.colcon_core.shell:Creating package script '/home/charles/ros2_ws/install/data_processor/share/data_processor/package.zsh'
[3.090s] Level 1:colcon.colcon_core.environment:create_file_with_runtime_dependencies(/home/charles/ros2_ws/install/data_processor/share/colcon-core/packages/data_processor)
[3.167s] Level 1:colcon.colcon_core.environment:checking '/home/charles/ros2_ws/install/brain' for CMake module files
[3.167s] DEBUG:colcon.colcon_core.event_handler.log_command:Invoked command in '/home/charles/ros2_ws/src/brain' returned '0': DEBUGINFOD_URLS=https://debuginfod.ubuntu.com PYTHONPATH=/home/charles/ros2_ws/build/brain/prefix_override:/usr/lib/python3/dist-packages/colcon_core/task/python/colcon_distutils_commands:/home/charles/ros2_ws/install/brain/lib/python3.12/site-packages:${PYTHONPATH} /usr/bin/python3 -W ignore:setup.py install is deprecated -W ignore:easy_install command is deprecated setup.py egg_info --egg-base ../../build/brain build --build-base /home/charles/ros2_ws/build/brain/build install --record /home/charles/ros2_ws/build/brain/install.log --single-version-externally-managed install_data
[3.168s] Level 1:colcon.colcon_core.environment:checking '/home/charles/ros2_ws/install/brain' for CMake config files
[3.168s] Level 1:colcon.colcon_core.environment:checking '/home/charles/ros2_ws/install/brain/lib'
[3.168s] Level 1:colcon.colcon_core.environment:checking '/home/charles/ros2_ws/install/brain/bin'
[3.168s] Level 1:colcon.colcon_core.environment:checking '/home/charles/ros2_ws/install/brain/lib/pkgconfig/brain.pc'
[3.168s] Level 1:colcon.colcon_core.environment:checking '/home/charles/ros2_ws/install/brain/lib/python3.12/site-packages'
[3.169s] Level 1:colcon.colcon_core.shell:create_environment_hook('brain', 'pythonpath')
[3.169s] INFO:colcon.colcon_core.shell:Creating environment hook '/home/charles/ros2_ws/install/brain/share/brain/hook/pythonpath.ps1'
[3.169s] INFO:colcon.colcon_core.shell:Creating environment descriptor '/home/charles/ros2_ws/install/brain/share/brain/hook/pythonpath.dsv'
[3.170s] INFO:colcon.colcon_core.shell:Creating environment hook '/home/charles/ros2_ws/install/brain/share/brain/hook/pythonpath.sh'
[3.170s] Level 1:colcon.colcon_core.environment:checking '/home/charles/ros2_ws/install/brain/bin'
[3.170s] Level 1:colcon.colcon_core.environment:create_environment_scripts_only(brain)
[3.171s] INFO:colcon.colcon_core.shell:Creating package script '/home/charles/ros2_ws/install/brain/share/brain/package.ps1'
[3.171s] INFO:colcon.colcon_core.shell:Creating package descriptor '/home/charles/ros2_ws/install/brain/share/brain/package.dsv'
[3.172s] INFO:colcon.colcon_core.shell:Creating package script '/home/charles/ros2_ws/install/brain/share/brain/package.sh'
[3.172s] INFO:colcon.colcon_core.shell:Creating package script '/home/charles/ros2_ws/install/brain/share/brain/package.bash'
[3.172s] INFO:colcon.colcon_core.shell:Creating package script '/home/charles/ros2_ws/install/brain/share/brain/package.zsh'
[3.173s] Level 1:colcon.colcon_core.environment:create_file_with_runtime_dependencies(/home/charles/ros2_ws/install/brain/share/colcon-core/packages/brain)
[3.459s] Level 1:colcon.colcon_core.environment:checking '/home/charles/ros2_ws/install/raw_data_publisher' for CMake module files
[3.460s] DEBUG:colcon.colcon_core.event_handler.log_command:Invoked command in '/home/charles/ros2_ws/src/raw_data_publisher' returned '0': DEBUGINFOD_URLS=https://debuginfod.ubuntu.com PYTHONPATH=/home/charles/ros2_ws/build/raw_data_publisher/prefix_override:/usr/lib/python3/dist-packages/colcon_core/task/python/colcon_distutils_commands:/home/charles/ros2_ws/install/raw_data_publisher/lib/python3.12/site-packages:${PYTHONPATH} /usr/bin/python3 -W ignore:setup.py install is deprecated -W ignore:easy_install command is deprecated setup.py egg_info --egg-base ../../build/raw_data_publisher build --build-base /home/charles/ros2_ws/build/raw_data_publisher/build install --record /home/charles/ros2_ws/build/raw_data_publisher/install.log --single-version-externally-managed
[3.460s] Level 1:colcon.colcon_core.environment:checking '/home/charles/ros2_ws/install/raw_data_publisher' for CMake config files
[3.461s] Level 1:colcon.colcon_core.environment:checking '/home/charles/ros2_ws/install/raw_data_publisher/lib'
[3.461s] Level 1:colcon.colcon_core.environment:checking '/home/charles/ros2_ws/install/raw_data_publisher/bin'
[3.461s] Level 1:colcon.colcon_core.environment:checking '/home/charles/ros2_ws/install/raw_data_publisher/lib/pkgconfig/raw_data_publisher.pc'
[3.462s] Level 1:colcon.colcon_core.environment:checking '/home/charles/ros2_ws/install/raw_data_publisher/lib/python3.12/site-packages'
[3.462s] Level 1:colcon.colcon_core.shell:create_environment_hook('raw_data_publisher', 'pythonpath')
[3.462s] INFO:colcon.colcon_core.shell:Creating environment hook '/home/charles/ros2_ws/install/raw_data_publisher/share/raw_data_publisher/hook/pythonpath.ps1'
[3.463s] INFO:colcon.colcon_core.shell:Creating environment descriptor '/home/charles/ros2_ws/install/raw_data_publisher/share/raw_data_publisher/hook/pythonpath.dsv'
[3.463s] INFO:colcon.colcon_core.shell:Creating environment hook '/home/charles/ros2_ws/install/raw_data_publisher/share/raw_data_publisher/hook/pythonpath.sh'
[3.464s] Level 1:colcon.colcon_core.environment:checking '/home/charles/ros2_ws/install/raw_data_publisher/bin'
[3.464s] Level 1:colcon.colcon_core.environment:create_environment_scripts_only(raw_data_publisher)
[3.465s] INFO:colcon.colcon_core.shell:Creating package script '/home/charles/ros2_ws/install/raw_data_publisher/share/raw_data_publisher/package.ps1'
[3.465s] INFO:colcon.colcon_core.shell:Creating package descriptor '/home/charles/ros2_ws/install/raw_data_publisher/share/raw_data_publisher/package.dsv'
[3.466s] INFO:colcon.colcon_core.shell:Creating package script '/home/charles/ros2_ws/install/raw_data_publisher/share/raw_data_publisher/package.sh'
[3.467s] INFO:colcon.colcon_core.shell:Creating package script '/home/charles/ros2_ws/install/raw_data_publisher/share/raw_data_publisher/package.bash'
[3.467s] INFO:colcon.colcon_core.shell:Creating package script '/home/charles/ros2_ws/install/raw_data_publisher/share/raw_data_publisher/package.zsh'
[3.468s] Level 1:colcon.colcon_core.environment:create_file_with_runtime_dependencies(/home/charles/ros2_ws/install/raw_data_publisher/share/colcon-core/packages/raw_data_publisher)
[3.569s] Level 1:colcon.colcon_core.environment:checking '/home/charles/ros2_ws/install/depth_processor' for CMake module files
[3.570s] DEBUG:colcon.colcon_core.event_handler.log_command:Invoked command in '/home/charles/ros2_ws/src/depth_processor' returned '0': DEBUGINFOD_URLS=https://debuginfod.ubuntu.com PYTHONPATH=/home/charles/ros2_ws/build/depth_processor/prefix_override:/usr/lib/python3/dist-packages/colcon_core/task/python/colcon_distutils_commands:/home/charles/ros2_ws/install/depth_processor/lib/python3.12/site-packages:${PYTHONPATH} /usr/bin/python3 -W ignore:setup.py install is deprecated -W ignore:easy_install command is deprecated setup.py egg_info --egg-base ../../build/depth_processor build --build-base /home/charles/ros2_ws/build/depth_processor/build install --record /home/charles/ros2_ws/build/depth_processor/install.log --single-version-externally-managed install_data
[3.570s] Level 1:colcon.colcon_core.environment:checking '/home/charles/ros2_ws/install/depth_processor' for CMake config files
[3.571s] Level 1:colcon.colcon_core.environment:checking '/home/charles/ros2_ws/install/depth_processor/lib'
[3.571s] Level 1:colcon.colcon_core.environment:checking '/home/charles/ros2_ws/install/depth_processor/bin'
[3.571s] Level 1:colcon.colcon_core.environment:checking '/home/charles/ros2_ws/install/depth_processor/lib/pkgconfig/depth_processor.pc'
[3.571s] Level 1:colcon.colcon_core.environment:checking '/home/charles/ros2_ws/install/depth_processor/lib/python3.12/site-packages'
[3.571s] Level 1:colcon.colcon_core.shell:create_environment_hook('depth_processor', 'pythonpath')
[3.571s] INFO:colcon.colcon_core.shell:Creating environment hook '/home/charles/ros2_ws/install/depth_processor/share/depth_processor/hook/pythonpath.ps1'
[3.572s] INFO:colcon.colcon_core.shell:Creating environment descriptor '/home/charles/ros2_ws/install/depth_processor/share/depth_processor/hook/pythonpath.dsv'
[3.572s] INFO:colcon.colcon_core.shell:Creating environment hook '/home/charles/ros2_ws/install/depth_processor/share/depth_processor/hook/pythonpath.sh'
[3.572s] Level 1:colcon.colcon_core.environment:checking '/home/charles/ros2_ws/install/depth_processor/bin'
[3.572s] Level 1:colcon.colcon_core.environment:create_environment_scripts_only(depth_processor)
[3.572s] INFO:colcon.colcon_core.shell:Creating package script '/home/charles/ros2_ws/install/depth_processor/share/depth_processor/package.ps1'
[3.573s] INFO:colcon.colcon_core.shell:Creating package descriptor '/home/charles/ros2_ws/install/depth_processor/share/depth_processor/package.dsv'
[3.573s] INFO:colcon.colcon_core.shell:Creating package script '/home/charles/ros2_ws/install/depth_processor/share/depth_processor/package.sh'
[3.573s] INFO:colcon.colcon_core.shell:Creating package script '/home/charles/ros2_ws/install/depth_processor/share/depth_processor/package.bash'
[3.574s] INFO:colcon.colcon_core.shell:Creating package script '/home/charles/ros2_ws/install/depth_processor/share/depth_processor/package.zsh'
[3.574s] Level 1:colcon.colcon_core.environment:create_file_with_runtime_dependencies(/home/charles/ros2_ws/install/depth_processor/share/colcon-core/packages/depth_processor)
[3.574s] DEBUG:colcon.colcon_parallel_executor.executor.parallel:closing loop
[3.574s] DEBUG:colcon.colcon_parallel_executor.executor.parallel:loop closed
[3.575s] DEBUG:colcon.colcon_parallel_executor.executor.parallel:run_until_complete finished with '0'
[3.575s] DEBUG:colcon.colcon_core.event_reactor:joining thread
[3.580s] INFO:colcon.colcon_core.plugin_system:Skipping extension 'colcon_notification.desktop_notification.terminal_notifier': Not used on non-Darwin systems
[3.581s] INFO:colcon.colcon_core.plugin_system:Skipping extension 'colcon_notification.desktop_notification.win32': Not used on non-Windows systems
[3.581s] INFO:colcon.colcon_notification.desktop_notification:Sending desktop notification using 'notify2'
[3.595s] DEBUG:colcon.colcon_core.event_reactor:joined thread
[3.595s] INFO:colcon.colcon_core.shell:Creating prefix script '/home/charles/ros2_ws/install/local_setup.ps1'
[3.596s] INFO:colcon.colcon_core.shell:Creating prefix util module '/home/charles/ros2_ws/install/_local_setup_util_ps1.py'
[3.597s] INFO:colcon.colcon_core.shell:Creating prefix chain script '/home/charles/ros2_ws/install/setup.ps1'
[3.597s] INFO:colcon.colcon_core.shell:Creating prefix script '/home/charles/ros2_ws/install/local_setup.sh'
[3.598s] INFO:colcon.colcon_core.shell:Creating prefix util module '/home/charles/ros2_ws/install/_local_setup_util_sh.py'
[3.599s] INFO:colcon.colcon_core.shell:Creating prefix chain script '/home/charles/ros2_ws/install/setup.sh'
[3.600s] INFO:colcon.colcon_core.shell:Creating prefix script '/home/charles/ros2_ws/install/local_setup.bash'
[3.600s] INFO:colcon.colcon_core.shell:Creating prefix chain script '/home/charles/ros2_ws/install/setup.bash'
[3.601s] INFO:colcon.colcon_core.shell:Creating prefix script '/home/charles/ros2_ws/install/local_setup.zsh'
[3.601s] INFO:colcon.colcon_core.shell:Creating prefix chain script '/home/charles/ros2_ws/install/setup.zsh'
