[0.112s] DEBUG:colcon:Command line arguments: ['/usr/bin/colcon', 'build']
[0.112s] DEBUG:colcon:Parsed command line arguments: Namespace(log_base=None, log_level=None, verb_name='build', build_base='build', install_base='install', merge_install=False, symlink_install=False, test_result_base=None, continue_on_error=False, executor='parallel', parallel_workers=8, event_handlers=None, ignore_user_meta=False, metas=['./colcon.meta'], base_paths=['.'], packages_ignore=None, packages_ignore_regex=None, paths=None, packages_up_to=None, packages_up_to_regex=None, packages_above=None, packages_above_and_dependencies=None, packages_above_depth=None, packages_select_by_dep=None, packages_skip_by_dep=None, packages_skip_up_to=None, packages_select_build_failed=False, packages_skip_build_finished=False, packages_select_test_failures=False, packages_skip_test_passed=False, packages_select=None, packages_skip=None, packages_select_regex=None, packages_skip_regex=None, packages_start=None, packages_end=None, allow_overriding=[], cmake_args=None, cmake_target=None, cmake_target_skip_unavailable=False, cmake_clean_cache=False, cmake_clean_first=False, cmake_force_configure=False, ament_cmake_args=None, catkin_cmake_args=None, catkin_skip_building_tests=False, verb_parser=<colcon_defaults.argument_parser.defaults.DefaultArgumentsDecorator object at 0x7b7665381df0>, verb_extension=<colcon_core.verb.build.BuildVerb object at 0x7b7665381d00>, main=<bound method BuildVerb.main of <colcon_core.verb.build.BuildVerb object at 0x7b7665381d00>>)
[0.150s] Level 1:colcon.colcon_core.package_discovery:discover_packages(colcon_meta) check parameters
[0.151s] Level 1:colcon.colcon_core.package_discovery:discover_packages(recursive) check parameters
[0.151s] Level 1:colcon.colcon_core.package_discovery:discover_packages(ignore) check parameters
[0.151s] Level 1:colcon.colcon_core.package_discovery:discover_packages(path) check parameters
[0.151s] Level 1:colcon.colcon_core.package_discovery:discover_packages(colcon_meta) discover
[0.151s] Level 1:colcon.colcon_core.package_discovery:discover_packages(recursive) discover
[0.151s] INFO:colcon.colcon_core.package_discovery:Crawling recursively for packages in '/home/charles/ros2_ws'
[0.151s] Level 1:colcon.colcon_core.package_identification:_identify(.) by extensions ['ignore', 'ignore_ament_install']
[0.151s] Level 1:colcon.colcon_core.package_identification:_identify(.) by extension 'ignore'
[0.151s] Level 1:colcon.colcon_core.package_identification:_identify(.) by extension 'ignore_ament_install'
[0.151s] Level 1:colcon.colcon_core.package_identification:_identify(.) by extensions ['colcon_pkg']
[0.151s] Level 1:colcon.colcon_core.package_identification:_identify(.) by extension 'colcon_pkg'
[0.151s] Level 1:colcon.colcon_core.package_identification:_identify(.) by extensions ['colcon_meta']
[0.151s] Level 1:colcon.colcon_core.package_identification:_identify(.) by extension 'colcon_meta'
[0.151s] Level 1:colcon.colcon_core.package_identification:_identify(.) by extensions ['ros']
[0.151s] Level 1:colcon.colcon_core.package_identification:_identify(.) by extension 'ros'
[0.178s] Level 1:colcon.colcon_core.package_identification:_identify(.) by extensions ['cmake', 'python']
[0.178s] Level 1:colcon.colcon_core.package_identification:_identify(.) by extension 'cmake'
[0.178s] Level 1:colcon.colcon_core.package_identification:_identify(.) by extension 'python'
[0.178s] Level 1:colcon.colcon_core.package_identification:_identify(.) by extensions ['python_setup_py']
[0.178s] Level 1:colcon.colcon_core.package_identification:_identify(.) by extension 'python_setup_py'
[0.179s] Level 1:colcon.colcon_core.package_identification:_identify(build) by extensions ['ignore', 'ignore_ament_install']
[0.179s] Level 1:colcon.colcon_core.package_identification:_identify(build) by extension 'ignore'
[0.179s] Level 1:colcon.colcon_core.package_identification:_identify(build) ignored
[0.179s] Level 1:colcon.colcon_core.package_identification:_identify(install) by extensions ['ignore', 'ignore_ament_install']
[0.179s] Level 1:colcon.colcon_core.package_identification:_identify(install) by extension 'ignore'
[0.179s] Level 1:colcon.colcon_core.package_identification:_identify(install) ignored
[0.179s] Level 1:colcon.colcon_core.package_identification:_identify(log) by extensions ['ignore', 'ignore_ament_install']
[0.179s] Level 1:colcon.colcon_core.package_identification:_identify(log) by extension 'ignore'
[0.179s] Level 1:colcon.colcon_core.package_identification:_identify(log) ignored
[0.179s] Level 1:colcon.colcon_core.package_identification:_identify(src) by extensions ['ignore', 'ignore_ament_install']
[0.179s] Level 1:colcon.colcon_core.package_identification:_identify(src) by extension 'ignore'
[0.179s] Level 1:colcon.colcon_core.package_identification:_identify(src) by extension 'ignore_ament_install'
[0.179s] Level 1:colcon.colcon_core.package_identification:_identify(src) by extensions ['colcon_pkg']
[0.179s] Level 1:colcon.colcon_core.package_identification:_identify(src) by extension 'colcon_pkg'
[0.180s] Level 1:colcon.colcon_core.package_identification:_identify(src) by extensions ['colcon_meta']
[0.180s] Level 1:colcon.colcon_core.package_identification:_identify(src) by extension 'colcon_meta'
[0.180s] Level 1:colcon.colcon_core.package_identification:_identify(src) by extensions ['ros']
[0.180s] Level 1:colcon.colcon_core.package_identification:_identify(src) by extension 'ros'
[0.180s] Level 1:colcon.colcon_core.package_identification:_identify(src) by extensions ['cmake', 'python']
[0.180s] Level 1:colcon.colcon_core.package_identification:_identify(src) by extension 'cmake'
[0.180s] Level 1:colcon.colcon_core.package_identification:_identify(src) by extension 'python'
[0.180s] Level 1:colcon.colcon_core.package_identification:_identify(src) by extensions ['python_setup_py']
[0.180s] Level 1:colcon.colcon_core.package_identification:_identify(src) by extension 'python_setup_py'
[0.180s] Level 1:colcon.colcon_core.package_identification:_identify(src/brain) by extensions ['ignore', 'ignore_ament_install']
[0.180s] Level 1:colcon.colcon_core.package_identification:_identify(src/brain) by extension 'ignore'
[0.180s] Level 1:colcon.colcon_core.package_identification:_identify(src/brain) by extension 'ignore_ament_install'
[0.180s] Level 1:colcon.colcon_core.package_identification:_identify(src/brain) by extensions ['colcon_pkg']
[0.180s] Level 1:colcon.colcon_core.package_identification:_identify(src/brain) by extension 'colcon_pkg'
[0.180s] Level 1:colcon.colcon_core.package_identification:_identify(src/brain) by extensions ['colcon_meta']
[0.180s] Level 1:colcon.colcon_core.package_identification:_identify(src/brain) by extension 'colcon_meta'
[0.180s] Level 1:colcon.colcon_core.package_identification:_identify(src/brain) by extensions ['ros']
[0.180s] Level 1:colcon.colcon_core.package_identification:_identify(src/brain) by extension 'ros'
[0.183s] DEBUG:colcon.colcon_core.package_identification:Package 'src/brain' with type 'ros.ament_python' and name 'brain'
[0.183s] Level 1:colcon.colcon_core.package_identification:_identify(src/data_processor) by extensions ['ignore', 'ignore_ament_install']
[0.183s] Level 1:colcon.colcon_core.package_identification:_identify(src/data_processor) by extension 'ignore'
[0.183s] Level 1:colcon.colcon_core.package_identification:_identify(src/data_processor) by extension 'ignore_ament_install'
[0.183s] Level 1:colcon.colcon_core.package_identification:_identify(src/data_processor) by extensions ['colcon_pkg']
[0.183s] Level 1:colcon.colcon_core.package_identification:_identify(src/data_processor) by extension 'colcon_pkg'
[0.183s] Level 1:colcon.colcon_core.package_identification:_identify(src/data_processor) by extensions ['colcon_meta']
[0.183s] Level 1:colcon.colcon_core.package_identification:_identify(src/data_processor) by extension 'colcon_meta'
[0.183s] Level 1:colcon.colcon_core.package_identification:_identify(src/data_processor) by extensions ['ros']
[0.184s] Level 1:colcon.colcon_core.package_identification:_identify(src/data_processor) by extension 'ros'
[0.184s] DEBUG:colcon.colcon_core.package_identification:Package 'src/data_processor' with type 'ros.ament_python' and name 'data_processor'
[0.184s] Level 1:colcon.colcon_core.package_identification:_identify(src/depth_processor) by extensions ['ignore', 'ignore_ament_install']
[0.184s] Level 1:colcon.colcon_core.package_identification:_identify(src/depth_processor) by extension 'ignore'
[0.184s] Level 1:colcon.colcon_core.package_identification:_identify(src/depth_processor) by extension 'ignore_ament_install'
[0.184s] Level 1:colcon.colcon_core.package_identification:_identify(src/depth_processor) by extensions ['colcon_pkg']
[0.184s] Level 1:colcon.colcon_core.package_identification:_identify(src/depth_processor) by extension 'colcon_pkg'
[0.184s] Level 1:colcon.colcon_core.package_identification:_identify(src/depth_processor) by extensions ['colcon_meta']
[0.184s] Level 1:colcon.colcon_core.package_identification:_identify(src/depth_processor) by extension 'colcon_meta'
[0.184s] Level 1:colcon.colcon_core.package_identification:_identify(src/depth_processor) by extensions ['ros']
[0.184s] Level 1:colcon.colcon_core.package_identification:_identify(src/depth_processor) by extension 'ros'
[0.185s] DEBUG:colcon.colcon_core.package_identification:Package 'src/depth_processor' with type 'ros.ament_python' and name 'depth_processor'
[0.185s] Level 1:colcon.colcon_core.package_identification:_identify(src/joy_publisher) by extensions ['ignore', 'ignore_ament_install']
[0.185s] Level 1:colcon.colcon_core.package_identification:_identify(src/joy_publisher) by extension 'ignore'
[0.185s] Level 1:colcon.colcon_core.package_identification:_identify(src/joy_publisher) by extension 'ignore_ament_install'
[0.185s] Level 1:colcon.colcon_core.package_identification:_identify(src/joy_publisher) by extensions ['colcon_pkg']
[0.185s] Level 1:colcon.colcon_core.package_identification:_identify(src/joy_publisher) by extension 'colcon_pkg'
[0.185s] Level 1:colcon.colcon_core.package_identification:_identify(src/joy_publisher) by extensions ['colcon_meta']
[0.185s] Level 1:colcon.colcon_core.package_identification:_identify(src/joy_publisher) by extension 'colcon_meta'
[0.185s] Level 1:colcon.colcon_core.package_identification:_identify(src/joy_publisher) by extensions ['ros']
[0.185s] Level 1:colcon.colcon_core.package_identification:_identify(src/joy_publisher) by extension 'ros'
[0.186s] DEBUG:colcon.colcon_core.package_identification:Package 'src/joy_publisher' with type 'ros.ament_python' and name 'joy_publisher'
[0.186s] Level 1:colcon.colcon_core.package_identification:_identify(src/raw_data_publisher) by extensions ['ignore', 'ignore_ament_install']
[0.186s] Level 1:colcon.colcon_core.package_identification:_identify(src/raw_data_publisher) by extension 'ignore'
[0.186s] Level 1:colcon.colcon_core.package_identification:_identify(src/raw_data_publisher) by extension 'ignore_ament_install'
[0.186s] Level 1:colcon.colcon_core.package_identification:_identify(src/raw_data_publisher) by extensions ['colcon_pkg']
[0.186s] Level 1:colcon.colcon_core.package_identification:_identify(src/raw_data_publisher) by extension 'colcon_pkg'
[0.186s] Level 1:colcon.colcon_core.package_identification:_identify(src/raw_data_publisher) by extensions ['colcon_meta']
[0.186s] Level 1:colcon.colcon_core.package_identification:_identify(src/raw_data_publisher) by extension 'colcon_meta'
[0.186s] Level 1:colcon.colcon_core.package_identification:_identify(src/raw_data_publisher) by extensions ['ros']
[0.186s] Level 1:colcon.colcon_core.package_identification:_identify(src/raw_data_publisher) by extension 'ros'
[0.187s] DEBUG:colcon.colcon_core.package_identification:Package 'src/raw_data_publisher' with type 'ros.ament_python' and name 'raw_data_publisher'
[0.187s] Level 1:colcon.colcon_core.package_discovery:discover_packages(recursive) using defaults
[0.187s] Level 1:colcon.colcon_core.package_discovery:discover_packages(ignore) discover
[0.187s] Level 1:colcon.colcon_core.package_discovery:discover_packages(ignore) using defaults
[0.187s] Level 1:colcon.colcon_core.package_discovery:discover_packages(path) discover
[0.187s] Level 1:colcon.colcon_core.package_discovery:discover_packages(path) using defaults
[0.208s] Level 1:colcon.colcon_core.package_discovery:discover_packages(prefix_path) check parameters
[0.208s] Level 1:colcon.colcon_core.package_discovery:discover_packages(prefix_path) discover
[0.210s] DEBUG:colcon.colcon_installed_package_information.package_discovery:Found 5 installed packages in /home/charles/ros2_ws/install
[0.211s] DEBUG:colcon.colcon_installed_package_information.package_discovery:Found 307 installed packages in /opt/ros/jazzy
[0.212s] Level 1:colcon.colcon_core.package_discovery:discover_packages(prefix_path) using defaults
[0.257s] Level 5:colcon.colcon_core.verb:set package 'brain' build argument 'cmake_args' from command line to 'None'
[0.257s] Level 5:colcon.colcon_core.verb:set package 'brain' build argument 'cmake_target' from command line to 'None'
[0.257s] Level 5:colcon.colcon_core.verb:set package 'brain' build argument 'cmake_target_skip_unavailable' from command line to 'False'
[0.257s] Level 5:colcon.colcon_core.verb:set package 'brain' build argument 'cmake_clean_cache' from command line to 'False'
[0.257s] Level 5:colcon.colcon_core.verb:set package 'brain' build argument 'cmake_clean_first' from command line to 'False'
[0.257s] Level 5:colcon.colcon_core.verb:set package 'brain' build argument 'cmake_force_configure' from command line to 'False'
[0.257s] Level 5:colcon.colcon_core.verb:set package 'brain' build argument 'ament_cmake_args' from command line to 'None'
[0.257s] Level 5:colcon.colcon_core.verb:set package 'brain' build argument 'catkin_cmake_args' from command line to 'None'
[0.257s] Level 5:colcon.colcon_core.verb:set package 'brain' build argument 'catkin_skip_building_tests' from command line to 'False'
[0.257s] DEBUG:colcon.colcon_core.verb:Building package 'brain' with the following arguments: {'ament_cmake_args': None, 'build_base': '/home/charles/ros2_ws/build/brain', 'catkin_cmake_args': None, 'catkin_skip_building_tests': False, 'cmake_args': None, 'cmake_clean_cache': False, 'cmake_clean_first': False, 'cmake_force_configure': False, 'cmake_target': None, 'cmake_target_skip_unavailable': False, 'install_base': '/home/charles/ros2_ws/install/brain', 'merge_install': False, 'path': '/home/charles/ros2_ws/src/brain', 'symlink_install': False, 'test_result_base': None}
[0.258s] Level 5:colcon.colcon_core.verb:set package 'data_processor' build argument 'cmake_args' from command line to 'None'
[0.258s] Level 5:colcon.colcon_core.verb:set package 'data_processor' build argument 'cmake_target' from command line to 'None'
[0.258s] Level 5:colcon.colcon_core.verb:set package 'data_processor' build argument 'cmake_target_skip_unavailable' from command line to 'False'
[0.258s] Level 5:colcon.colcon_core.verb:set package 'data_processor' build argument 'cmake_clean_cache' from command line to 'False'
[0.258s] Level 5:colcon.colcon_core.verb:set package 'data_processor' build argument 'cmake_clean_first' from command line to 'False'
[0.258s] Level 5:colcon.colcon_core.verb:set package 'data_processor' build argument 'cmake_force_configure' from command line to 'False'
[0.258s] Level 5:colcon.colcon_core.verb:set package 'data_processor' build argument 'ament_cmake_args' from command line to 'None'
[0.258s] Level 5:colcon.colcon_core.verb:set package 'data_processor' build argument 'catkin_cmake_args' from command line to 'None'
[0.258s] Level 5:colcon.colcon_core.verb:set package 'data_processor' build argument 'catkin_skip_building_tests' from command line to 'False'
[0.258s] DEBUG:colcon.colcon_core.verb:Building package 'data_processor' with the following arguments: {'ament_cmake_args': None, 'build_base': '/home/charles/ros2_ws/build/data_processor', 'catkin_cmake_args': None, 'catkin_skip_building_tests': False, 'cmake_args': None, 'cmake_clean_cache': False, 'cmake_clean_first': False, 'cmake_force_configure': False, 'cmake_target': None, 'cmake_target_skip_unavailable': False, 'install_base': '/home/charles/ros2_ws/install/data_processor', 'merge_install': False, 'path': '/home/charles/ros2_ws/src/data_processor', 'symlink_install': False, 'test_result_base': None}
[0.258s] Level 5:colcon.colcon_core.verb:set package 'depth_processor' build argument 'cmake_args' from command line to 'None'
[0.258s] Level 5:colcon.colcon_core.verb:set package 'depth_processor' build argument 'cmake_target' from command line to 'None'
[0.258s] Level 5:colcon.colcon_core.verb:set package 'depth_processor' build argument 'cmake_target_skip_unavailable' from command line to 'False'
[0.258s] Level 5:colcon.colcon_core.verb:set package 'depth_processor' build argument 'cmake_clean_cache' from command line to 'False'
[0.258s] Level 5:colcon.colcon_core.verb:set package 'depth_processor' build argument 'cmake_clean_first' from command line to 'False'
[0.258s] Level 5:colcon.colcon_core.verb:set package 'depth_processor' build argument 'cmake_force_configure' from command line to 'False'
[0.258s] Level 5:colcon.colcon_core.verb:set package 'depth_processor' build argument 'ament_cmake_args' from command line to 'None'
[0.258s] Level 5:colcon.colcon_core.verb:set package 'depth_processor' build argument 'catkin_cmake_args' from command line to 'None'
[0.258s] Level 5:colcon.colcon_core.verb:set package 'depth_processor' build argument 'catkin_skip_building_tests' from command line to 'False'
[0.258s] DEBUG:colcon.colcon_core.verb:Building package 'depth_processor' with the following arguments: {'ament_cmake_args': None, 'build_base': '/home/charles/ros2_ws/build/depth_processor', 'catkin_cmake_args': None, 'catkin_skip_building_tests': False, 'cmake_args': None, 'cmake_clean_cache': False, 'cmake_clean_first': False, 'cmake_force_configure': False, 'cmake_target': None, 'cmake_target_skip_unavailable': False, 'install_base': '/home/charles/ros2_ws/install/depth_processor', 'merge_install': False, 'path': '/home/charles/ros2_ws/src/depth_processor', 'symlink_install': False, 'test_result_base': None}
[0.259s] Level 5:colcon.colcon_core.verb:set package 'joy_publisher' build argument 'cmake_args' from command line to 'None'
[0.259s] Level 5:colcon.colcon_core.verb:set package 'joy_publisher' build argument 'cmake_target' from command line to 'None'
[0.259s] Level 5:colcon.colcon_core.verb:set package 'joy_publisher' build argument 'cmake_target_skip_unavailable' from command line to 'False'
[0.259s] Level 5:colcon.colcon_core.verb:set package 'joy_publisher' build argument 'cmake_clean_cache' from command line to 'False'
[0.259s] Level 5:colcon.colcon_core.verb:set package 'joy_publisher' build argument 'cmake_clean_first' from command line to 'False'
[0.259s] Level 5:colcon.colcon_core.verb:set package 'joy_publisher' build argument 'cmake_force_configure' from command line to 'False'
[0.259s] Level 5:colcon.colcon_core.verb:set package 'joy_publisher' build argument 'ament_cmake_args' from command line to 'None'
[0.259s] Level 5:colcon.colcon_core.verb:set package 'joy_publisher' build argument 'catkin_cmake_args' from command line to 'None'
[0.259s] Level 5:colcon.colcon_core.verb:set package 'joy_publisher' build argument 'catkin_skip_building_tests' from command line to 'False'
[0.259s] DEBUG:colcon.colcon_core.verb:Building package 'joy_publisher' with the following arguments: {'ament_cmake_args': None, 'build_base': '/home/charles/ros2_ws/build/joy_publisher', 'catkin_cmake_args': None, 'catkin_skip_building_tests': False, 'cmake_args': None, 'cmake_clean_cache': False, 'cmake_clean_first': False, 'cmake_force_configure': False, 'cmake_target': None, 'cmake_target_skip_unavailable': False, 'install_base': '/home/charles/ros2_ws/install/joy_publisher', 'merge_install': False, 'path': '/home/charles/ros2_ws/src/joy_publisher', 'symlink_install': False, 'test_result_base': None}
[0.260s] Level 5:colcon.colcon_core.verb:set package 'raw_data_publisher' build argument 'cmake_args' from command line to 'None'
[0.260s] Level 5:colcon.colcon_core.verb:set package 'raw_data_publisher' build argument 'cmake_target' from command line to 'None'
[0.260s] Level 5:colcon.colcon_core.verb:set package 'raw_data_publisher' build argument 'cmake_target_skip_unavailable' from command line to 'False'
[0.260s] Level 5:colcon.colcon_core.verb:set package 'raw_data_publisher' build argument 'cmake_clean_cache' from command line to 'False'
[0.260s] Level 5:colcon.colcon_core.verb:set package 'raw_data_publisher' build argument 'cmake_clean_first' from command line to 'False'
[0.260s] Level 5:colcon.colcon_core.verb:set package 'raw_data_publisher' build argument 'cmake_force_configure' from command line to 'False'
[0.260s] Level 5:colcon.colcon_core.verb:set package 'raw_data_publisher' build argument 'ament_cmake_args' from command line to 'None'
[0.260s] Level 5:colcon.colcon_core.verb:set package 'raw_data_publisher' build argument 'catkin_cmake_args' from command line to 'None'
[0.260s] Level 5:colcon.colcon_core.verb:set package 'raw_data_publisher' build argument 'catkin_skip_building_tests' from command line to 'False'
[0.260s] DEBUG:colcon.colcon_core.verb:Building package 'raw_data_publisher' with the following arguments: {'ament_cmake_args': None, 'build_base': '/home/charles/ros2_ws/build/raw_data_publisher', 'catkin_cmake_args': None, 'catkin_skip_building_tests': False, 'cmake_args': None, 'cmake_clean_cache': False, 'cmake_clean_first': False, 'cmake_force_configure': False, 'cmake_target': None, 'cmake_target_skip_unavailable': False, 'install_base': '/home/charles/ros2_ws/install/raw_data_publisher', 'merge_install': False, 'path': '/home/charles/ros2_ws/src/raw_data_publisher', 'symlink_install': False, 'test_result_base': None}
[0.260s] INFO:colcon.colcon_core.executor:Executing jobs using 'parallel' executor
[0.261s] DEBUG:colcon.colcon_parallel_executor.executor.parallel:run_until_complete
[0.262s] INFO:colcon.colcon_ros.task.ament_python.build:Building ROS package in '/home/charles/ros2_ws/src/brain' with build type 'ament_python'
[0.262s] Level 1:colcon.colcon_core.shell:create_environment_hook('brain', 'ament_prefix_path')
[0.265s] INFO:colcon.colcon_core.plugin_system:Skipping extension 'colcon_core.shell.bat': Not used on non-Windows systems
[0.265s] INFO:colcon.colcon_core.shell:Creating environment hook '/home/charles/ros2_ws/install/brain/share/brain/hook/ament_prefix_path.ps1'
[0.266s] INFO:colcon.colcon_core.shell:Creating environment descriptor '/home/charles/ros2_ws/install/brain/share/brain/hook/ament_prefix_path.dsv'
[0.266s] INFO:colcon.colcon_core.shell:Creating environment hook '/home/charles/ros2_ws/install/brain/share/brain/hook/ament_prefix_path.sh'
[0.267s] INFO:colcon.colcon_core.shell:Skip shell extension 'powershell' for command environment: Not usable outside of PowerShell
[0.267s] DEBUG:colcon.colcon_core.shell:Skip shell extension 'dsv' for command environment
[0.270s] INFO:colcon.colcon_ros.task.ament_python.build:Building ROS package in '/home/charles/ros2_ws/src/data_processor' with build type 'ament_python'
[0.271s] Level 1:colcon.colcon_core.shell:create_environment_hook('data_processor', 'ament_prefix_path')
[0.271s] INFO:colcon.colcon_core.shell:Creating environment hook '/home/charles/ros2_ws/install/data_processor/share/data_processor/hook/ament_prefix_path.ps1'
[0.271s] INFO:colcon.colcon_core.shell:Creating environment descriptor '/home/charles/ros2_ws/install/data_processor/share/data_processor/hook/ament_prefix_path.dsv'
[0.272s] INFO:colcon.colcon_core.shell:Creating environment hook '/home/charles/ros2_ws/install/data_processor/share/data_processor/hook/ament_prefix_path.sh'
[0.272s] INFO:colcon.colcon_core.shell:Skip shell extension 'powershell' for command environment: Not usable outside of PowerShell
[0.272s] DEBUG:colcon.colcon_core.shell:Skip shell extension 'dsv' for command environment
[0.275s] INFO:colcon.colcon_ros.task.ament_python.build:Building ROS package in '/home/charles/ros2_ws/src/depth_processor' with build type 'ament_python'
[0.275s] Level 1:colcon.colcon_core.shell:create_environment_hook('depth_processor', 'ament_prefix_path')
[0.275s] INFO:colcon.colcon_core.shell:Creating environment hook '/home/charles/ros2_ws/install/depth_processor/share/depth_processor/hook/ament_prefix_path.ps1'
[0.276s] INFO:colcon.colcon_core.shell:Creating environment descriptor '/home/charles/ros2_ws/install/depth_processor/share/depth_processor/hook/ament_prefix_path.dsv'
[0.276s] INFO:colcon.colcon_core.shell:Creating environment hook '/home/charles/ros2_ws/install/depth_processor/share/depth_processor/hook/ament_prefix_path.sh'
[0.277s] INFO:colcon.colcon_core.shell:Skip shell extension 'powershell' for command environment: Not usable outside of PowerShell
[0.277s] DEBUG:colcon.colcon_core.shell:Skip shell extension 'dsv' for command environment
[0.279s] INFO:colcon.colcon_ros.task.ament_python.build:Building ROS package in '/home/charles/ros2_ws/src/joy_publisher' with build type 'ament_python'
[0.279s] Level 1:colcon.colcon_core.shell:create_environment_hook('joy_publisher', 'ament_prefix_path')
[0.280s] INFO:colcon.colcon_core.shell:Creating environment hook '/home/charles/ros2_ws/install/joy_publisher/share/joy_publisher/hook/ament_prefix_path.ps1'
[0.280s] INFO:colcon.colcon_core.shell:Creating environment descriptor '/home/charles/ros2_ws/install/joy_publisher/share/joy_publisher/hook/ament_prefix_path.dsv'
[0.280s] INFO:colcon.colcon_core.shell:Creating environment hook '/home/charles/ros2_ws/install/joy_publisher/share/joy_publisher/hook/ament_prefix_path.sh'
[0.281s] INFO:colcon.colcon_core.shell:Skip shell extension 'powershell' for command environment: Not usable outside of PowerShell
[0.281s] DEBUG:colcon.colcon_core.shell:Skip shell extension 'dsv' for command environment
[0.284s] INFO:colcon.colcon_ros.task.ament_python.build:Building ROS package in '/home/charles/ros2_ws/src/raw_data_publisher' with build type 'ament_python'
[0.284s] Level 1:colcon.colcon_core.shell:create_environment_hook('raw_data_publisher', 'ament_prefix_path')
[0.284s] INFO:colcon.colcon_core.shell:Creating environment hook '/home/charles/ros2_ws/install/raw_data_publisher/share/raw_data_publisher/hook/ament_prefix_path.ps1'
[0.285s] INFO:colcon.colcon_core.shell:Creating environment descriptor '/home/charles/ros2_ws/install/raw_data_publisher/share/raw_data_publisher/hook/ament_prefix_path.dsv'
[0.286s] INFO:colcon.colcon_core.shell:Creating environment hook '/home/charles/ros2_ws/install/raw_data_publisher/share/raw_data_publisher/hook/ament_prefix_path.sh'
[0.286s] INFO:colcon.colcon_core.shell:Skip shell extension 'powershell' for command environment: Not usable outside of PowerShell
[0.286s] DEBUG:colcon.colcon_core.shell:Skip shell extension 'dsv' for command environment
[0.512s] INFO:colcon.colcon_core.task.python.build:Building Python package in '/home/charles/ros2_ws/src/brain'
[0.512s] INFO:colcon.colcon_core.shell:Skip shell extension 'powershell' for command environment: Not usable outside of PowerShell
[0.512s] DEBUG:colcon.colcon_core.shell:Skip shell extension 'dsv' for command environment
[0.743s] INFO:colcon.colcon_core.task.python.build:Building Python package in '/home/charles/ros2_ws/src/data_processor'
[0.743s] INFO:colcon.colcon_core.shell:Skip shell extension 'powershell' for command environment: Not usable outside of PowerShell
[0.743s] DEBUG:colcon.colcon_core.shell:Skip shell extension 'dsv' for command environment
[0.983s] INFO:colcon.colcon_core.task.python.build:Building Python package in '/home/charles/ros2_ws/src/depth_processor'
[0.983s] INFO:colcon.colcon_core.shell:Skip shell extension 'powershell' for command environment: Not usable outside of PowerShell
[0.983s] DEBUG:colcon.colcon_core.shell:Skip shell extension 'dsv' for command environment
[1.212s] INFO:colcon.colcon_core.task.python.build:Building Python package in '/home/charles/ros2_ws/src/joy_publisher'
[1.212s] INFO:colcon.colcon_core.shell:Skip shell extension 'powershell' for command environment: Not usable outside of PowerShell
[1.212s] DEBUG:colcon.colcon_core.shell:Skip shell extension 'dsv' for command environment
[1.444s] WARNING:colcon.colcon_ros.task.ament_python.build:Package 'raw_data_publisher' doesn't explicitly install a marker in the package index (colcon-ros currently does it implicitly but that fallback will be removed in the future)
[1.444s] WARNING:colcon.colcon_ros.task.ament_python.build:Package 'raw_data_publisher' doesn't explicitly install the 'package.xml' file (colcon-ros currently does it implicitly but that fallback will be removed in the future)
[1.444s] INFO:colcon.colcon_core.task.python.build:Building Python package in '/home/charles/ros2_ws/src/raw_data_publisher'
[1.444s] INFO:colcon.colcon_core.shell:Skip shell extension 'powershell' for command environment: Not usable outside of PowerShell
[1.444s] DEBUG:colcon.colcon_core.shell:Skip shell extension 'dsv' for command environment
[2.406s] DEBUG:colcon.colcon_core.event_handler.log_command:Invoking command in '/home/charles/ros2_ws/src/brain': DEBUGINFOD_URLS=https://debuginfod.ubuntu.com PYTHONPATH=/home/charles/ros2_ws/build/brain/prefix_override:/usr/lib/python3/dist-packages/colcon_core/task/python/colcon_distutils_commands:/home/charles/ros2_ws/install/brain/lib/python3.12/site-packages:${PYTHONPATH} /usr/bin/python3 -W ignore:setup.py install is deprecated -W ignore:easy_install command is deprecated setup.py egg_info --egg-base ../../build/brain build --build-base /home/charles/ros2_ws/build/brain/build install --record /home/charles/ros2_ws/build/brain/install.log --single-version-externally-managed install_data
[2.412s] DEBUG:colcon.colcon_core.event_handler.log_command:Invoking command in '/home/charles/ros2_ws/src/depth_processor': DEBUGINFOD_URLS=https://debuginfod.ubuntu.com PYTHONPATH=/home/charles/ros2_ws/build/depth_processor/prefix_override:/usr/lib/python3/dist-packages/colcon_core/task/python/colcon_distutils_commands:/home/charles/ros2_ws/install/depth_processor/lib/python3.12/site-packages:${PYTHONPATH} /usr/bin/python3 -W ignore:setup.py install is deprecated -W ignore:easy_install command is deprecated setup.py egg_info --egg-base ../../build/depth_processor build --build-base /home/charles/ros2_ws/build/depth_processor/build install --record /home/charles/ros2_ws/build/depth_processor/install.log --single-version-externally-managed install_data
[2.422s] DEBUG:colcon.colcon_core.event_handler.log_command:Invoking command in '/home/charles/ros2_ws/src/joy_publisher': DEBUGINFOD_URLS=https://debuginfod.ubuntu.com PYTHONPATH=/home/charles/ros2_ws/build/joy_publisher/prefix_override:/usr/lib/python3/dist-packages/colcon_core/task/python/colcon_distutils_commands:/home/charles/ros2_ws/install/joy_publisher/lib/python3.12/site-packages:${PYTHONPATH} /usr/bin/python3 -W ignore:setup.py install is deprecated -W ignore:easy_install command is deprecated setup.py egg_info --egg-base ../../build/joy_publisher build --build-base /home/charles/ros2_ws/build/joy_publisher/build install --record /home/charles/ros2_ws/build/joy_publisher/install.log --single-version-externally-managed install_data
[2.842s] DEBUG:colcon.colcon_core.event_handler.log_command:Invoking command in '/home/charles/ros2_ws/src/data_processor': DEBUGINFOD_URLS=https://debuginfod.ubuntu.com PYTHONPATH=/home/charles/ros2_ws/build/data_processor/prefix_override:/usr/lib/python3/dist-packages/colcon_core/task/python/colcon_distutils_commands:/home/charles/ros2_ws/install/data_processor/lib/python3.12/site-packages:${PYTHONPATH} /usr/bin/python3 -W ignore:setup.py install is deprecated -W ignore:easy_install command is deprecated setup.py egg_info --egg-base ../../build/data_processor build --build-base /home/charles/ros2_ws/build/data_processor/build install --record /home/charles/ros2_ws/build/data_processor/install.log --single-version-externally-managed install_data
[2.846s] DEBUG:colcon.colcon_core.event_handler.log_command:Invoking command in '/home/charles/ros2_ws/src/raw_data_publisher': DEBUGINFOD_URLS=https://debuginfod.ubuntu.com PYTHONPATH=/home/charles/ros2_ws/build/raw_data_publisher/prefix_override:/usr/lib/python3/dist-packages/colcon_core/task/python/colcon_distutils_commands:/home/charles/ros2_ws/install/raw_data_publisher/lib/python3.12/site-packages:${PYTHONPATH} /usr/bin/python3 -W ignore:setup.py install is deprecated -W ignore:easy_install command is deprecated setup.py egg_info --egg-base ../../build/raw_data_publisher build --build-base /home/charles/ros2_ws/build/raw_data_publisher/build install --record /home/charles/ros2_ws/build/raw_data_publisher/install.log --single-version-externally-managed
[3.281s] DEBUG:colcon.colcon_core.event_handler.log_command:Invoked command in '/home/charles/ros2_ws/src/depth_processor' returned '0': DEBUGINFOD_URLS=https://debuginfod.ubuntu.com PYTHONPATH=/home/charles/ros2_ws/build/depth_processor/prefix_override:/usr/lib/python3/dist-packages/colcon_core/task/python/colcon_distutils_commands:/home/charles/ros2_ws/install/depth_processor/lib/python3.12/site-packages:${PYTHONPATH} /usr/bin/python3 -W ignore:setup.py install is deprecated -W ignore:easy_install command is deprecated setup.py egg_info --egg-base ../../build/depth_processor build --build-base /home/charles/ros2_ws/build/depth_processor/build install --record /home/charles/ros2_ws/build/depth_processor/install.log --single-version-externally-managed install_data
[3.284s] Level 1:colcon.colcon_core.environment:checking '/home/charles/ros2_ws/install/depth_processor' for CMake module files
[3.284s] Level 1:colcon.colcon_core.environment:checking '/home/charles/ros2_ws/install/depth_processor' for CMake config files
[3.285s] Level 1:colcon.colcon_core.environment:checking '/home/charles/ros2_ws/install/depth_processor/lib'
[3.285s] Level 1:colcon.colcon_core.environment:checking '/home/charles/ros2_ws/install/depth_processor/bin'
[3.285s] Level 1:colcon.colcon_core.environment:checking '/home/charles/ros2_ws/install/depth_processor/lib/pkgconfig/depth_processor.pc'
[3.286s] Level 1:colcon.colcon_core.environment:checking '/home/charles/ros2_ws/install/depth_processor/lib/python3.12/site-packages'
[3.286s] Level 1:colcon.colcon_core.shell:create_environment_hook('depth_processor', 'pythonpath')
[3.286s] INFO:colcon.colcon_core.shell:Creating environment hook '/home/charles/ros2_ws/install/depth_processor/share/depth_processor/hook/pythonpath.ps1'
[3.287s] INFO:colcon.colcon_core.shell:Creating environment descriptor '/home/charles/ros2_ws/install/depth_processor/share/depth_processor/hook/pythonpath.dsv'
[3.287s] INFO:colcon.colcon_core.shell:Creating environment hook '/home/charles/ros2_ws/install/depth_processor/share/depth_processor/hook/pythonpath.sh'
[3.288s] Level 1:colcon.colcon_core.environment:checking '/home/charles/ros2_ws/install/depth_processor/bin'
[3.288s] Level 1:colcon.colcon_core.environment:create_environment_scripts_only(depth_processor)
[3.288s] INFO:colcon.colcon_core.shell:Creating package script '/home/charles/ros2_ws/install/depth_processor/share/depth_processor/package.ps1'
[3.289s] INFO:colcon.colcon_core.shell:Creating package descriptor '/home/charles/ros2_ws/install/depth_processor/share/depth_processor/package.dsv'
[3.290s] INFO:colcon.colcon_core.shell:Creating package script '/home/charles/ros2_ws/install/depth_processor/share/depth_processor/package.sh'
[3.291s] INFO:colcon.colcon_core.shell:Creating package script '/home/charles/ros2_ws/install/depth_processor/share/depth_processor/package.bash'
[3.292s] INFO:colcon.colcon_core.shell:Creating package script '/home/charles/ros2_ws/install/depth_processor/share/depth_processor/package.zsh'
[3.293s] Level 1:colcon.colcon_core.environment:create_file_with_runtime_dependencies(/home/charles/ros2_ws/install/depth_processor/share/colcon-core/packages/depth_processor)
[3.400s] Level 1:colcon.colcon_core.environment:checking '/home/charles/ros2_ws/install/joy_publisher' for CMake module files
[3.401s] DEBUG:colcon.colcon_core.event_handler.log_command:Invoked command in '/home/charles/ros2_ws/src/joy_publisher' returned '0': DEBUGINFOD_URLS=https://debuginfod.ubuntu.com PYTHONPATH=/home/charles/ros2_ws/build/joy_publisher/prefix_override:/usr/lib/python3/dist-packages/colcon_core/task/python/colcon_distutils_commands:/home/charles/ros2_ws/install/joy_publisher/lib/python3.12/site-packages:${PYTHONPATH} /usr/bin/python3 -W ignore:setup.py install is deprecated -W ignore:easy_install command is deprecated setup.py egg_info --egg-base ../../build/joy_publisher build --build-base /home/charles/ros2_ws/build/joy_publisher/build install --record /home/charles/ros2_ws/build/joy_publisher/install.log --single-version-externally-managed install_data
[3.401s] Level 1:colcon.colcon_core.environment:checking '/home/charles/ros2_ws/install/joy_publisher' for CMake config files
[3.402s] Level 1:colcon.colcon_core.environment:checking '/home/charles/ros2_ws/install/joy_publisher/lib'
[3.402s] Level 1:colcon.colcon_core.environment:checking '/home/charles/ros2_ws/install/joy_publisher/bin'
[3.402s] Level 1:colcon.colcon_core.environment:checking '/home/charles/ros2_ws/install/joy_publisher/lib/pkgconfig/joy_publisher.pc'
[3.402s] Level 1:colcon.colcon_core.environment:checking '/home/charles/ros2_ws/install/joy_publisher/lib/python3.12/site-packages'
[3.402s] Level 1:colcon.colcon_core.shell:create_environment_hook('joy_publisher', 'pythonpath')
[3.403s] INFO:colcon.colcon_core.shell:Creating environment hook '/home/charles/ros2_ws/install/joy_publisher/share/joy_publisher/hook/pythonpath.ps1'
[3.403s] INFO:colcon.colcon_core.shell:Creating environment descriptor '/home/charles/ros2_ws/install/joy_publisher/share/joy_publisher/hook/pythonpath.dsv'
[3.404s] INFO:colcon.colcon_core.shell:Creating environment hook '/home/charles/ros2_ws/install/joy_publisher/share/joy_publisher/hook/pythonpath.sh'
[3.404s] Level 1:colcon.colcon_core.environment:checking '/home/charles/ros2_ws/install/joy_publisher/bin'
[3.405s] Level 1:colcon.colcon_core.environment:create_environment_scripts_only(joy_publisher)
[3.405s] INFO:colcon.colcon_core.shell:Creating package script '/home/charles/ros2_ws/install/joy_publisher/share/joy_publisher/package.ps1'
[3.405s] INFO:colcon.colcon_core.shell:Creating package descriptor '/home/charles/ros2_ws/install/joy_publisher/share/joy_publisher/package.dsv'
[3.406s] INFO:colcon.colcon_core.shell:Creating package script '/home/charles/ros2_ws/install/joy_publisher/share/joy_publisher/package.sh'
[3.406s] INFO:colcon.colcon_core.shell:Creating package script '/home/charles/ros2_ws/install/joy_publisher/share/joy_publisher/package.bash'
[3.407s] INFO:colcon.colcon_core.shell:Creating package script '/home/charles/ros2_ws/install/joy_publisher/share/joy_publisher/package.zsh'
[3.407s] Level 1:colcon.colcon_core.environment:create_file_with_runtime_dependencies(/home/charles/ros2_ws/install/joy_publisher/share/colcon-core/packages/joy_publisher)
[3.437s] Level 1:colcon.colcon_core.environment:checking '/home/charles/ros2_ws/install/brain' for CMake module files
[3.438s] DEBUG:colcon.colcon_core.event_handler.log_command:Invoked command in '/home/charles/ros2_ws/src/brain' returned '0': DEBUGINFOD_URLS=https://debuginfod.ubuntu.com PYTHONPATH=/home/charles/ros2_ws/build/brain/prefix_override:/usr/lib/python3/dist-packages/colcon_core/task/python/colcon_distutils_commands:/home/charles/ros2_ws/install/brain/lib/python3.12/site-packages:${PYTHONPATH} /usr/bin/python3 -W ignore:setup.py install is deprecated -W ignore:easy_install command is deprecated setup.py egg_info --egg-base ../../build/brain build --build-base /home/charles/ros2_ws/build/brain/build install --record /home/charles/ros2_ws/build/brain/install.log --single-version-externally-managed install_data
[3.439s] Level 1:colcon.colcon_core.environment:checking '/home/charles/ros2_ws/install/brain' for CMake config files
[3.439s] Level 1:colcon.colcon_core.environment:checking '/home/charles/ros2_ws/install/brain/lib'
[3.440s] Level 1:colcon.colcon_core.environment:checking '/home/charles/ros2_ws/install/brain/bin'
[3.440s] Level 1:colcon.colcon_core.environment:checking '/home/charles/ros2_ws/install/brain/lib/pkgconfig/brain.pc'
[3.440s] Level 1:colcon.colcon_core.environment:checking '/home/charles/ros2_ws/install/brain/lib/python3.12/site-packages'
[3.440s] Level 1:colcon.colcon_core.shell:create_environment_hook('brain', 'pythonpath')
[3.440s] INFO:colcon.colcon_core.shell:Creating environment hook '/home/charles/ros2_ws/install/brain/share/brain/hook/pythonpath.ps1'
[3.441s] INFO:colcon.colcon_core.shell:Creating environment descriptor '/home/charles/ros2_ws/install/brain/share/brain/hook/pythonpath.dsv'
[3.441s] INFO:colcon.colcon_core.shell:Creating environment hook '/home/charles/ros2_ws/install/brain/share/brain/hook/pythonpath.sh'
[3.442s] Level 1:colcon.colcon_core.environment:checking '/home/charles/ros2_ws/install/brain/bin'
[3.442s] Level 1:colcon.colcon_core.environment:create_environment_scripts_only(brain)
[3.442s] INFO:colcon.colcon_core.shell:Creating package script '/home/charles/ros2_ws/install/brain/share/brain/package.ps1'
[3.443s] INFO:colcon.colcon_core.shell:Creating package descriptor '/home/charles/ros2_ws/install/brain/share/brain/package.dsv'
[3.443s] INFO:colcon.colcon_core.shell:Creating package script '/home/charles/ros2_ws/install/brain/share/brain/package.sh'
[3.444s] INFO:colcon.colcon_core.shell:Creating package script '/home/charles/ros2_ws/install/brain/share/brain/package.bash'
[3.444s] INFO:colcon.colcon_core.shell:Creating package script '/home/charles/ros2_ws/install/brain/share/brain/package.zsh'
[3.444s] Level 1:colcon.colcon_core.environment:create_file_with_runtime_dependencies(/home/charles/ros2_ws/install/brain/share/colcon-core/packages/brain)
[3.699s] Level 1:colcon.colcon_core.environment:checking '/home/charles/ros2_ws/install/raw_data_publisher' for CMake module files
[3.699s] DEBUG:colcon.colcon_core.event_handler.log_command:Invoked command in '/home/charles/ros2_ws/src/raw_data_publisher' returned '0': DEBUGINFOD_URLS=https://debuginfod.ubuntu.com PYTHONPATH=/home/charles/ros2_ws/build/raw_data_publisher/prefix_override:/usr/lib/python3/dist-packages/colcon_core/task/python/colcon_distutils_commands:/home/charles/ros2_ws/install/raw_data_publisher/lib/python3.12/site-packages:${PYTHONPATH} /usr/bin/python3 -W ignore:setup.py install is deprecated -W ignore:easy_install command is deprecated setup.py egg_info --egg-base ../../build/raw_data_publisher build --build-base /home/charles/ros2_ws/build/raw_data_publisher/build install --record /home/charles/ros2_ws/build/raw_data_publisher/install.log --single-version-externally-managed
[3.699s] Level 1:colcon.colcon_core.environment:checking '/home/charles/ros2_ws/install/raw_data_publisher' for CMake config files
[3.700s] Level 1:colcon.colcon_core.environment:checking '/home/charles/ros2_ws/install/raw_data_publisher/lib'
[3.700s] Level 1:colcon.colcon_core.environment:checking '/home/charles/ros2_ws/install/raw_data_publisher/bin'
[3.700s] Level 1:colcon.colcon_core.environment:checking '/home/charles/ros2_ws/install/raw_data_publisher/lib/pkgconfig/raw_data_publisher.pc'
[3.700s] Level 1:colcon.colcon_core.environment:checking '/home/charles/ros2_ws/install/raw_data_publisher/lib/python3.12/site-packages'
[3.700s] Level 1:colcon.colcon_core.shell:create_environment_hook('raw_data_publisher', 'pythonpath')
[3.701s] INFO:colcon.colcon_core.shell:Creating environment hook '/home/charles/ros2_ws/install/raw_data_publisher/share/raw_data_publisher/hook/pythonpath.ps1'
[3.701s] INFO:colcon.colcon_core.shell:Creating environment descriptor '/home/charles/ros2_ws/install/raw_data_publisher/share/raw_data_publisher/hook/pythonpath.dsv'
[3.701s] INFO:colcon.colcon_core.shell:Creating environment hook '/home/charles/ros2_ws/install/raw_data_publisher/share/raw_data_publisher/hook/pythonpath.sh'
[3.702s] Level 1:colcon.colcon_core.environment:checking '/home/charles/ros2_ws/install/raw_data_publisher/bin'
[3.702s] Level 1:colcon.colcon_core.environment:create_environment_scripts_only(raw_data_publisher)
[3.702s] INFO:colcon.colcon_core.shell:Creating package script '/home/charles/ros2_ws/install/raw_data_publisher/share/raw_data_publisher/package.ps1'
[3.703s] INFO:colcon.colcon_core.shell:Creating package descriptor '/home/charles/ros2_ws/install/raw_data_publisher/share/raw_data_publisher/package.dsv'
[3.703s] INFO:colcon.colcon_core.shell:Creating package script '/home/charles/ros2_ws/install/raw_data_publisher/share/raw_data_publisher/package.sh'
[3.704s] INFO:colcon.colcon_core.shell:Creating package script '/home/charles/ros2_ws/install/raw_data_publisher/share/raw_data_publisher/package.bash'
[3.704s] INFO:colcon.colcon_core.shell:Creating package script '/home/charles/ros2_ws/install/raw_data_publisher/share/raw_data_publisher/package.zsh'
[3.704s] Level 1:colcon.colcon_core.environment:create_file_with_runtime_dependencies(/home/charles/ros2_ws/install/raw_data_publisher/share/colcon-core/packages/raw_data_publisher)
[3.799s] Level 1:colcon.colcon_core.environment:checking '/home/charles/ros2_ws/install/data_processor' for CMake module files
[3.799s] DEBUG:colcon.colcon_core.event_handler.log_command:Invoked command in '/home/charles/ros2_ws/src/data_processor' returned '0': DEBUGINFOD_URLS=https://debuginfod.ubuntu.com PYTHONPATH=/home/charles/ros2_ws/build/data_processor/prefix_override:/usr/lib/python3/dist-packages/colcon_core/task/python/colcon_distutils_commands:/home/charles/ros2_ws/install/data_processor/lib/python3.12/site-packages:${PYTHONPATH} /usr/bin/python3 -W ignore:setup.py install is deprecated -W ignore:easy_install command is deprecated setup.py egg_info --egg-base ../../build/data_processor build --build-base /home/charles/ros2_ws/build/data_processor/build install --record /home/charles/ros2_ws/build/data_processor/install.log --single-version-externally-managed install_data
[3.800s] Level 1:colcon.colcon_core.environment:checking '/home/charles/ros2_ws/install/data_processor' for CMake config files
[3.800s] Level 1:colcon.colcon_core.environment:checking '/home/charles/ros2_ws/install/data_processor/lib'
[3.800s] Level 1:colcon.colcon_core.environment:checking '/home/charles/ros2_ws/install/data_processor/bin'
[3.800s] Level 1:colcon.colcon_core.environment:checking '/home/charles/ros2_ws/install/data_processor/lib/pkgconfig/data_processor.pc'
[3.801s] Level 1:colcon.colcon_core.environment:checking '/home/charles/ros2_ws/install/data_processor/lib/python3.12/site-packages'
[3.801s] Level 1:colcon.colcon_core.shell:create_environment_hook('data_processor', 'pythonpath')
[3.801s] INFO:colcon.colcon_core.shell:Creating environment hook '/home/charles/ros2_ws/install/data_processor/share/data_processor/hook/pythonpath.ps1'
[3.801s] INFO:colcon.colcon_core.shell:Creating environment descriptor '/home/charles/ros2_ws/install/data_processor/share/data_processor/hook/pythonpath.dsv'
[3.801s] INFO:colcon.colcon_core.shell:Creating environment hook '/home/charles/ros2_ws/install/data_processor/share/data_processor/hook/pythonpath.sh'
[3.802s] Level 1:colcon.colcon_core.environment:checking '/home/charles/ros2_ws/install/data_processor/bin'
[3.802s] Level 1:colcon.colcon_core.environment:create_environment_scripts_only(data_processor)
[3.802s] INFO:colcon.colcon_core.shell:Creating package script '/home/charles/ros2_ws/install/data_processor/share/data_processor/package.ps1'
[3.803s] INFO:colcon.colcon_core.shell:Creating package descriptor '/home/charles/ros2_ws/install/data_processor/share/data_processor/package.dsv'
[3.803s] INFO:colcon.colcon_core.shell:Creating package script '/home/charles/ros2_ws/install/data_processor/share/data_processor/package.sh'
[3.803s] INFO:colcon.colcon_core.shell:Creating package script '/home/charles/ros2_ws/install/data_processor/share/data_processor/package.bash'
[3.803s] INFO:colcon.colcon_core.shell:Creating package script '/home/charles/ros2_ws/install/data_processor/share/data_processor/package.zsh'
[3.804s] Level 1:colcon.colcon_core.environment:create_file_with_runtime_dependencies(/home/charles/ros2_ws/install/data_processor/share/colcon-core/packages/data_processor)
[3.804s] DEBUG:colcon.colcon_parallel_executor.executor.parallel:closing loop
[3.804s] DEBUG:colcon.colcon_parallel_executor.executor.parallel:loop closed
[3.805s] DEBUG:colcon.colcon_parallel_executor.executor.parallel:run_until_complete finished with '0'
[3.805s] DEBUG:colcon.colcon_core.event_reactor:joining thread
[3.810s] INFO:colcon.colcon_core.plugin_system:Skipping extension 'colcon_notification.desktop_notification.terminal_notifier': Not used on non-Darwin systems
[3.810s] INFO:colcon.colcon_core.plugin_system:Skipping extension 'colcon_notification.desktop_notification.win32': Not used on non-Windows systems
[3.810s] INFO:colcon.colcon_notification.desktop_notification:Sending desktop notification using 'notify2'
[3.825s] DEBUG:colcon.colcon_core.event_reactor:joined thread
[3.825s] INFO:colcon.colcon_core.shell:Creating prefix script '/home/charles/ros2_ws/install/local_setup.ps1'
[3.826s] INFO:colcon.colcon_core.shell:Creating prefix util module '/home/charles/ros2_ws/install/_local_setup_util_ps1.py'
[3.827s] INFO:colcon.colcon_core.shell:Creating prefix chain script '/home/charles/ros2_ws/install/setup.ps1'
[3.828s] INFO:colcon.colcon_core.shell:Creating prefix script '/home/charles/ros2_ws/install/local_setup.sh'
[3.828s] INFO:colcon.colcon_core.shell:Creating prefix util module '/home/charles/ros2_ws/install/_local_setup_util_sh.py'
[3.828s] INFO:colcon.colcon_core.shell:Creating prefix chain script '/home/charles/ros2_ws/install/setup.sh'
[3.829s] INFO:colcon.colcon_core.shell:Creating prefix script '/home/charles/ros2_ws/install/local_setup.bash'
[3.830s] INFO:colcon.colcon_core.shell:Creating prefix chain script '/home/charles/ros2_ws/install/setup.bash'
[3.831s] INFO:colcon.colcon_core.shell:Creating prefix script '/home/charles/ros2_ws/install/local_setup.zsh'
[3.831s] INFO:colcon.colcon_core.shell:Creating prefix chain script '/home/charles/ros2_ws/install/setup.zsh'
