[2.398s] Invoking command in '/home/charles/ros2_ws/src/brain': DEBUGINFOD_URLS=https://debuginfod.ubuntu.com PS1=\[\e]0;\u@\h: \w\a\]${debian_chroot:+($debian_chroot)}\[\033[01;32m\]\u@\h\[\033[00m\]:\[\033[01;34m\]\w\[\033[00m\]\$ PYTHONPATH=/home/charles/ros2_ws/build/brain/prefix_override:/usr/lib/python3/dist-packages/colcon_core/task/python/colcon_distutils_commands:/home/charles/ros2_ws/install/brain/lib/python3.12/site-packages:${PYTHONPATH} /usr/bin/python3 -W ignore:setup.py install is deprecated -W ignore:easy_install command is deprecated setup.py egg_info --egg-base ../../build/brain build --build-base /home/charles/ros2_ws/build/brain/build install --record /home/charles/ros2_ws/build/brain/install.log --single-version-externally-managed install_data
[2.821s] running egg_info
[2.851s] writing ../../build/brain/brain.egg-info/PKG-INFO
[2.851s] writing dependency_links to ../../build/brain/brain.egg-info/dependency_links.txt
[2.852s] writing entry points to ../../build/brain/brain.egg-info/entry_points.txt
[2.852s] writing requirements to ../../build/brain/brain.egg-info/requires.txt
[2.852s] writing top-level names to ../../build/brain/brain.egg-info/top_level.txt
[2.909s] reading manifest file '../../build/brain/brain.egg-info/SOURCES.txt'
[2.910s] writing manifest file '../../build/brain/brain.egg-info/SOURCES.txt'
[2.911s] running build
[2.911s] running build_py
[2.912s] running install
[2.921s] running install_lib
[2.953s] running install_data
[2.953s] running install_egg_info
[2.985s] removing '/home/charles/ros2_ws/install/brain/lib/python3.12/site-packages/brain-0.0.0-py3.12.egg-info' (and everything under it)
[2.987s] Copying ../../build/brain/brain.egg-info to /home/charles/ros2_ws/install/brain/lib/python3.12/site-packages/brain-0.0.0-py3.12.egg-info
[2.987s] running install_scripts
[3.202s] Installing brain_listener script to /home/charles/ros2_ws/install/brain/lib/brain
[3.208s] Installing command_listener script to /home/charles/ros2_ws/install/brain/lib/brain
[3.208s] writing list of installed files to '/home/charles/ros2_ws/build/brain/install.log'
[3.248s] Invoked command in '/home/charles/ros2_ws/src/brain' returned '0': DEBUGINFOD_URLS=https://debuginfod.ubuntu.com PS1=\[\e]0;\u@\h: \w\a\]${debian_chroot:+($debian_chroot)}\[\033[01;32m\]\u@\h\[\033[00m\]:\[\033[01;34m\]\w\[\033[00m\]\$ PYTHONPATH=/home/charles/ros2_ws/build/brain/prefix_override:/usr/lib/python3/dist-packages/colcon_core/task/python/colcon_distutils_commands:/home/charles/ros2_ws/install/brain/lib/python3.12/site-packages:${PYTHONPATH} /usr/bin/python3 -W ignore:setup.py install is deprecated -W ignore:easy_install command is deprecated setup.py egg_info --egg-base ../../build/brain build --build-base /home/charles/ros2_ws/build/brain/build install --record /home/charles/ros2_ws/build/brain/install.log --single-version-externally-managed install_data
