[2.454s] Invoking command in '/home/charles/ros2_ws/src/depth_processor': DEBUGINFOD_URLS=https://debuginfod.ubuntu.com PYTHONPATH=/home/charles/ros2_ws/build/depth_processor/prefix_override:/usr/lib/python3/dist-packages/colcon_core/task/python/colcon_distutils_commands:/home/charles/ros2_ws/install/depth_processor/lib/python3.12/site-packages:${PYTHONPATH} /usr/bin/python3 -W ignore:setup.py install is deprecated -W ignore:easy_install command is deprecated setup.py egg_info --egg-base ../../build/depth_processor build --build-base /home/charles/ros2_ws/build/depth_processor/build install --record /home/charles/ros2_ws/build/depth_processor/install.log --single-version-externally-managed install_data
[2.975s] running egg_info
[2.998s] writing ../../build/depth_processor/depth_processor.egg-info/PKG-INFO
[2.998s] writing dependency_links to ../../build/depth_processor/depth_processor.egg-info/dependency_links.txt
[2.999s] writing entry points to ../../build/depth_processor/depth_processor.egg-info/entry_points.txt
[2.999s] writing requirements to ../../build/depth_processor/depth_processor.egg-info/requires.txt
[2.999s] writing top-level names to ../../build/depth_processor/depth_processor.egg-info/top_level.txt
[3.050s] reading manifest file '../../build/depth_processor/depth_processor.egg-info/SOURCES.txt'
[3.051s] writing manifest file '../../build/depth_processor/depth_processor.egg-info/SOURCES.txt'
[3.051s] running build
[3.051s] running build_py
[3.051s] copying depth_processor/scripts/process_depth.py -> /home/charles/ros2_ws/build/depth_processor/build/lib/depth_processor/scripts
[3.052s] running install
[3.059s] running install_lib
[3.083s] copying /home/charles/ros2_ws/build/depth_processor/build/lib/depth_processor/scripts/process_depth.py -> /home/charles/ros2_ws/install/depth_processor/lib/python3.12/site-packages/depth_processor/scripts
[3.083s] byte-compiling /home/charles/ros2_ws/install/depth_processor/lib/python3.12/site-packages/depth_processor/scripts/process_depth.py to process_depth.cpython-312.pyc
[3.084s] running install_data
[3.085s] running install_egg_info
[3.112s] removing '/home/charles/ros2_ws/install/depth_processor/lib/python3.12/site-packages/depth_processor-0.0.0-py3.12.egg-info' (and everything under it)
[3.112s] Copying ../../build/depth_processor/depth_processor.egg-info to /home/charles/ros2_ws/install/depth_processor/lib/python3.12/site-packages/depth_processor-0.0.0-py3.12.egg-info
[3.113s] running install_scripts
[3.274s] Installing process_depth script to /home/charles/ros2_ws/install/depth_processor/lib/depth_processor
[3.275s] writing list of installed files to '/home/charles/ros2_ws/build/depth_processor/install.log'
[3.307s] Invoked command in '/home/charles/ros2_ws/src/depth_processor' returned '0': DEBUGINFOD_URLS=https://debuginfod.ubuntu.com PYTHONPATH=/home/charles/ros2_ws/build/depth_processor/prefix_override:/usr/lib/python3/dist-packages/colcon_core/task/python/colcon_distutils_commands:/home/charles/ros2_ws/install/depth_processor/lib/python3.12/site-packages:${PYTHONPATH} /usr/bin/python3 -W ignore:setup.py install is deprecated -W ignore:easy_install command is deprecated setup.py egg_info --egg-base ../../build/depth_processor build --build-base /home/charles/ros2_ws/build/depth_processor/build install --record /home/charles/ros2_ws/build/depth_processor/install.log --single-version-externally-managed install_data
