running develop
Removing /home/charles/ros2_ws/install/raw_data_publisher/lib/python3.12/site-packages/raw-data-publisher.egg-link (link to .)
running egg_info
writing ../../build/raw_data_publisher/raw_data_publisher.egg-info/PKG-INFO
writing dependency_links to ../../build/raw_data_publisher/raw_data_publisher.egg-info/dependency_links.txt
writing entry points to ../../build/raw_data_publisher/raw_data_publisher.egg-info/entry_points.txt
writing requirements to ../../build/raw_data_publisher/raw_data_publisher.egg-info/requires.txt
writing top-level names to ../../build/raw_data_publisher/raw_data_publisher.egg-info/top_level.txt
reading manifest file '../../build/raw_data_publisher/raw_data_publisher.egg-info/SOURCES.txt'
writing manifest file '../../build/raw_data_publisher/raw_data_publisher.egg-info/SOURCES.txt'
running build
running build_py
creating /home/charles/ros2_ws/build/raw_data_publisher/build
creating /home/charles/ros2_ws/build/raw_data_publisher/build/lib
creating /home/charles/ros2_ws/build/raw_data_publisher/build/lib/raw_data_publisher
copying raw_data_publisher/__init__.py -> /home/charles/ros2_ws/build/raw_data_publisher/build/lib/raw_data_publisher
running install
running install_lib
creating /home/charles/ros2_ws/install/raw_data_publisher/lib/python3.12/site-packages/raw_data_publisher
copying /home/charles/ros2_ws/build/raw_data_publisher/build/lib/raw_data_publisher/__init__.py -> /home/charles/ros2_ws/install/raw_data_publisher/lib/python3.12/site-packages/raw_data_publisher
byte-compiling /home/charles/ros2_ws/install/raw_data_publisher/lib/python3.12/site-packages/raw_data_publisher/__init__.py to __init__.cpython-312.pyc
running install_data
copying resource/raw_data_publisher -> /home/charles/ros2_ws/install/raw_data_publisher/share/ament_index/resource_index/packages
copying package.xml -> /home/charles/ros2_ws/install/raw_data_publisher/share/raw_data_publisher
copying scripts/imu_publisher.py -> /home/charles/ros2_ws/install/raw_data_publisher/share/raw_data_publisher/scripts
copying scripts/tof_publisher.py -> /home/charles/ros2_ws/install/raw_data_publisher/share/raw_data_publisher/scripts
running install_egg_info
Copying ../../build/raw_data_publisher/raw_data_publisher.egg-info to /home/charles/ros2_ws/install/raw_data_publisher/lib/python3.12/site-packages/raw_data_publisher-0.0.0-py3.12.egg-info
running install_scripts
Installing imu_publisher script to /home/charles/ros2_ws/install/raw_data_publisher/lib/raw_data_publisher
Installing tof_publisher script to /home/charles/ros2_ws/install/raw_data_publisher/lib/raw_data_publisher
writing list of installed files to '/home/charles/ros2_ws/build/raw_data_publisher/install.log'
