[1.997s] Invoking command in '/home/charles/ros2_ws/src/data_processor': DEBUGINFOD_URLS=https://debuginfod.ubuntu.com PYTHONPATH=/home/charles/ros2_ws/build/data_processor/prefix_override:/usr/lib/python3/dist-packages/colcon_core/task/python/colcon_distutils_commands:/home/charles/ros2_ws/install/data_processor/lib/python3.12/site-packages:${PYTHONPATH} /usr/bin/python3 -W ignore:setup.py install is deprecated -W ignore:easy_install command is deprecated setup.py egg_info --egg-base ../../build/data_processor build --build-base /home/charles/ros2_ws/build/data_processor/build install --record /home/charles/ros2_ws/build/data_processor/install.log --single-version-externally-managed install_data
[2.404s] running egg_info
[2.434s] writing ../../build/data_processor/data_processor.egg-info/PKG-INFO
[2.434s] writing dependency_links to ../../build/data_processor/data_processor.egg-info/dependency_links.txt
[2.434s] writing entry points to ../../build/data_processor/data_processor.egg-info/entry_points.txt
[2.434s] writing requirements to ../../build/data_processor/data_processor.egg-info/requires.txt
[2.436s] writing top-level names to ../../build/data_processor/data_processor.egg-info/top_level.txt
[2.499s] reading manifest file '../../build/data_processor/data_processor.egg-info/SOURCES.txt'
[2.501s] writing manifest file '../../build/data_processor/data_processor.egg-info/SOURCES.txt'
[2.502s] running build
[2.502s] running build_py
[2.503s] running install
[2.512s] running install_lib
[2.543s] running install_data
[2.543s] running install_egg_info
[2.576s] removing '/home/charles/ros2_ws/install/data_processor/lib/python3.12/site-packages/data_processor-0.0.0-py3.12.egg-info' (and everything under it)
[2.576s] Copying ../../build/data_processor/data_processor.egg-info to /home/charles/ros2_ws/install/data_processor/lib/python3.12/site-packages/data_processor-0.0.0-py3.12.egg-info
[2.577s] running install_scripts
[2.774s] Installing imu_data_processor script to /home/charles/ros2_ws/install/data_processor/lib/data_processor
[2.774s] Installing tof_data_processor script to /home/charles/ros2_ws/install/data_processor/lib/data_processor
[2.775s] writing list of installed files to '/home/charles/ros2_ws/build/data_processor/install.log'
[2.826s] Invoked command in '/home/charles/ros2_ws/src/data_processor' returned '0': DEBUGINFOD_URLS=https://debuginfod.ubuntu.com PYTHONPATH=/home/charles/ros2_ws/build/data_processor/prefix_override:/usr/lib/python3/dist-packages/colcon_core/task/python/colcon_distutils_commands:/home/charles/ros2_ws/install/data_processor/lib/python3.12/site-packages:${PYTHONPATH} /usr/bin/python3 -W ignore:setup.py install is deprecated -W ignore:easy_install command is deprecated setup.py egg_info --egg-base ../../build/data_processor build --build-base /home/charles/ros2_ws/build/data_processor/build install --record /home/charles/ros2_ws/build/data_processor/install.log --single-version-externally-managed install_data
