[2.274s] Invoking command in '/home/charles/ros2_ws/src/brain': DEBUGINFOD_URLS=https://debuginfod.ubuntu.com PS1=\[\e]0;\u@\h: \w\a\]${debian_chroot:+($debian_chroot)}\[\033[01;32m\]\u@\h\[\033[00m\]:\[\033[01;34m\]\w\[\033[00m\]\$ PYTHONPATH=/home/charles/ros2_ws/build/brain/prefix_override:/usr/lib/python3/dist-packages/colcon_core/task/python/colcon_distutils_commands:/home/charles/ros2_ws/install/brain/lib/python3.12/site-packages:${PYTHONPATH} /usr/bin/python3 -W ignore:setup.py install is deprecated -W ignore:easy_install command is deprecated setup.py egg_info --egg-base ../../build/brain build --build-base /home/charles/ros2_ws/build/brain/build install --record /home/charles/ros2_ws/build/brain/install.log --single-version-externally-managed install_data
[2.911s] running egg_info
[2.960s] writing ../../build/brain/brain.egg-info/PKG-INFO
[2.961s] writing dependency_links to ../../build/brain/brain.egg-info/dependency_links.txt
[2.961s] writing entry points to ../../build/brain/brain.egg-info/entry_points.txt
[2.962s] writing requirements to ../../build/brain/brain.egg-info/requires.txt
[2.962s] writing top-level names to ../../build/brain/brain.egg-info/top_level.txt
[3.042s] reading manifest file '../../build/brain/brain.egg-info/SOURCES.txt'
[3.042s] writing manifest file '../../build/brain/brain.egg-info/SOURCES.txt'
[3.043s] running build
[3.043s] running build_py
[3.043s] running install
[3.052s] running install_lib
[3.076s] running install_data
[3.076s] running install_egg_info
[3.100s] removing '/home/charles/ros2_ws/install/brain/lib/python3.12/site-packages/brain-0.0.0-py3.12.egg-info' (and everything under it)
[3.100s] Copying ../../build/brain/brain.egg-info to /home/charles/ros2_ws/install/brain/lib/python3.12/site-packages/brain-0.0.0-py3.12.egg-info
[3.101s] running install_scripts
[3.241s] Installing brain_listener script to /home/charles/ros2_ws/install/brain/lib/brain
[3.241s] Installing command_listener script to /home/charles/ros2_ws/install/brain/lib/brain
[3.242s] writing list of installed files to '/home/charles/ros2_ws/build/brain/install.log'
[3.267s] Invoked command in '/home/charles/ros2_ws/src/brain' returned '0': DEBUGINFOD_URLS=https://debuginfod.ubuntu.com PS1=\[\e]0;\u@\h: \w\a\]${debian_chroot:+($debian_chroot)}\[\033[01;32m\]\u@\h\[\033[00m\]:\[\033[01;34m\]\w\[\033[00m\]\$ PYTHONPATH=/home/charles/ros2_ws/build/brain/prefix_override:/usr/lib/python3/dist-packages/colcon_core/task/python/colcon_distutils_commands:/home/charles/ros2_ws/install/brain/lib/python3.12/site-packages:${PYTHONPATH} /usr/bin/python3 -W ignore:setup.py install is deprecated -W ignore:easy_install command is deprecated setup.py egg_info --egg-base ../../build/brain build --build-base /home/charles/ros2_ws/build/brain/build install --record /home/charles/ros2_ws/build/brain/install.log --single-version-externally-managed install_data
