[1.616s] Invoking command in '/home/charles/ros2_ws/src/depth_processor': DEBUGINFOD_URLS=https://debuginfod.ubuntu.com PYTHONPATH=/home/charles/ros2_ws/build/depth_processor/prefix_override:/usr/lib/python3/dist-packages/colcon_core/task/python/colcon_distutils_commands:/home/charles/ros2_ws/install/depth_processor/lib/python3.12/site-packages:${PYTHONPATH} /usr/bin/python3 -W ignore:setup.py install is deprecated -W ignore:easy_install command is deprecated setup.py egg_info --egg-base ../../build/depth_processor build --build-base /home/charles/ros2_ws/build/depth_processor/build install --record /home/charles/ros2_ws/build/depth_processor/install.log --single-version-externally-managed install_data
[1.903s] running egg_info
[1.924s] writing ../../build/depth_processor/depth_processor.egg-info/PKG-INFO
[1.924s] writing dependency_links to ../../build/depth_processor/depth_processor.egg-info/dependency_links.txt
[1.924s] writing entry points to ../../build/depth_processor/depth_processor.egg-info/entry_points.txt
[1.924s] writing requirements to ../../build/depth_processor/depth_processor.egg-info/requires.txt
[1.924s] writing top-level names to ../../build/depth_processor/depth_processor.egg-info/top_level.txt
[1.968s] reading manifest file '../../build/depth_processor/depth_processor.egg-info/SOURCES.txt'
[1.968s] writing manifest file '../../build/depth_processor/depth_processor.egg-info/SOURCES.txt'
[1.969s] running build
[1.969s] running build_py
[1.969s] copying depth_processor/scripts/process_depth.py -> /home/charles/ros2_ws/build/depth_processor/build/lib/depth_processor/scripts
[1.970s] running install
[1.977s] running install_lib
[1.999s] copying /home/charles/ros2_ws/build/depth_processor/build/lib/depth_processor/scripts/process_depth.py -> /home/charles/ros2_ws/install/depth_processor/lib/python3.12/site-packages/depth_processor/scripts
[2.000s] byte-compiling /home/charles/ros2_ws/install/depth_processor/lib/python3.12/site-packages/depth_processor/scripts/process_depth.py to process_depth.cpython-312.pyc
[2.001s] running install_data
[2.002s] running install_egg_info
[2.025s] removing '/home/charles/ros2_ws/install/depth_processor/lib/python3.12/site-packages/depth_processor-0.0.0-py3.12.egg-info' (and everything under it)
[2.026s] Copying ../../build/depth_processor/depth_processor.egg-info to /home/charles/ros2_ws/install/depth_processor/lib/python3.12/site-packages/depth_processor-0.0.0-py3.12.egg-info
[2.026s] running install_scripts
[2.170s] Installing process_depth script to /home/charles/ros2_ws/install/depth_processor/lib/depth_processor
[2.170s] writing list of installed files to '/home/charles/ros2_ws/build/depth_processor/install.log'
[2.239s] Invoked command in '/home/charles/ros2_ws/src/depth_processor' returned '0': DEBUGINFOD_URLS=https://debuginfod.ubuntu.com PYTHONPATH=/home/charles/ros2_ws/build/depth_processor/prefix_override:/usr/lib/python3/dist-packages/colcon_core/task/python/colcon_distutils_commands:/home/charles/ros2_ws/install/depth_processor/lib/python3.12/site-packages:${PYTHONPATH} /usr/bin/python3 -W ignore:setup.py install is deprecated -W ignore:easy_install command is deprecated setup.py egg_info --egg-base ../../build/depth_processor build --build-base /home/charles/ros2_ws/build/depth_processor/build install --record /home/charles/ros2_ws/build/depth_processor/install.log --single-version-externally-managed install_data
