running develop
Removing /home/charles/ros2_ws/install/data_processor/lib/python3.12/site-packages/data-processor.egg-link (link to .)
running egg_info
writing ../../build/data_processor/data_processor.egg-info/PKG-INFO
writing dependency_links to ../../build/data_processor/data_processor.egg-info/dependency_links.txt
writing requirements to ../../build/data_processor/data_processor.egg-info/requires.txt
writing top-level names to ../../build/data_processor/data_processor.egg-info/top_level.txt
reading manifest file '../../build/data_processor/data_processor.egg-info/SOURCES.txt'
writing manifest file '../../build/data_processor/data_processor.egg-info/SOURCES.txt'
running build
running build_py
creating /home/charles/ros2_ws/build/data_processor/build
creating /home/charles/ros2_ws/build/data_processor/build/lib
creating /home/charles/ros2_ws/build/data_processor/build/lib/data_processor
copying data_processor/__init__.py -> /home/charles/ros2_ws/build/data_processor/build/lib/data_processor
running install
running install_lib
creating /home/charles/ros2_ws/install/data_processor/lib/python3.12/site-packages/data_processor
copying /home/charles/ros2_ws/build/data_processor/build/lib/data_processor/__init__.py -> /home/charles/ros2_ws/install/data_processor/lib/python3.12/site-packages/data_processor
byte-compiling /home/charles/ros2_ws/install/data_processor/lib/python3.12/site-packages/data_processor/__init__.py to __init__.cpython-312.pyc
running install_data
copying resource/data_processor -> /home/charles/ros2_ws/install/data_processor/share/ament_index/resource_index/packages
copying package.xml -> /home/charles/ros2_ws/install/data_processor/share/data_processor
running install_egg_info
Copying ../../build/data_processor/data_processor.egg-info to /home/charles/ros2_ws/install/data_processor/lib/python3.12/site-packages/data_processor-0.0.0-py3.12.egg-info
running install_scripts
writing list of installed files to '/home/charles/ros2_ws/build/data_processor/install.log'
