[1.661s] Invoking command in '/home/charles/ros2_ws/build/data_processor': DEBUGINFOD_URLS=https://debuginfod.ubuntu.com PYTHONPATH=/home/charles/ros2_ws/build/data_processor/prefix_override:/usr/lib/python3/dist-packages/colcon_core/task/python/colcon_distutils_commands:/home/charles/ros2_ws/install/data_processor/lib/python3.12/site-packages:${PYTHONPATH} /usr/bin/python3 -W ignore:setup.py install is deprecated -W ignore:easy_install command is deprecated setup.py develop --uninstall --editable --build-directory /home/charles/ros2_ws/build/data_processor/build
[2.069s] running develop
[2.348s] Removing /home/charles/ros2_ws/install/data_processor/lib/python3.12/site-packages/data-processor.egg-link (link to .)
[2.404s] Invoked command in '/home/charles/ros2_ws/build/data_processor' returned '0': DEBUGINFOD_URLS=https://debuginfod.ubuntu.com PYTHONPATH=/home/charles/ros2_ws/build/data_processor/prefix_override:/usr/lib/python3/dist-packages/colcon_core/task/python/colcon_distutils_commands:/home/charles/ros2_ws/install/data_processor/lib/python3.12/site-packages:${PYTHONPATH} /usr/bin/python3 -W ignore:setup.py install is deprecated -W ignore:easy_install command is deprecated setup.py develop --uninstall --editable --build-directory /home/charles/ros2_ws/build/data_processor/build
[2.406s] Invoking command in '/home/charles/ros2_ws/src/data_processor': DEBUGINFOD_URLS=https://debuginfod.ubuntu.com PYTHONPATH=/home/charles/ros2_ws/build/data_processor/prefix_override:/usr/lib/python3/dist-packages/colcon_core/task/python/colcon_distutils_commands:/home/charles/ros2_ws/install/data_processor/lib/python3.12/site-packages:${PYTHONPATH} /usr/bin/python3 -W ignore:setup.py install is deprecated -W ignore:easy_install command is deprecated setup.py egg_info --egg-base ../../build/data_processor build --build-base /home/charles/ros2_ws/build/data_processor/build install --record /home/charles/ros2_ws/build/data_processor/install.log --single-version-externally-managed install_data --force
[2.782s] running egg_info
[2.804s] writing ../../build/data_processor/data_processor.egg-info/PKG-INFO
[2.805s] writing dependency_links to ../../build/data_processor/data_processor.egg-info/dependency_links.txt
[2.805s] writing requirements to ../../build/data_processor/data_processor.egg-info/requires.txt
[2.806s] writing top-level names to ../../build/data_processor/data_processor.egg-info/top_level.txt
[2.850s] reading manifest file '../../build/data_processor/data_processor.egg-info/SOURCES.txt'
[2.851s] writing manifest file '../../build/data_processor/data_processor.egg-info/SOURCES.txt'
[2.851s] running build
[2.851s] running build_py
[2.851s] creating /home/charles/ros2_ws/build/data_processor/build
[2.851s] creating /home/charles/ros2_ws/build/data_processor/build/lib
[2.852s] creating /home/charles/ros2_ws/build/data_processor/build/lib/data_processor
[2.852s] copying data_processor/__init__.py -> /home/charles/ros2_ws/build/data_processor/build/lib/data_processor
[2.852s] running install
[2.860s] running install_lib
[2.882s] creating /home/charles/ros2_ws/install/data_processor/lib/python3.12/site-packages/data_processor
[2.883s] copying /home/charles/ros2_ws/build/data_processor/build/lib/data_processor/__init__.py -> /home/charles/ros2_ws/install/data_processor/lib/python3.12/site-packages/data_processor
[2.883s] byte-compiling /home/charles/ros2_ws/install/data_processor/lib/python3.12/site-packages/data_processor/__init__.py to __init__.cpython-312.pyc
[2.883s] running install_data
[2.883s] copying resource/data_processor -> /home/charles/ros2_ws/install/data_processor/share/ament_index/resource_index/packages
[2.884s] copying package.xml -> /home/charles/ros2_ws/install/data_processor/share/data_processor
[2.884s] running install_egg_info
[2.911s] Copying ../../build/data_processor/data_processor.egg-info to /home/charles/ros2_ws/install/data_processor/lib/python3.12/site-packages/data_processor-0.0.0-py3.12.egg-info
[2.911s] running install_scripts
[3.074s] writing list of installed files to '/home/charles/ros2_ws/build/data_processor/install.log'
[3.120s] Invoked command in '/home/charles/ros2_ws/src/data_processor' returned '0': DEBUGINFOD_URLS=https://debuginfod.ubuntu.com PYTHONPATH=/home/charles/ros2_ws/build/data_processor/prefix_override:/usr/lib/python3/dist-packages/colcon_core/task/python/colcon_distutils_commands:/home/charles/ros2_ws/install/data_processor/lib/python3.12/site-packages:${PYTHONPATH} /usr/bin/python3 -W ignore:setup.py install is deprecated -W ignore:easy_install command is deprecated setup.py egg_info --egg-base ../../build/data_processor build --build-base /home/charles/ros2_ws/build/data_processor/build install --record /home/charles/ros2_ws/build/data_processor/install.log --single-version-externally-managed install_data --force
