running egg_info
writing ../../build/depth_processor/depth_processor.egg-info/PKG-INFO
writing dependency_links to ../../build/depth_processor/depth_processor.egg-info/dependency_links.txt
writing entry points to ../../build/depth_processor/depth_processor.egg-info/entry_points.txt
writing requirements to ../../build/depth_processor/depth_processor.egg-info/requires.txt
writing top-level names to ../../build/depth_processor/depth_processor.egg-info/top_level.txt
reading manifest file '../../build/depth_processor/depth_processor.egg-info/SOURCES.txt'
writing manifest file '../../build/depth_processor/depth_processor.egg-info/SOURCES.txt'
running build
running build_py
copying depth_processor/scripts/global_map.py -> /home/charles/ros2_ws/build/depth_processor/build/lib/depth_processor/scripts
copying depth_processor/scripts/mesh_from_pointcloud.py -> /home/charles/ros2_ws/build/depth_processor/build/lib/depth_processor/scripts
copying depth_processor/scripts/point_cloud_creator2.py -> /home/charles/ros2_ws/build/depth_processor/build/lib/depth_processor/scripts
copying depth_processor/scripts/point_cloud_creator1.py -> /home/charles/ros2_ws/build/depth_processor/build/lib/depth_processor/scripts
copying depth_processor/scripts/process_depth.py -> /home/charles/ros2_ws/build/depth_processor/build/lib/depth_processor/scripts
running install
running install_lib
copying /home/charles/ros2_ws/build/depth_processor/build/lib/depth_processor/scripts/global_map.py -> /home/charles/ros2_ws/install/depth_processor/lib/python3.12/site-packages/depth_processor/scripts
copying /home/charles/ros2_ws/build/depth_processor/build/lib/depth_processor/scripts/mesh_from_pointcloud.py -> /home/charles/ros2_ws/install/depth_processor/lib/python3.12/site-packages/depth_processor/scripts
copying /home/charles/ros2_ws/build/depth_processor/build/lib/depth_processor/scripts/point_cloud_creator2.py -> /home/charles/ros2_ws/install/depth_processor/lib/python3.12/site-packages/depth_processor/scripts
copying /home/charles/ros2_ws/build/depth_processor/build/lib/depth_processor/scripts/point_cloud_creator1.py -> /home/charles/ros2_ws/install/depth_processor/lib/python3.12/site-packages/depth_processor/scripts
copying /home/charles/ros2_ws/build/depth_processor/build/lib/depth_processor/scripts/process_depth.py -> /home/charles/ros2_ws/install/depth_processor/lib/python3.12/site-packages/depth_processor/scripts
byte-compiling /home/charles/ros2_ws/install/depth_processor/lib/python3.12/site-packages/depth_processor/scripts/global_map.py to global_map.cpython-312.pyc
byte-compiling /home/charles/ros2_ws/install/depth_processor/lib/python3.12/site-packages/depth_processor/scripts/mesh_from_pointcloud.py to mesh_from_pointcloud.cpython-312.pyc
byte-compiling /home/charles/ros2_ws/install/depth_processor/lib/python3.12/site-packages/depth_processor/scripts/point_cloud_creator2.py to point_cloud_creator2.cpython-312.pyc
byte-compiling /home/charles/ros2_ws/install/depth_processor/lib/python3.12/site-packages/depth_processor/scripts/point_cloud_creator1.py to point_cloud_creator1.cpython-312.pyc
byte-compiling /home/charles/ros2_ws/install/depth_processor/lib/python3.12/site-packages/depth_processor/scripts/process_depth.py to process_depth.cpython-312.pyc
running install_data
running install_egg_info
removing '/home/charles/ros2_ws/install/depth_processor/lib/python3.12/site-packages/depth_processor-0.0.0-py3.12.egg-info' (and everything under it)
Copying ../../build/depth_processor/depth_processor.egg-info to /home/charles/ros2_ws/install/depth_processor/lib/python3.12/site-packages/depth_processor-0.0.0-py3.12.egg-info
running install_scripts
Installing global_map script to /home/charles/ros2_ws/install/depth_processor/lib/depth_processor
Installing mapping script to /home/charles/ros2_ws/install/depth_processor/lib/depth_processor
Installing point_cloud_creator1 script to /home/charles/ros2_ws/install/depth_processor/lib/depth_processor
Installing point_cloud_creator2 script to /home/charles/ros2_ws/install/depth_processor/lib/depth_processor
Installing process_depth script to /home/charles/ros2_ws/install/depth_processor/lib/depth_processor
writing list of installed files to '/home/charles/ros2_ws/build/depth_processor/install.log'
