[2.076s] Invoking command in '/home/charles/ros2_ws/src/data_processor': DEBUGINFOD_URLS=https://debuginfod.ubuntu.com PYTHONPATH=/home/charles/ros2_ws/build/data_processor/prefix_override:/usr/lib/python3/dist-packages/colcon_core/task/python/colcon_distutils_commands:/home/charles/ros2_ws/install/data_processor/lib/python3.12/site-packages:${PYTHONPATH} /usr/bin/python3 -W ignore:setup.py install is deprecated -W ignore:easy_install command is deprecated setup.py egg_info --egg-base ../../build/data_processor build --build-base /home/charles/ros2_ws/build/data_processor/build install --record /home/charles/ros2_ws/build/data_processor/install.log --single-version-externally-managed install_data
[2.930s] running egg_info
[3.004s] writing ../../build/data_processor/data_processor.egg-info/PKG-INFO
[3.005s] writing dependency_links to ../../build/data_processor/data_processor.egg-info/dependency_links.txt
[3.006s] writing entry points to ../../build/data_processor/data_processor.egg-info/entry_points.txt
[3.007s] writing requirements to ../../build/data_processor/data_processor.egg-info/requires.txt
[3.007s] writing top-level names to ../../build/data_processor/data_processor.egg-info/top_level.txt
[3.158s] reading manifest file '../../build/data_processor/data_processor.egg-info/SOURCES.txt'
[3.160s] writing manifest file '../../build/data_processor/data_processor.egg-info/SOURCES.txt'
[3.160s] running build
[3.161s] running build_py
[3.161s] running install
[3.187s] running install_lib
[3.269s] running install_data
[3.269s] running install_egg_info
[3.350s] removing '/home/charles/ros2_ws/install/data_processor/lib/python3.12/site-packages/data_processor-0.0.0-py3.12.egg-info' (and everything under it)
[3.351s] Copying ../../build/data_processor/data_processor.egg-info to /home/charles/ros2_ws/install/data_processor/lib/python3.12/site-packages/data_processor-0.0.0-py3.12.egg-info
[3.355s] running install_scripts
[3.964s] Installing imu_data_processor script to /home/charles/ros2_ws/install/data_processor/lib/data_processor
[3.965s] Installing tof_data_processor script to /home/charles/ros2_ws/install/data_processor/lib/data_processor
[3.969s] writing list of installed files to '/home/charles/ros2_ws/build/data_processor/install.log'
[4.113s] Invoked command in '/home/charles/ros2_ws/src/data_processor' returned '0': DEBUGINFOD_URLS=https://debuginfod.ubuntu.com PYTHONPATH=/home/charles/ros2_ws/build/data_processor/prefix_override:/usr/lib/python3/dist-packages/colcon_core/task/python/colcon_distutils_commands:/home/charles/ros2_ws/install/data_processor/lib/python3.12/site-packages:${PYTHONPATH} /usr/bin/python3 -W ignore:setup.py install is deprecated -W ignore:easy_install command is deprecated setup.py egg_info --egg-base ../../build/data_processor build --build-base /home/charles/ros2_ws/build/data_processor/build install --record /home/charles/ros2_ws/build/data_processor/install.log --single-version-externally-managed install_data
