[2.399s] Invoking command in '/home/charles/ros2_ws/src/data_processor': DEBUGINFOD_URLS=https://debuginfod.ubuntu.com PYTHONPATH=/home/charles/ros2_ws/build/data_processor/prefix_override:/usr/lib/python3/dist-packages/colcon_core/task/python/colcon_distutils_commands:/home/charles/ros2_ws/install/data_processor/lib/python3.12/site-packages:${PYTHONPATH} /usr/bin/python3 -W ignore:setup.py install is deprecated -W ignore:easy_install command is deprecated setup.py egg_info --egg-base ../../build/data_processor build --build-base /home/charles/ros2_ws/build/data_processor/build install --record /home/charles/ros2_ws/build/data_processor/install.log --single-version-externally-managed install_data
[3.009s] running egg_info
[3.033s] writing ../../build/data_processor/data_processor.egg-info/PKG-INFO
[3.033s] writing dependency_links to ../../build/data_processor/data_processor.egg-info/dependency_links.txt
[3.034s] writing entry points to ../../build/data_processor/data_processor.egg-info/entry_points.txt
[3.034s] writing requirements to ../../build/data_processor/data_processor.egg-info/requires.txt
[3.034s] writing top-level names to ../../build/data_processor/data_processor.egg-info/top_level.txt
[3.081s] reading manifest file '../../build/data_processor/data_processor.egg-info/SOURCES.txt'
[3.082s] writing manifest file '../../build/data_processor/data_processor.egg-info/SOURCES.txt'
[3.082s] running build
[3.083s] running build_py
[3.083s] running install
[3.091s] running install_lib
[3.117s] running install_data
[3.117s] running install_egg_info
[3.143s] removing '/home/charles/ros2_ws/install/data_processor/lib/python3.12/site-packages/data_processor-0.0.0-py3.12.egg-info' (and everything under it)
[3.143s] Copying ../../build/data_processor/data_processor.egg-info to /home/charles/ros2_ws/install/data_processor/lib/python3.12/site-packages/data_processor-0.0.0-py3.12.egg-info
[3.144s] running install_scripts
[3.293s] Installing imu_data_processor script to /home/charles/ros2_ws/install/data_processor/lib/data_processor
[3.293s] Installing tof_data_processor script to /home/charles/ros2_ws/install/data_processor/lib/data_processor
[3.293s] writing list of installed files to '/home/charles/ros2_ws/build/data_processor/install.log'
[3.328s] Invoked command in '/home/charles/ros2_ws/src/data_processor' returned '0': DEBUGINFOD_URLS=https://debuginfod.ubuntu.com PYTHONPATH=/home/charles/ros2_ws/build/data_processor/prefix_override:/usr/lib/python3/dist-packages/colcon_core/task/python/colcon_distutils_commands:/home/charles/ros2_ws/install/data_processor/lib/python3.12/site-packages:${PYTHONPATH} /usr/bin/python3 -W ignore:setup.py install is deprecated -W ignore:easy_install command is deprecated setup.py egg_info --egg-base ../../build/data_processor build --build-base /home/charles/ros2_ws/build/data_processor/build install --record /home/charles/ros2_ws/build/data_processor/install.log --single-version-externally-managed install_data
