[1.949s] Invoking command in '/home/charles/ros2_ws/src/data_processor': DEBUGINFOD_URLS=https://debuginfod.ubuntu.com PYTHONPATH=/home/charles/ros2_ws/build/data_processor/prefix_override:/usr/lib/python3/dist-packages/colcon_core/task/python/colcon_distutils_commands:/home/charles/ros2_ws/install/data_processor/lib/python3.12/site-packages:${PYTHONPATH} /usr/bin/python3 -W ignore:setup.py install is deprecated -W ignore:easy_install command is deprecated setup.py egg_info --egg-base ../../build/data_processor build --build-base /home/charles/ros2_ws/build/data_processor/build install --record /home/charles/ros2_ws/build/data_processor/install.log --single-version-externally-managed install_data
[2.339s] running egg_info
[2.369s] writing ../../build/data_processor/data_processor.egg-info/PKG-INFO
[2.371s] writing dependency_links to ../../build/data_processor/data_processor.egg-info/dependency_links.txt
[2.371s] writing entry points to ../../build/data_processor/data_processor.egg-info/entry_points.txt
[2.371s] writing requirements to ../../build/data_processor/data_processor.egg-info/requires.txt
[2.372s] writing top-level names to ../../build/data_processor/data_processor.egg-info/top_level.txt
[2.433s] reading manifest file '../../build/data_processor/data_processor.egg-info/SOURCES.txt'
[2.435s] writing manifest file '../../build/data_processor/data_processor.egg-info/SOURCES.txt'
[2.435s] running build
[2.435s] running build_py
[2.436s] running install
[2.450s] running install_lib
[2.479s] running install_data
[2.481s] running install_egg_info
[2.511s] removing '/home/charles/ros2_ws/install/data_processor/lib/python3.12/site-packages/data_processor-0.0.0-py3.12.egg-info' (and everything under it)
[2.511s] Copying ../../build/data_processor/data_processor.egg-info to /home/charles/ros2_ws/install/data_processor/lib/python3.12/site-packages/data_processor-0.0.0-py3.12.egg-info
[2.512s] running install_scripts
[2.705s] Installing imu_data_processor script to /home/charles/ros2_ws/install/data_processor/lib/data_processor
[2.706s] Installing tof_data_processor script to /home/charles/ros2_ws/install/data_processor/lib/data_processor
[2.706s] writing list of installed files to '/home/charles/ros2_ws/build/data_processor/install.log'
[2.744s] Invoked command in '/home/charles/ros2_ws/src/data_processor' returned '0': DEBUGINFOD_URLS=https://debuginfod.ubuntu.com PYTHONPATH=/home/charles/ros2_ws/build/data_processor/prefix_override:/usr/lib/python3/dist-packages/colcon_core/task/python/colcon_distutils_commands:/home/charles/ros2_ws/install/data_processor/lib/python3.12/site-packages:${PYTHONPATH} /usr/bin/python3 -W ignore:setup.py install is deprecated -W ignore:easy_install command is deprecated setup.py egg_info --egg-base ../../build/data_processor build --build-base /home/charles/ros2_ws/build/data_processor/build install --record /home/charles/ros2_ws/build/data_processor/install.log --single-version-externally-managed install_data
