[1.513s] Invoking command in '/home/charles/ros2_ws/src/brain': DEBUGINFOD_URLS=https://debuginfod.ubuntu.com PYTHONPATH=/home/charles/ros2_ws/build/brain/prefix_override:/usr/lib/python3/dist-packages/colcon_core/task/python/colcon_distutils_commands:/home/charles/ros2_ws/install/brain/lib/python3.12/site-packages:${PYTHONPATH} /usr/bin/python3 -W ignore:setup.py install is deprecated -W ignore:easy_install command is deprecated setup.py egg_info --egg-base ../../build/brain build --build-base /home/charles/ros2_ws/build/brain/build install --record /home/charles/ros2_ws/build/brain/install.log --single-version-externally-managed install_data
[1.833s] running egg_info
[1.855s] writing ../../build/brain/brain.egg-info/PKG-INFO
[1.856s] writing dependency_links to ../../build/brain/brain.egg-info/dependency_links.txt
[1.856s] writing entry points to ../../build/brain/brain.egg-info/entry_points.txt
[1.856s] writing requirements to ../../build/brain/brain.egg-info/requires.txt
[1.856s] writing top-level names to ../../build/brain/brain.egg-info/top_level.txt
[1.904s] reading manifest file '../../build/brain/brain.egg-info/SOURCES.txt'
[1.905s] writing manifest file '../../build/brain/brain.egg-info/SOURCES.txt'
[1.905s] running build
[1.905s] running build_py
[1.906s] running install
[1.914s] running install_lib
[1.941s] running install_data
[1.941s] running install_egg_info
[1.969s] removing '/home/charles/ros2_ws/install/brain/lib/python3.12/site-packages/brain-0.0.0-py3.12.egg-info' (and everything under it)
[1.969s] Copying ../../build/brain/brain.egg-info to /home/charles/ros2_ws/install/brain/lib/python3.12/site-packages/brain-0.0.0-py3.12.egg-info
[1.970s] running install_scripts
[2.144s] Installing brain_listener script to /home/charles/ros2_ws/install/brain/lib/brain
[2.144s] Installing command_listener script to /home/charles/ros2_ws/install/brain/lib/brain
[2.145s] writing list of installed files to '/home/charles/ros2_ws/build/brain/install.log'
[2.196s] Invoked command in '/home/charles/ros2_ws/src/brain' returned '0': DEBUGINFOD_URLS=https://debuginfod.ubuntu.com PYTHONPATH=/home/charles/ros2_ws/build/brain/prefix_override:/usr/lib/python3/dist-packages/colcon_core/task/python/colcon_distutils_commands:/home/charles/ros2_ws/install/brain/lib/python3.12/site-packages:${PYTHONPATH} /usr/bin/python3 -W ignore:setup.py install is deprecated -W ignore:easy_install command is deprecated setup.py egg_info --egg-base ../../build/brain build --build-base /home/charles/ros2_ws/build/brain/build install --record /home/charles/ros2_ws/build/brain/install.log --single-version-externally-managed install_data
