[1.634s] Invoking command in '/home/charles/ros2_ws/src/depth_processor': DEBUGINFOD_URLS=https://debuginfod.ubuntu.com PYTHONPATH=/home/charles/ros2_ws/build/depth_processor/prefix_override:/usr/lib/python3/dist-packages/colcon_core/task/python/colcon_distutils_commands:/home/charles/ros2_ws/install/depth_processor/lib/python3.12/site-packages:${PYTHONPATH} /usr/bin/python3 -W ignore:setup.py install is deprecated -W ignore:easy_install command is deprecated setup.py egg_info --egg-base ../../build/depth_processor build --build-base /home/charles/ros2_ws/build/depth_processor/build install --record /home/charles/ros2_ws/build/depth_processor/install.log --single-version-externally-managed install_data
[1.978s] running egg_info
[1.978s] creating ../../build/depth_processor/depth_processor.egg-info
[2.008s] writing ../../build/depth_processor/depth_processor.egg-info/PKG-INFO
[2.009s] writing dependency_links to ../../build/depth_processor/depth_processor.egg-info/dependency_links.txt
[2.009s] writing entry points to ../../build/depth_processor/depth_processor.egg-info/entry_points.txt
[2.009s] writing requirements to ../../build/depth_processor/depth_processor.egg-info/requires.txt
[2.009s] writing top-level names to ../../build/depth_processor/depth_processor.egg-info/top_level.txt
[2.010s] writing manifest file '../../build/depth_processor/depth_processor.egg-info/SOURCES.txt'
[2.067s] reading manifest file '../../build/depth_processor/depth_processor.egg-info/SOURCES.txt'
[2.068s] writing manifest file '../../build/depth_processor/depth_processor.egg-info/SOURCES.txt'
[2.068s] running build
[2.069s] running build_py
[2.069s] creating /home/charles/ros2_ws/build/depth_processor/build
[2.069s] creating /home/charles/ros2_ws/build/depth_processor/build/lib
[2.069s] creating /home/charles/ros2_ws/build/depth_processor/build/lib/depth_processor
[2.069s] copying depth_processor/__init__.py -> /home/charles/ros2_ws/build/depth_processor/build/lib/depth_processor
[2.069s] running install
[2.078s] running install_lib
[2.107s] creating /home/charles/ros2_ws/install/depth_processor/lib/python3.12/site-packages/depth_processor
[2.108s] copying /home/charles/ros2_ws/build/depth_processor/build/lib/depth_processor/__init__.py -> /home/charles/ros2_ws/install/depth_processor/lib/python3.12/site-packages/depth_processor
[2.108s] byte-compiling /home/charles/ros2_ws/install/depth_processor/lib/python3.12/site-packages/depth_processor/__init__.py to __init__.cpython-312.pyc
[2.108s] running install_data
[2.109s] creating /home/charles/ros2_ws/install/depth_processor/share/ament_index
[2.109s] creating /home/charles/ros2_ws/install/depth_processor/share/ament_index/resource_index
[2.109s] creating /home/charles/ros2_ws/install/depth_processor/share/ament_index/resource_index/packages
[2.109s] copying resource/depth_processor -> /home/charles/ros2_ws/install/depth_processor/share/ament_index/resource_index/packages
[2.109s] copying package.xml -> /home/charles/ros2_ws/install/depth_processor/share/depth_processor
[2.110s] running install_egg_info
[2.139s] Copying ../../build/depth_processor/depth_processor.egg-info to /home/charles/ros2_ws/install/depth_processor/lib/python3.12/site-packages/depth_processor-0.0.0-py3.12.egg-info
[2.140s] running install_scripts
[2.321s] Installing process_depth script to /home/charles/ros2_ws/install/depth_processor/lib/depth_processor
[2.322s] writing list of installed files to '/home/charles/ros2_ws/build/depth_processor/install.log'
[2.360s] Invoked command in '/home/charles/ros2_ws/src/depth_processor' returned '0': DEBUGINFOD_URLS=https://debuginfod.ubuntu.com PYTHONPATH=/home/charles/ros2_ws/build/depth_processor/prefix_override:/usr/lib/python3/dist-packages/colcon_core/task/python/colcon_distutils_commands:/home/charles/ros2_ws/install/depth_processor/lib/python3.12/site-packages:${PYTHONPATH} /usr/bin/python3 -W ignore:setup.py install is deprecated -W ignore:easy_install command is deprecated setup.py egg_info --egg-base ../../build/depth_processor build --build-base /home/charles/ros2_ws/build/depth_processor/build install --record /home/charles/ros2_ws/build/depth_processor/install.log --single-version-externally-managed install_data
