[2.144s] Invoking command in '/home/charles/ros2_ws/src/depth_processor': DEBUGINFOD_URLS=https://debuginfod.ubuntu.com PYTHONPATH=/home/charles/ros2_ws/build/depth_processor/prefix_override:/usr/lib/python3/dist-packages/colcon_core/task/python/colcon_distutils_commands:/home/charles/ros2_ws/install/depth_processor/lib/python3.12/site-packages:${PYTHONPATH} /usr/bin/python3 -W ignore:setup.py install is deprecated -W ignore:easy_install command is deprecated setup.py egg_info --egg-base ../../build/depth_processor build --build-base /home/charles/ros2_ws/build/depth_processor/build install --record /home/charles/ros2_ws/build/depth_processor/install.log --single-version-externally-managed install_data
[2.701s] running egg_info
[2.725s] writing ../../build/depth_processor/depth_processor.egg-info/PKG-INFO
[2.725s] writing dependency_links to ../../build/depth_processor/depth_processor.egg-info/dependency_links.txt
[2.725s] writing entry points to ../../build/depth_processor/depth_processor.egg-info/entry_points.txt
[2.726s] writing requirements to ../../build/depth_processor/depth_processor.egg-info/requires.txt
[2.726s] writing top-level names to ../../build/depth_processor/depth_processor.egg-info/top_level.txt
[2.769s] reading manifest file '../../build/depth_processor/depth_processor.egg-info/SOURCES.txt'
[2.770s] writing manifest file '../../build/depth_processor/depth_processor.egg-info/SOURCES.txt'
[2.770s] running build
[2.770s] running build_py
[2.771s] copying depth_processor/scripts/point_cloud_creator2.py -> /home/charles/ros2_ws/build/depth_processor/build/lib/depth_processor/scripts
[2.771s] running install
[2.778s] running install_lib
[2.800s] copying /home/charles/ros2_ws/build/depth_processor/build/lib/depth_processor/scripts/point_cloud_creator2.py -> /home/charles/ros2_ws/install/depth_processor/lib/python3.12/site-packages/depth_processor/scripts
[2.801s] byte-compiling /home/charles/ros2_ws/install/depth_processor/lib/python3.12/site-packages/depth_processor/scripts/point_cloud_creator2.py to point_cloud_creator2.cpython-312.pyc
[2.803s] running install_data
[2.803s] running install_egg_info
[2.825s] removing '/home/charles/ros2_ws/install/depth_processor/lib/python3.12/site-packages/depth_processor-0.0.0-py3.12.egg-info' (and everything under it)
[2.825s] Copying ../../build/depth_processor/depth_processor.egg-info to /home/charles/ros2_ws/install/depth_processor/lib/python3.12/site-packages/depth_processor-0.0.0-py3.12.egg-info
[2.826s] running install_scripts
[2.965s] Installing global_map script to /home/charles/ros2_ws/install/depth_processor/lib/depth_processor
[2.965s] Installing mapping script to /home/charles/ros2_ws/install/depth_processor/lib/depth_processor
[2.965s] Installing point_cloud_creator1 script to /home/charles/ros2_ws/install/depth_processor/lib/depth_processor
[2.965s] Installing point_cloud_creator2 script to /home/charles/ros2_ws/install/depth_processor/lib/depth_processor
[2.965s] Installing process_depth script to /home/charles/ros2_ws/install/depth_processor/lib/depth_processor
[2.966s] writing list of installed files to '/home/charles/ros2_ws/build/depth_processor/install.log'
[2.996s] Invoked command in '/home/charles/ros2_ws/src/depth_processor' returned '0': DEBUGINFOD_URLS=https://debuginfod.ubuntu.com PYTHONPATH=/home/charles/ros2_ws/build/depth_processor/prefix_override:/usr/lib/python3/dist-packages/colcon_core/task/python/colcon_distutils_commands:/home/charles/ros2_ws/install/depth_processor/lib/python3.12/site-packages:${PYTHONPATH} /usr/bin/python3 -W ignore:setup.py install is deprecated -W ignore:easy_install command is deprecated setup.py egg_info --egg-base ../../build/depth_processor build --build-base /home/charles/ros2_ws/build/depth_processor/build install --record /home/charles/ros2_ws/build/depth_processor/install.log --single-version-externally-managed install_data
