[1.939s] Invoking command in '/home/charles/ros2_ws/src/depth_processor': DEBUGINFOD_URLS=https://debuginfod.ubuntu.com PYTHONPATH=/home/charles/ros2_ws/build/depth_processor/prefix_override:/usr/lib/python3/dist-packages/colcon_core/task/python/colcon_distutils_commands:/home/charles/ros2_ws/install/depth_processor/lib/python3.12/site-packages:${PYTHONPATH} /usr/bin/python3 -W ignore:setup.py install is deprecated -W ignore:easy_install command is deprecated setup.py egg_info --egg-base ../../build/depth_processor build --build-base /home/charles/ros2_ws/build/depth_processor/build install --record /home/charles/ros2_ws/build/depth_processor/install.log --single-version-externally-managed install_data
[2.319s] running egg_info
[2.346s] writing ../../build/depth_processor/depth_processor.egg-info/PKG-INFO
[2.346s] writing dependency_links to ../../build/depth_processor/depth_processor.egg-info/dependency_links.txt
[2.347s] writing entry points to ../../build/depth_processor/depth_processor.egg-info/entry_points.txt
[2.347s] writing requirements to ../../build/depth_processor/depth_processor.egg-info/requires.txt
[2.347s] writing top-level names to ../../build/depth_processor/depth_processor.egg-info/top_level.txt
[2.406s] reading manifest file '../../build/depth_processor/depth_processor.egg-info/SOURCES.txt'
[2.407s] writing manifest file '../../build/depth_processor/depth_processor.egg-info/SOURCES.txt'
[2.408s] running build
[2.408s] running build_py
[2.409s] copying depth_processor/scripts/point_cloud_creator2.py -> /home/charles/ros2_ws/build/depth_processor/build/lib/depth_processor/scripts
[2.409s] copying depth_processor/scripts/point_cloud_creator1.py -> /home/charles/ros2_ws/build/depth_processor/build/lib/depth_processor/scripts
[2.409s] running install
[2.418s] running install_lib
[2.444s] copying /home/charles/ros2_ws/build/depth_processor/build/lib/depth_processor/scripts/point_cloud_creator2.py -> /home/charles/ros2_ws/install/depth_processor/lib/python3.12/site-packages/depth_processor/scripts
[2.444s] copying /home/charles/ros2_ws/build/depth_processor/build/lib/depth_processor/scripts/point_cloud_creator1.py -> /home/charles/ros2_ws/install/depth_processor/lib/python3.12/site-packages/depth_processor/scripts
[2.445s] byte-compiling /home/charles/ros2_ws/install/depth_processor/lib/python3.12/site-packages/depth_processor/scripts/point_cloud_creator2.py to point_cloud_creator2.cpython-312.pyc
[2.446s] byte-compiling /home/charles/ros2_ws/install/depth_processor/lib/python3.12/site-packages/depth_processor/scripts/point_cloud_creator1.py to point_cloud_creator1.cpython-312.pyc
[2.448s] running install_data
[2.448s] running install_egg_info
[2.477s] removing '/home/charles/ros2_ws/install/depth_processor/lib/python3.12/site-packages/depth_processor-0.0.0-py3.12.egg-info' (and everything under it)
[2.478s] Copying ../../build/depth_processor/depth_processor.egg-info to /home/charles/ros2_ws/install/depth_processor/lib/python3.12/site-packages/depth_processor-0.0.0-py3.12.egg-info
[2.479s] running install_scripts
[2.666s] Installing global_map script to /home/charles/ros2_ws/install/depth_processor/lib/depth_processor
[2.667s] Installing mapping script to /home/charles/ros2_ws/install/depth_processor/lib/depth_processor
[2.667s] Installing point_cloud_creator1 script to /home/charles/ros2_ws/install/depth_processor/lib/depth_processor
[2.667s] Installing point_cloud_creator2 script to /home/charles/ros2_ws/install/depth_processor/lib/depth_processor
[2.667s] Installing process_depth script to /home/charles/ros2_ws/install/depth_processor/lib/depth_processor
[2.668s] writing list of installed files to '/home/charles/ros2_ws/build/depth_processor/install.log'
[2.709s] Invoked command in '/home/charles/ros2_ws/src/depth_processor' returned '0': DEBUGINFOD_URLS=https://debuginfod.ubuntu.com PYTHONPATH=/home/charles/ros2_ws/build/depth_processor/prefix_override:/usr/lib/python3/dist-packages/colcon_core/task/python/colcon_distutils_commands:/home/charles/ros2_ws/install/depth_processor/lib/python3.12/site-packages:${PYTHONPATH} /usr/bin/python3 -W ignore:setup.py install is deprecated -W ignore:easy_install command is deprecated setup.py egg_info --egg-base ../../build/depth_processor build --build-base /home/charles/ros2_ws/build/depth_processor/build install --record /home/charles/ros2_ws/build/depth_processor/install.log --single-version-externally-managed install_data
