running develop
running egg_info
creating raw_data_publisher.egg-info
writing raw_data_publisher.egg-info/PKG-INFO
writing dependency_links to raw_data_publisher.egg-info/dependency_links.txt
writing entry points to raw_data_publisher.egg-info/entry_points.txt
writing requirements to raw_data_publisher.egg-info/requires.txt
writing top-level names to raw_data_publisher.egg-info/top_level.txt
writing manifest file 'raw_data_publisher.egg-info/SOURCES.txt'
reading manifest file 'raw_data_publisher.egg-info/SOURCES.txt'
writing manifest file 'raw_data_publisher.egg-info/SOURCES.txt'
running build_ext
Creating /home/charles/ros2_ws/install/raw_data_publisher/lib/python3.12/site-packages/raw-data-publisher.egg-link (link to .)
Installing imu_publisher script to /home/charles/ros2_ws/install/raw_data_publisher/lib/raw_data_publisher
Installing tof_publisher script to /home/charles/ros2_ws/install/raw_data_publisher/lib/raw_data_publisher

Installed /home/charles/ros2_ws/build/raw_data_publisher
running symlink_data
creating /home/charles/ros2_ws/install/raw_data_publisher/share/ament_index
creating /home/charles/ros2_ws/install/raw_data_publisher/share/ament_index/resource_index
creating /home/charles/ros2_ws/install/raw_data_publisher/share/ament_index/resource_index/packages
symbolically linking /home/charles/ros2_ws/build/raw_data_publisher/resource/raw_data_publisher -> /home/charles/ros2_ws/install/raw_data_publisher/share/ament_index/resource_index/packages
symbolically linking /home/charles/ros2_ws/build/raw_data_publisher/package.xml -> /home/charles/ros2_ws/install/raw_data_publisher/share/raw_data_publisher
creating /home/charles/ros2_ws/install/raw_data_publisher/share/raw_data_publisher/scripts
symbolically linking /home/charles/ros2_ws/build/raw_data_publisher/scripts/imu_publisher.py -> /home/charles/ros2_ws/install/raw_data_publisher/share/raw_data_publisher/scripts
