[1.934s] Invoking command in '/home/charles/ros2_ws/build/raw_data_publisher': DEBUGINFOD_URLS=https://debuginfod.ubuntu.com PYTHONPATH=/home/charles/ros2_ws/build/raw_data_publisher/prefix_override:/usr/lib/python3/dist-packages/colcon_core/task/python/colcon_distutils_commands:/home/charles/ros2_ws/install/raw_data_publisher/lib/python3.12/site-packages:${PYTHONPATH} /usr/bin/python3 -W ignore:setup.py install is deprecated -W ignore:easy_install command is deprecated setup.py develop --editable --build-directory /home/charles/ros2_ws/build/raw_data_publisher/build --no-deps symlink_data
[2.353s] running develop
[2.655s] running egg_info
[2.655s] creating raw_data_publisher.egg-info
[2.690s] writing raw_data_publisher.egg-info/PKG-INFO
[2.691s] writing dependency_links to raw_data_publisher.egg-info/dependency_links.txt
[2.691s] writing entry points to raw_data_publisher.egg-info/entry_points.txt
[2.691s] writing requirements to raw_data_publisher.egg-info/requires.txt
[2.692s] writing top-level names to raw_data_publisher.egg-info/top_level.txt
[2.692s] writing manifest file 'raw_data_publisher.egg-info/SOURCES.txt'
[2.754s] reading manifest file 'raw_data_publisher.egg-info/SOURCES.txt'
[2.755s] writing manifest file 'raw_data_publisher.egg-info/SOURCES.txt'
[2.786s] running build_ext
[2.787s] Creating /home/charles/ros2_ws/install/raw_data_publisher/lib/python3.12/site-packages/raw-data-publisher.egg-link (link to .)
[2.787s] Installing imu_publisher script to /home/charles/ros2_ws/install/raw_data_publisher/lib/raw_data_publisher
[2.788s] Installing tof_publisher script to /home/charles/ros2_ws/install/raw_data_publisher/lib/raw_data_publisher
[2.788s] 
[2.788s] Installed /home/charles/ros2_ws/build/raw_data_publisher
[2.789s] running symlink_data
[2.789s] creating /home/charles/ros2_ws/install/raw_data_publisher/share/ament_index
[2.789s] creating /home/charles/ros2_ws/install/raw_data_publisher/share/ament_index/resource_index
[2.789s] creating /home/charles/ros2_ws/install/raw_data_publisher/share/ament_index/resource_index/packages
[2.790s] symbolically linking /home/charles/ros2_ws/build/raw_data_publisher/resource/raw_data_publisher -> /home/charles/ros2_ws/install/raw_data_publisher/share/ament_index/resource_index/packages
[2.790s] symbolically linking /home/charles/ros2_ws/build/raw_data_publisher/package.xml -> /home/charles/ros2_ws/install/raw_data_publisher/share/raw_data_publisher
[2.790s] creating /home/charles/ros2_ws/install/raw_data_publisher/share/raw_data_publisher/scripts
[2.790s] symbolically linking /home/charles/ros2_ws/build/raw_data_publisher/scripts/imu_publisher.py -> /home/charles/ros2_ws/install/raw_data_publisher/share/raw_data_publisher/scripts
[2.871s] Invoked command in '/home/charles/ros2_ws/build/raw_data_publisher' returned '0': DEBUGINFOD_URLS=https://debuginfod.ubuntu.com PYTHONPATH=/home/charles/ros2_ws/build/raw_data_publisher/prefix_override:/usr/lib/python3/dist-packages/colcon_core/task/python/colcon_distutils_commands:/home/charles/ros2_ws/install/raw_data_publisher/lib/python3.12/site-packages:${PYTHONPATH} /usr/bin/python3 -W ignore:setup.py install is deprecated -W ignore:easy_install command is deprecated setup.py develop --editable --build-directory /home/charles/ros2_ws/build/raw_data_publisher/build --no-deps symlink_data
