[5.112s] Invoking command in '/home/charles/ros2_ws/src/depth_processor': DEBUGINFOD_URLS=https://debuginfod.ubuntu.com PYTHONPATH=/home/charles/ros2_ws/build/depth_processor/prefix_override:/usr/lib/python3/dist-packages/colcon_core/task/python/colcon_distutils_commands:/home/charles/ros2_ws/install/depth_processor/lib/python3.12/site-packages:${PYTHONPATH} /usr/bin/python3 -W ignore:setup.py install is deprecated -W ignore:easy_install command is deprecated setup.py egg_info --egg-base ../../build/depth_processor build --build-base /home/charles/ros2_ws/build/depth_processor/build install --record /home/charles/ros2_ws/build/depth_processor/install.log --single-version-externally-managed install_data
[5.900s] running egg_info
[5.956s] writing ../../build/depth_processor/depth_processor.egg-info/PKG-INFO
[5.957s] writing dependency_links to ../../build/depth_processor/depth_processor.egg-info/dependency_links.txt
[5.957s] writing entry points to ../../build/depth_processor/depth_processor.egg-info/entry_points.txt
[5.958s] writing requirements to ../../build/depth_processor/depth_processor.egg-info/requires.txt
[5.958s] writing top-level names to ../../build/depth_processor/depth_processor.egg-info/top_level.txt
[6.084s] reading manifest file '../../build/depth_processor/depth_processor.egg-info/SOURCES.txt'
[6.086s] writing manifest file '../../build/depth_processor/depth_processor.egg-info/SOURCES.txt'
[6.087s] running build
[6.087s] running build_py
[6.088s] copying depth_processor/scripts/process_depth.py -> /home/charles/ros2_ws/build/depth_processor/build/lib/depth_processor/scripts
[6.090s] running install
[6.113s] running install_lib
[6.171s] copying /home/charles/ros2_ws/build/depth_processor/build/lib/depth_processor/scripts/process_depth.py -> /home/charles/ros2_ws/install/depth_processor/lib/python3.12/site-packages/depth_processor/scripts
[6.173s] byte-compiling /home/charles/ros2_ws/install/depth_processor/lib/python3.12/site-packages/depth_processor/scripts/process_depth.py to process_depth.cpython-312.pyc
[6.178s] running install_data
[6.179s] running install_egg_info
[6.254s] removing '/home/charles/ros2_ws/install/depth_processor/lib/python3.12/site-packages/depth_processor-0.0.0-py3.12.egg-info' (and everything under it)
[6.261s] Copying ../../build/depth_processor/depth_processor.egg-info to /home/charles/ros2_ws/install/depth_processor/lib/python3.12/site-packages/depth_processor-0.0.0-py3.12.egg-info
[6.261s] running install_scripts
[6.674s] Installing mapping script to /home/charles/ros2_ws/install/depth_processor/lib/depth_processor
[6.674s] Installing process_depth script to /home/charles/ros2_ws/install/depth_processor/lib/depth_processor
[6.676s] writing list of installed files to '/home/charles/ros2_ws/build/depth_processor/install.log'
[6.789s] Invoked command in '/home/charles/ros2_ws/src/depth_processor' returned '0': DEBUGINFOD_URLS=https://debuginfod.ubuntu.com PYTHONPATH=/home/charles/ros2_ws/build/depth_processor/prefix_override:/usr/lib/python3/dist-packages/colcon_core/task/python/colcon_distutils_commands:/home/charles/ros2_ws/install/depth_processor/lib/python3.12/site-packages:${PYTHONPATH} /usr/bin/python3 -W ignore:setup.py install is deprecated -W ignore:easy_install command is deprecated setup.py egg_info --egg-base ../../build/depth_processor build --build-base /home/charles/ros2_ws/build/depth_processor/build install --record /home/charles/ros2_ws/build/depth_processor/install.log --single-version-externally-managed install_data
