[2.631s] Invoking command in '/home/charles/ros2_ws/src/brain': DEBUGINFOD_URLS=https://debuginfod.ubuntu.com PYTHONPATH=/home/charles/ros2_ws/build/brain/prefix_override:/usr/lib/python3/dist-packages/colcon_core/task/python/colcon_distutils_commands:/home/charles/ros2_ws/install/brain/lib/python3.12/site-packages:${PYTHONPATH} /usr/bin/python3 -W ignore:setup.py install is deprecated -W ignore:easy_install command is deprecated setup.py egg_info --egg-base ../../build/brain build --build-base /home/charles/ros2_ws/build/brain/build install --record /home/charles/ros2_ws/build/brain/install.log --single-version-externally-managed install_data
[3.335s] running egg_info
[3.379s] writing ../../build/brain/brain.egg-info/PKG-INFO
[3.379s] writing dependency_links to ../../build/brain/brain.egg-info/dependency_links.txt
[3.380s] writing entry points to ../../build/brain/brain.egg-info/entry_points.txt
[3.380s] writing requirements to ../../build/brain/brain.egg-info/requires.txt
[3.381s] writing top-level names to ../../build/brain/brain.egg-info/top_level.txt
[3.487s] reading manifest file '../../build/brain/brain.egg-info/SOURCES.txt'
[3.488s] writing manifest file '../../build/brain/brain.egg-info/SOURCES.txt'
[3.489s] running build
[3.489s] running build_py
[3.490s] running install
[3.504s] running install_lib
[3.552s] running install_data
[3.552s] running install_egg_info
[3.597s] removing '/home/charles/ros2_ws/install/brain/lib/python3.12/site-packages/brain-0.0.0-py3.12.egg-info' (and everything under it)
[3.598s] Copying ../../build/brain/brain.egg-info to /home/charles/ros2_ws/install/brain/lib/python3.12/site-packages/brain-0.0.0-py3.12.egg-info
[3.600s] running install_scripts
[3.888s] Installing brain_listener script to /home/charles/ros2_ws/install/brain/lib/brain
[3.888s] Installing command_listener script to /home/charles/ros2_ws/install/brain/lib/brain
[3.889s] writing list of installed files to '/home/charles/ros2_ws/build/brain/install.log'
[3.945s] Invoked command in '/home/charles/ros2_ws/src/brain' returned '0': DEBUGINFOD_URLS=https://debuginfod.ubuntu.com PYTHONPATH=/home/charles/ros2_ws/build/brain/prefix_override:/usr/lib/python3/dist-packages/colcon_core/task/python/colcon_distutils_commands:/home/charles/ros2_ws/install/brain/lib/python3.12/site-packages:${PYTHONPATH} /usr/bin/python3 -W ignore:setup.py install is deprecated -W ignore:easy_install command is deprecated setup.py egg_info --egg-base ../../build/brain build --build-base /home/charles/ros2_ws/build/brain/build install --record /home/charles/ros2_ws/build/brain/install.log --single-version-externally-managed install_data
