[2.172s] Invoking command in '/home/charles/ros2_ws/src/depth_processor': DEBUGINFOD_URLS=https://debuginfod.ubuntu.com PYTHONPATH=/home/charles/ros2_ws/build/depth_processor/prefix_override:/usr/lib/python3/dist-packages/colcon_core/task/python/colcon_distutils_commands:/home/charles/ros2_ws/install/depth_processor/lib/python3.12/site-packages:${PYTHONPATH} /usr/bin/python3 -W ignore:setup.py install is deprecated -W ignore:easy_install command is deprecated setup.py egg_info --egg-base ../../build/depth_processor build --build-base /home/charles/ros2_ws/build/depth_processor/build install --record /home/charles/ros2_ws/build/depth_processor/install.log --single-version-externally-managed install_data
[3.053s] running egg_info
[3.123s] writing ../../build/depth_processor/depth_processor.egg-info/PKG-INFO
[3.124s] writing dependency_links to ../../build/depth_processor/depth_processor.egg-info/dependency_links.txt
[3.125s] writing entry points to ../../build/depth_processor/depth_processor.egg-info/entry_points.txt
[3.125s] writing requirements to ../../build/depth_processor/depth_processor.egg-info/requires.txt
[3.126s] writing top-level names to ../../build/depth_processor/depth_processor.egg-info/top_level.txt
[3.283s] reading manifest file '../../build/depth_processor/depth_processor.egg-info/SOURCES.txt'
[3.285s] writing manifest file '../../build/depth_processor/depth_processor.egg-info/SOURCES.txt'
[3.286s] running build
[3.286s] running build_py
[3.287s] running install
[3.313s] running install_lib
[3.392s] running install_data
[3.394s] running install_egg_info
[3.469s] removing '/home/charles/ros2_ws/install/depth_processor/lib/python3.12/site-packages/depth_processor-0.0.0-py3.12.egg-info' (and everything under it)
[3.470s] Copying ../../build/depth_processor/depth_processor.egg-info to /home/charles/ros2_ws/install/depth_processor/lib/python3.12/site-packages/depth_processor-0.0.0-py3.12.egg-info
[3.473s] running install_scripts
[4.182s] Installing process_depth script to /home/charles/ros2_ws/install/depth_processor/lib/depth_processor
[4.183s] writing list of installed files to '/home/charles/ros2_ws/build/depth_processor/install.log'
[4.300s] Invoked command in '/home/charles/ros2_ws/src/depth_processor' returned '0': DEBUGINFOD_URLS=https://debuginfod.ubuntu.com PYTHONPATH=/home/charles/ros2_ws/build/depth_processor/prefix_override:/usr/lib/python3/dist-packages/colcon_core/task/python/colcon_distutils_commands:/home/charles/ros2_ws/install/depth_processor/lib/python3.12/site-packages:${PYTHONPATH} /usr/bin/python3 -W ignore:setup.py install is deprecated -W ignore:easy_install command is deprecated setup.py egg_info --egg-base ../../build/depth_processor build --build-base /home/charles/ros2_ws/build/depth_processor/build install --record /home/charles/ros2_ws/build/depth_processor/install.log --single-version-externally-managed install_data
