[1.850s] Invoking command in '/home/charles/ros2_ws/src/data_processor': DEBUGINFOD_URLS=https://debuginfod.ubuntu.com PYTHONPATH=/home/charles/ros2_ws/build/data_processor/prefix_override:/usr/lib/python3/dist-packages/colcon_core/task/python/colcon_distutils_commands:/home/charles/ros2_ws/install/data_processor/lib/python3.12/site-packages:${PYTHONPATH} /usr/bin/python3 -W ignore:setup.py install is deprecated -W ignore:easy_install command is deprecated setup.py egg_info --egg-base ../../build/data_processor build --build-base /home/charles/ros2_ws/build/data_processor/build install --record /home/charles/ros2_ws/build/data_processor/install.log --single-version-externally-managed install_data
[2.218s] running egg_info
[2.244s] writing ../../build/data_processor/data_processor.egg-info/PKG-INFO
[2.245s] writing dependency_links to ../../build/data_processor/data_processor.egg-info/dependency_links.txt
[2.245s] writing entry points to ../../build/data_processor/data_processor.egg-info/entry_points.txt
[2.245s] writing requirements to ../../build/data_processor/data_processor.egg-info/requires.txt
[2.245s] writing top-level names to ../../build/data_processor/data_processor.egg-info/top_level.txt
[2.307s] reading manifest file '../../build/data_processor/data_processor.egg-info/SOURCES.txt'
[2.308s] writing manifest file '../../build/data_processor/data_processor.egg-info/SOURCES.txt'
[2.308s] running build
[2.309s] running build_py
[2.309s] running install
[2.319s] running install_lib
[2.351s] running install_data
[2.352s] running install_egg_info
[2.385s] removing '/home/charles/ros2_ws/install/data_processor/lib/python3.12/site-packages/data_processor-0.0.0-py3.12.egg-info' (and everything under it)
[2.385s] Copying ../../build/data_processor/data_processor.egg-info to /home/charles/ros2_ws/install/data_processor/lib/python3.12/site-packages/data_processor-0.0.0-py3.12.egg-info
[2.387s] running install_scripts
[2.570s] Installing imu_data_processor script to /home/charles/ros2_ws/install/data_processor/lib/data_processor
[2.570s] Installing tof_data_processor script to /home/charles/ros2_ws/install/data_processor/lib/data_processor
[2.570s] writing list of installed files to '/home/charles/ros2_ws/build/data_processor/install.log'
