[1.819s] Invoking command in '/home/charles/ros2_ws/src/depth_processor': DEBUGINFOD_URLS=https://debuginfod.ubuntu.com PYTHONPATH=/home/charles/ros2_ws/build/depth_processor/prefix_override:/usr/lib/python3/dist-packages/colcon_core/task/python/colcon_distutils_commands:/home/charles/ros2_ws/install/depth_processor/lib/python3.12/site-packages:${PYTHONPATH} /usr/bin/python3 -W ignore:setup.py install is deprecated -W ignore:easy_install command is deprecated setup.py egg_info --egg-base ../../build/depth_processor build --build-base /home/charles/ros2_ws/build/depth_processor/build install --record /home/charles/ros2_ws/build/depth_processor/install.log --single-version-externally-managed install_data
[2.187s] running egg_info
[2.214s] writing ../../build/depth_processor/depth_processor.egg-info/PKG-INFO
[2.214s] writing dependency_links to ../../build/depth_processor/depth_processor.egg-info/dependency_links.txt
[2.215s] writing entry points to ../../build/depth_processor/depth_processor.egg-info/entry_points.txt
[2.215s] writing requirements to ../../build/depth_processor/depth_processor.egg-info/requires.txt
[2.215s] writing top-level names to ../../build/depth_processor/depth_processor.egg-info/top_level.txt
[2.274s] reading manifest file '../../build/depth_processor/depth_processor.egg-info/SOURCES.txt'
[2.275s] writing manifest file '../../build/depth_processor/depth_processor.egg-info/SOURCES.txt'
[2.276s] running build
[2.276s] running build_py
[2.277s] copying depth_processor/scripts/global_map.py -> /home/charles/ros2_ws/build/depth_processor/build/lib/depth_processor/scripts
[2.278s] running install
[2.288s] running install_lib
[2.314s] copying /home/charles/ros2_ws/build/depth_processor/build/lib/depth_processor/scripts/global_map.py -> /home/charles/ros2_ws/install/depth_processor/lib/python3.12/site-packages/depth_processor/scripts
[2.315s] byte-compiling /home/charles/ros2_ws/install/depth_processor/lib/python3.12/site-packages/depth_processor/scripts/global_map.py to global_map.cpython-312.pyc
[2.317s] running install_data
[2.318s] running install_egg_info
[2.347s] removing '/home/charles/ros2_ws/install/depth_processor/lib/python3.12/site-packages/depth_processor-0.0.0-py3.12.egg-info' (and everything under it)
[2.348s] Copying ../../build/depth_processor/depth_processor.egg-info to /home/charles/ros2_ws/install/depth_processor/lib/python3.12/site-packages/depth_processor-0.0.0-py3.12.egg-info
[2.349s] running install_scripts
[2.530s] Installing global_map script to /home/charles/ros2_ws/install/depth_processor/lib/depth_processor
[2.530s] Installing mapping script to /home/charles/ros2_ws/install/depth_processor/lib/depth_processor
[2.531s] Installing point_cloud_creator1 script to /home/charles/ros2_ws/install/depth_processor/lib/depth_processor
[2.532s] Installing point_cloud_creator2 script to /home/charles/ros2_ws/install/depth_processor/lib/depth_processor
[2.532s] Installing process_depth script to /home/charles/ros2_ws/install/depth_processor/lib/depth_processor
[2.533s] writing list of installed files to '/home/charles/ros2_ws/build/depth_processor/install.log'
[2.579s] Invoked command in '/home/charles/ros2_ws/src/depth_processor' returned '0': DEBUGINFOD_URLS=https://debuginfod.ubuntu.com PYTHONPATH=/home/charles/ros2_ws/build/depth_processor/prefix_override:/usr/lib/python3/dist-packages/colcon_core/task/python/colcon_distutils_commands:/home/charles/ros2_ws/install/depth_processor/lib/python3.12/site-packages:${PYTHONPATH} /usr/bin/python3 -W ignore:setup.py install is deprecated -W ignore:easy_install command is deprecated setup.py egg_info --egg-base ../../build/depth_processor build --build-base /home/charles/ros2_ws/build/depth_processor/build install --record /home/charles/ros2_ws/build/depth_processor/install.log --single-version-externally-managed install_data
