[3.042s] Invoking command in '/home/charles/ros2_ws/src/depth_processor': DEBUGINFOD_URLS=https://debuginfod.ubuntu.com PYTHONPATH=/home/charles/ros2_ws/build/depth_processor/prefix_override:/usr/lib/python3/dist-packages/colcon_core/task/python/colcon_distutils_commands:/home/charles/ros2_ws/install/depth_processor/lib/python3.12/site-packages:${PYTHONPATH} /usr/bin/python3 -W ignore:setup.py install is deprecated -W ignore:easy_install command is deprecated setup.py egg_info --egg-base ../../build/depth_processor build --build-base /home/charles/ros2_ws/build/depth_processor/build install --record /home/charles/ros2_ws/build/depth_processor/install.log --single-version-externally-managed install_data
[4.410s] running egg_info
[4.524s] writing ../../build/depth_processor/depth_processor.egg-info/PKG-INFO
[4.525s] writing dependency_links to ../../build/depth_processor/depth_processor.egg-info/dependency_links.txt
[4.526s] writing entry points to ../../build/depth_processor/depth_processor.egg-info/entry_points.txt
[4.528s] writing requirements to ../../build/depth_processor/depth_processor.egg-info/requires.txt
[4.529s] writing top-level names to ../../build/depth_processor/depth_processor.egg-info/top_level.txt
[4.797s] reading manifest file '../../build/depth_processor/depth_processor.egg-info/SOURCES.txt'
[4.800s] writing manifest file '../../build/depth_processor/depth_processor.egg-info/SOURCES.txt'
[4.801s] running build
[4.802s] running build_py
[4.807s] copying depth_processor/scripts/process_depth.py -> /home/charles/ros2_ws/build/depth_processor/build/lib/depth_processor/scripts
[4.808s] running install
[4.829s] running install_lib
[4.938s] copying /home/charles/ros2_ws/build/depth_processor/build/lib/depth_processor/scripts/process_depth.py -> /home/charles/ros2_ws/install/depth_processor/lib/python3.12/site-packages/depth_processor/scripts
[4.938s] byte-compiling /home/charles/ros2_ws/install/depth_processor/lib/python3.12/site-packages/depth_processor/scripts/process_depth.py to process_depth.cpython-312.pyc
[4.939s] running install_data
[4.939s] running install_egg_info
[5.049s] removing '/home/charles/ros2_ws/install/depth_processor/lib/python3.12/site-packages/depth_processor-0.0.0-py3.12.egg-info' (and everything under it)
[5.049s] Copying ../../build/depth_processor/depth_processor.egg-info to /home/charles/ros2_ws/install/depth_processor/lib/python3.12/site-packages/depth_processor-0.0.0-py3.12.egg-info
[5.053s] running install_scripts
[5.623s] Installing process_depth script to /home/charles/ros2_ws/install/depth_processor/lib/depth_processor
[5.625s] writing list of installed files to '/home/charles/ros2_ws/build/depth_processor/install.log'
[5.748s] Invoked command in '/home/charles/ros2_ws/src/depth_processor' returned '0': DEBUGINFOD_URLS=https://debuginfod.ubuntu.com PYTHONPATH=/home/charles/ros2_ws/build/depth_processor/prefix_override:/usr/lib/python3/dist-packages/colcon_core/task/python/colcon_distutils_commands:/home/charles/ros2_ws/install/depth_processor/lib/python3.12/site-packages:${PYTHONPATH} /usr/bin/python3 -W ignore:setup.py install is deprecated -W ignore:easy_install command is deprecated setup.py egg_info --egg-base ../../build/depth_processor build --build-base /home/charles/ros2_ws/build/depth_processor/build install --record /home/charles/ros2_ws/build/depth_processor/install.log --single-version-externally-managed install_data
