[2.553s] Invoking command in '/home/charles/ros2_ws/src/data_processor': DEBUGINFOD_URLS=https://debuginfod.ubuntu.com PYTHONPATH=/home/charles/ros2_ws/build/data_processor/prefix_override:/usr/lib/python3/dist-packages/colcon_core/task/python/colcon_distutils_commands:/home/charles/ros2_ws/install/data_processor/lib/python3.12/site-packages:${PYTHONPATH} /usr/bin/python3 -W ignore:setup.py install is deprecated -W ignore:easy_install command is deprecated setup.py egg_info --egg-base ../../build/data_processor build --build-base /home/charles/ros2_ws/build/data_processor/build install --record /home/charles/ros2_ws/build/data_processor/install.log --single-version-externally-managed install_data
[2.963s] running egg_info
[2.986s] writing ../../build/data_processor/data_processor.egg-info/PKG-INFO
[2.986s] writing dependency_links to ../../build/data_processor/data_processor.egg-info/dependency_links.txt
[2.987s] writing entry points to ../../build/data_processor/data_processor.egg-info/entry_points.txt
[2.987s] writing requirements to ../../build/data_processor/data_processor.egg-info/requires.txt
[2.987s] writing top-level names to ../../build/data_processor/data_processor.egg-info/top_level.txt
[3.036s] reading manifest file '../../build/data_processor/data_processor.egg-info/SOURCES.txt'
[3.037s] writing manifest file '../../build/data_processor/data_processor.egg-info/SOURCES.txt'
[3.037s] running build
[3.037s] running build_py
[3.037s] running install
[3.045s] running install_lib
[3.073s] running install_data
[3.074s] running install_egg_info
[3.095s] removing '/home/charles/ros2_ws/install/data_processor/lib/python3.12/site-packages/data_processor-0.0.0-py3.12.egg-info' (and everything under it)
[3.096s] Copying ../../build/data_processor/data_processor.egg-info to /home/charles/ros2_ws/install/data_processor/lib/python3.12/site-packages/data_processor-0.0.0-py3.12.egg-info
[3.097s] running install_scripts
[3.239s] Installing imu_data_processor script to /home/charles/ros2_ws/install/data_processor/lib/data_processor
[3.240s] Installing tof_data_processor script to /home/charles/ros2_ws/install/data_processor/lib/data_processor
[3.240s] writing list of installed files to '/home/charles/ros2_ws/build/data_processor/install.log'
[3.270s] Invoked command in '/home/charles/ros2_ws/src/data_processor' returned '0': DEBUGINFOD_URLS=https://debuginfod.ubuntu.com PYTHONPATH=/home/charles/ros2_ws/build/data_processor/prefix_override:/usr/lib/python3/dist-packages/colcon_core/task/python/colcon_distutils_commands:/home/charles/ros2_ws/install/data_processor/lib/python3.12/site-packages:${PYTHONPATH} /usr/bin/python3 -W ignore:setup.py install is deprecated -W ignore:easy_install command is deprecated setup.py egg_info --egg-base ../../build/data_processor build --build-base /home/charles/ros2_ws/build/data_processor/build install --record /home/charles/ros2_ws/build/data_processor/install.log --single-version-externally-managed install_data
