[5.796s] Invoking command in '/home/charles/ros2_ws/src/raw_data_publisher': DEBUGINFOD_URLS=https://debuginfod.ubuntu.com PYTHONPATH=/home/charles/ros2_ws/build/raw_data_publisher/prefix_override:/usr/lib/python3/dist-packages/colcon_core/task/python/colcon_distutils_commands:/home/charles/ros2_ws/install/raw_data_publisher/lib/python3.12/site-packages:${PYTHONPATH} /usr/bin/python3 -W ignore:setup.py install is deprecated -W ignore:easy_install command is deprecated setup.py egg_info --egg-base ../../build/raw_data_publisher build --build-base /home/charles/ros2_ws/build/raw_data_publisher/build install --record /home/charles/ros2_ws/build/raw_data_publisher/install.log --single-version-externally-managed
[6.870s] running egg_info
[6.923s] writing ../../build/raw_data_publisher/raw_data_publisher.egg-info/PKG-INFO
[6.924s] writing dependency_links to ../../build/raw_data_publisher/raw_data_publisher.egg-info/dependency_links.txt
[6.925s] writing entry points to ../../build/raw_data_publisher/raw_data_publisher.egg-info/entry_points.txt
[6.925s] writing requirements to ../../build/raw_data_publisher/raw_data_publisher.egg-info/requires.txt
[6.926s] writing top-level names to ../../build/raw_data_publisher/raw_data_publisher.egg-info/top_level.txt
[7.041s] reading manifest file '../../build/raw_data_publisher/raw_data_publisher.egg-info/SOURCES.txt'
[7.043s] writing manifest file '../../build/raw_data_publisher/raw_data_publisher.egg-info/SOURCES.txt'
[7.043s] running build
[7.043s] running build_py
[7.044s] running install
[7.062s] running install_lib
[7.119s] running install_egg_info
[7.179s] removing '/home/charles/ros2_ws/install/raw_data_publisher/lib/python3.12/site-packages/raw_data_publisher-0.0.0-py3.12.egg-info' (and everything under it)
[7.180s] Copying ../../build/raw_data_publisher/raw_data_publisher.egg-info to /home/charles/ros2_ws/install/raw_data_publisher/lib/python3.12/site-packages/raw_data_publisher-0.0.0-py3.12.egg-info
[7.182s] running install_scripts
[7.561s] Installing imu_publisher script to /home/charles/ros2_ws/install/raw_data_publisher/lib/raw_data_publisher
[7.562s] Installing tof_publisher script to /home/charles/ros2_ws/install/raw_data_publisher/lib/raw_data_publisher
[7.563s] writing list of installed files to '/home/charles/ros2_ws/build/raw_data_publisher/install.log'
[7.640s] Invoked command in '/home/charles/ros2_ws/src/raw_data_publisher' returned '0': DEBUGINFOD_URLS=https://debuginfod.ubuntu.com PYTHONPATH=/home/charles/ros2_ws/build/raw_data_publisher/prefix_override:/usr/lib/python3/dist-packages/colcon_core/task/python/colcon_distutils_commands:/home/charles/ros2_ws/install/raw_data_publisher/lib/python3.12/site-packages:${PYTHONPATH} /usr/bin/python3 -W ignore:setup.py install is deprecated -W ignore:easy_install command is deprecated setup.py egg_info --egg-base ../../build/raw_data_publisher build --build-base /home/charles/ros2_ws/build/raw_data_publisher/build install --record /home/charles/ros2_ws/build/raw_data_publisher/install.log --single-version-externally-managed
