[0.126s] DEBUG:colcon:Command line arguments: ['/usr/bin/colcon', 'build']
[0.127s] DEBUG:colcon:Parsed command line arguments: Namespace(log_base=None, log_level=None, verb_name='build', build_base='build', install_base='install', merge_install=False, symlink_install=False, test_result_base=None, continue_on_error=False, executor='parallel', parallel_workers=8, event_handlers=None, ignore_user_meta=False, metas=['./colcon.meta'], base_paths=['.'], packages_ignore=None, packages_ignore_regex=None, paths=None, packages_up_to=None, packages_up_to_regex=None, packages_above=None, packages_above_and_dependencies=None, packages_above_depth=None, packages_select_by_dep=None, packages_skip_by_dep=None, packages_skip_up_to=None, packages_select_build_failed=False, packages_skip_build_finished=False, packages_select_test_failures=False, packages_skip_test_passed=False, packages_select=None, packages_skip=None, packages_select_regex=None, packages_skip_regex=None, packages_start=None, packages_end=None, allow_overriding=[], cmake_args=None, cmake_target=None, cmake_target_skip_unavailable=False, cmake_clean_cache=False, cmake_clean_first=False, cmake_force_configure=False, ament_cmake_args=None, catkin_cmake_args=None, catkin_skip_building_tests=False, verb_parser=<colcon_defaults.argument_parser.defaults.DefaultArgumentsDecorator object at 0x7267c1869d90>, verb_extension=<colcon_core.verb.build.BuildVerb object at 0x7267c1869c10>, main=<bound method BuildVerb.main of <colcon_core.verb.build.BuildVerb object at 0x7267c1869c10>>)
[0.176s] Level 1:colcon.colcon_core.package_discovery:discover_packages(colcon_meta) check parameters
[0.176s] Level 1:colcon.colcon_core.package_discovery:discover_packages(recursive) check parameters
[0.176s] Level 1:colcon.colcon_core.package_discovery:discover_packages(ignore) check parameters
[0.176s] Level 1:colcon.colcon_core.package_discovery:discover_packages(path) check parameters
[0.176s] Level 1:colcon.colcon_core.package_discovery:discover_packages(colcon_meta) discover
[0.176s] Level 1:colcon.colcon_core.package_discovery:discover_packages(recursive) discover
[0.176s] INFO:colcon.colcon_core.package_discovery:Crawling recursively for packages in '/home/charles/ros2_ws'
[0.176s] Level 1:colcon.colcon_core.package_identification:_identify(.) by extensions ['ignore', 'ignore_ament_install']
[0.176s] Level 1:colcon.colcon_core.package_identification:_identify(.) by extension 'ignore'
[0.176s] Level 1:colcon.colcon_core.package_identification:_identify(.) by extension 'ignore_ament_install'
[0.177s] Level 1:colcon.colcon_core.package_identification:_identify(.) by extensions ['colcon_pkg']
[0.177s] Level 1:colcon.colcon_core.package_identification:_identify(.) by extension 'colcon_pkg'
[0.177s] Level 1:colcon.colcon_core.package_identification:_identify(.) by extensions ['colcon_meta']
[0.177s] Level 1:colcon.colcon_core.package_identification:_identify(.) by extension 'colcon_meta'
[0.177s] Level 1:colcon.colcon_core.package_identification:_identify(.) by extensions ['ros']
[0.177s] Level 1:colcon.colcon_core.package_identification:_identify(.) by extension 'ros'
[0.209s] Level 1:colcon.colcon_core.package_identification:_identify(.) by extensions ['cmake', 'python']
[0.209s] Level 1:colcon.colcon_core.package_identification:_identify(.) by extension 'cmake'
[0.209s] Level 1:colcon.colcon_core.package_identification:_identify(.) by extension 'python'
[0.209s] Level 1:colcon.colcon_core.package_identification:_identify(.) by extensions ['python_setup_py']
[0.209s] Level 1:colcon.colcon_core.package_identification:_identify(.) by extension 'python_setup_py'
[0.209s] Level 1:colcon.colcon_core.package_identification:_identify(build) by extensions ['ignore', 'ignore_ament_install']
[0.209s] Level 1:colcon.colcon_core.package_identification:_identify(build) by extension 'ignore'
[0.209s] Level 1:colcon.colcon_core.package_identification:_identify(build) ignored
[0.209s] Level 1:colcon.colcon_core.package_identification:_identify(install) by extensions ['ignore', 'ignore_ament_install']
[0.209s] Level 1:colcon.colcon_core.package_identification:_identify(install) by extension 'ignore'
[0.210s] Level 1:colcon.colcon_core.package_identification:_identify(install) ignored
[0.210s] Level 1:colcon.colcon_core.package_identification:_identify(log) by extensions ['ignore', 'ignore_ament_install']
[0.210s] Level 1:colcon.colcon_core.package_identification:_identify(log) by extension 'ignore'
[0.210s] Level 1:colcon.colcon_core.package_identification:_identify(log) ignored
[0.210s] Level 1:colcon.colcon_core.package_identification:_identify(src) by extensions ['ignore', 'ignore_ament_install']
[0.210s] Level 1:colcon.colcon_core.package_identification:_identify(src) by extension 'ignore'
[0.210s] Level 1:colcon.colcon_core.package_identification:_identify(src) by extension 'ignore_ament_install'
[0.210s] Level 1:colcon.colcon_core.package_identification:_identify(src) by extensions ['colcon_pkg']
[0.210s] Level 1:colcon.colcon_core.package_identification:_identify(src) by extension 'colcon_pkg'
[0.210s] Level 1:colcon.colcon_core.package_identification:_identify(src) by extensions ['colcon_meta']
[0.210s] Level 1:colcon.colcon_core.package_identification:_identify(src) by extension 'colcon_meta'
[0.210s] Level 1:colcon.colcon_core.package_identification:_identify(src) by extensions ['ros']
[0.210s] Level 1:colcon.colcon_core.package_identification:_identify(src) by extension 'ros'
[0.210s] Level 1:colcon.colcon_core.package_identification:_identify(src) by extensions ['cmake', 'python']
[0.210s] Level 1:colcon.colcon_core.package_identification:_identify(src) by extension 'cmake'
[0.211s] Level 1:colcon.colcon_core.package_identification:_identify(src) by extension 'python'
[0.211s] Level 1:colcon.colcon_core.package_identification:_identify(src) by extensions ['python_setup_py']
[0.211s] Level 1:colcon.colcon_core.package_identification:_identify(src) by extension 'python_setup_py'
[0.211s] Level 1:colcon.colcon_core.package_identification:_identify(src/brain) by extensions ['ignore', 'ignore_ament_install']
[0.211s] Level 1:colcon.colcon_core.package_identification:_identify(src/brain) by extension 'ignore'
[0.211s] Level 1:colcon.colcon_core.package_identification:_identify(src/brain) by extension 'ignore_ament_install'
[0.211s] Level 1:colcon.colcon_core.package_identification:_identify(src/brain) by extensions ['colcon_pkg']
[0.211s] Level 1:colcon.colcon_core.package_identification:_identify(src/brain) by extension 'colcon_pkg'
[0.211s] Level 1:colcon.colcon_core.package_identification:_identify(src/brain) by extensions ['colcon_meta']
[0.211s] Level 1:colcon.colcon_core.package_identification:_identify(src/brain) by extension 'colcon_meta'
[0.211s] Level 1:colcon.colcon_core.package_identification:_identify(src/brain) by extensions ['ros']
[0.211s] Level 1:colcon.colcon_core.package_identification:_identify(src/brain) by extension 'ros'
[0.215s] DEBUG:colcon.colcon_core.package_identification:Package 'src/brain' with type 'ros.ament_python' and name 'brain'
[0.215s] Level 1:colcon.colcon_core.package_identification:_identify(src/data_processor) by extensions ['ignore', 'ignore_ament_install']
[0.215s] Level 1:colcon.colcon_core.package_identification:_identify(src/data_processor) by extension 'ignore'
[0.216s] Level 1:colcon.colcon_core.package_identification:_identify(src/data_processor) by extension 'ignore_ament_install'
[0.216s] Level 1:colcon.colcon_core.package_identification:_identify(src/data_processor) by extensions ['colcon_pkg']
[0.216s] Level 1:colcon.colcon_core.package_identification:_identify(src/data_processor) by extension 'colcon_pkg'
[0.216s] Level 1:colcon.colcon_core.package_identification:_identify(src/data_processor) by extensions ['colcon_meta']
[0.216s] Level 1:colcon.colcon_core.package_identification:_identify(src/data_processor) by extension 'colcon_meta'
[0.216s] Level 1:colcon.colcon_core.package_identification:_identify(src/data_processor) by extensions ['ros']
[0.216s] Level 1:colcon.colcon_core.package_identification:_identify(src/data_processor) by extension 'ros'
[0.216s] DEBUG:colcon.colcon_core.package_identification:Package 'src/data_processor' with type 'ros.ament_python' and name 'data_processor'
[0.216s] Level 1:colcon.colcon_core.package_identification:_identify(src/depth_processor) by extensions ['ignore', 'ignore_ament_install']
[0.216s] Level 1:colcon.colcon_core.package_identification:_identify(src/depth_processor) by extension 'ignore'
[0.216s] Level 1:colcon.colcon_core.package_identification:_identify(src/depth_processor) by extension 'ignore_ament_install'
[0.217s] Level 1:colcon.colcon_core.package_identification:_identify(src/depth_processor) by extensions ['colcon_pkg']
[0.217s] Level 1:colcon.colcon_core.package_identification:_identify(src/depth_processor) by extension 'colcon_pkg'
[0.217s] Level 1:colcon.colcon_core.package_identification:_identify(src/depth_processor) by extensions ['colcon_meta']
[0.217s] Level 1:colcon.colcon_core.package_identification:_identify(src/depth_processor) by extension 'colcon_meta'
[0.217s] Level 1:colcon.colcon_core.package_identification:_identify(src/depth_processor) by extensions ['ros']
[0.217s] Level 1:colcon.colcon_core.package_identification:_identify(src/depth_processor) by extension 'ros'
[0.217s] DEBUG:colcon.colcon_core.package_identification:Package 'src/depth_processor' with type 'ros.ament_python' and name 'depth_processor'
[0.217s] Level 1:colcon.colcon_core.package_identification:_identify(src/raw_data_publisher) by extensions ['ignore', 'ignore_ament_install']
[0.218s] Level 1:colcon.colcon_core.package_identification:_identify(src/raw_data_publisher) by extension 'ignore'
[0.218s] Level 1:colcon.colcon_core.package_identification:_identify(src/raw_data_publisher) by extension 'ignore_ament_install'
[0.218s] Level 1:colcon.colcon_core.package_identification:_identify(src/raw_data_publisher) by extensions ['colcon_pkg']
[0.218s] Level 1:colcon.colcon_core.package_identification:_identify(src/raw_data_publisher) by extension 'colcon_pkg'
[0.218s] Level 1:colcon.colcon_core.package_identification:_identify(src/raw_data_publisher) by extensions ['colcon_meta']
[0.218s] Level 1:colcon.colcon_core.package_identification:_identify(src/raw_data_publisher) by extension 'colcon_meta'
[0.218s] Level 1:colcon.colcon_core.package_identification:_identify(src/raw_data_publisher) by extensions ['ros']
[0.218s] Level 1:colcon.colcon_core.package_identification:_identify(src/raw_data_publisher) by extension 'ros'
[0.218s] DEBUG:colcon.colcon_core.package_identification:Package 'src/raw_data_publisher' with type 'ros.ament_python' and name 'raw_data_publisher'
[0.218s] Level 1:colcon.colcon_core.package_discovery:discover_packages(recursive) using defaults
[0.218s] Level 1:colcon.colcon_core.package_discovery:discover_packages(ignore) discover
[0.218s] Level 1:colcon.colcon_core.package_discovery:discover_packages(ignore) using defaults
[0.218s] Level 1:colcon.colcon_core.package_discovery:discover_packages(path) discover
[0.218s] Level 1:colcon.colcon_core.package_discovery:discover_packages(path) using defaults
[0.242s] Level 1:colcon.colcon_core.package_discovery:discover_packages(prefix_path) check parameters
[0.242s] Level 1:colcon.colcon_core.package_discovery:discover_packages(prefix_path) discover
[0.244s] DEBUG:colcon.colcon_installed_package_information.package_discovery:Found 4 installed packages in /home/charles/ros2_ws/install
[0.246s] DEBUG:colcon.colcon_installed_package_information.package_discovery:Found 285 installed packages in /opt/ros/jazzy
[0.247s] Level 1:colcon.colcon_core.package_discovery:discover_packages(prefix_path) using defaults
[0.299s] Level 5:colcon.colcon_core.verb:set package 'brain' build argument 'cmake_args' from command line to 'None'
[0.299s] Level 5:colcon.colcon_core.verb:set package 'brain' build argument 'cmake_target' from command line to 'None'
[0.299s] Level 5:colcon.colcon_core.verb:set package 'brain' build argument 'cmake_target_skip_unavailable' from command line to 'False'
[0.299s] Level 5:colcon.colcon_core.verb:set package 'brain' build argument 'cmake_clean_cache' from command line to 'False'
[0.299s] Level 5:colcon.colcon_core.verb:set package 'brain' build argument 'cmake_clean_first' from command line to 'False'
[0.299s] Level 5:colcon.colcon_core.verb:set package 'brain' build argument 'cmake_force_configure' from command line to 'False'
[0.299s] Level 5:colcon.colcon_core.verb:set package 'brain' build argument 'ament_cmake_args' from command line to 'None'
[0.299s] Level 5:colcon.colcon_core.verb:set package 'brain' build argument 'catkin_cmake_args' from command line to 'None'
[0.299s] Level 5:colcon.colcon_core.verb:set package 'brain' build argument 'catkin_skip_building_tests' from command line to 'False'
[0.299s] DEBUG:colcon.colcon_core.verb:Building package 'brain' with the following arguments: {'ament_cmake_args': None, 'build_base': '/home/charles/ros2_ws/build/brain', 'catkin_cmake_args': None, 'catkin_skip_building_tests': False, 'cmake_args': None, 'cmake_clean_cache': False, 'cmake_clean_first': False, 'cmake_force_configure': False, 'cmake_target': None, 'cmake_target_skip_unavailable': False, 'install_base': '/home/charles/ros2_ws/install/brain', 'merge_install': False, 'path': '/home/charles/ros2_ws/src/brain', 'symlink_install': False, 'test_result_base': None}
[0.299s] Level 5:colcon.colcon_core.verb:set package 'data_processor' build argument 'cmake_args' from command line to 'None'
[0.299s] Level 5:colcon.colcon_core.verb:set package 'data_processor' build argument 'cmake_target' from command line to 'None'
[0.299s] Level 5:colcon.colcon_core.verb:set package 'data_processor' build argument 'cmake_target_skip_unavailable' from command line to 'False'
[0.299s] Level 5:colcon.colcon_core.verb:set package 'data_processor' build argument 'cmake_clean_cache' from command line to 'False'
[0.299s] Level 5:colcon.colcon_core.verb:set package 'data_processor' build argument 'cmake_clean_first' from command line to 'False'
[0.300s] Level 5:colcon.colcon_core.verb:set package 'data_processor' build argument 'cmake_force_configure' from command line to 'False'
[0.300s] Level 5:colcon.colcon_core.verb:set package 'data_processor' build argument 'ament_cmake_args' from command line to 'None'
[0.300s] Level 5:colcon.colcon_core.verb:set package 'data_processor' build argument 'catkin_cmake_args' from command line to 'None'
[0.300s] Level 5:colcon.colcon_core.verb:set package 'data_processor' build argument 'catkin_skip_building_tests' from command line to 'False'
[0.300s] DEBUG:colcon.colcon_core.verb:Building package 'data_processor' with the following arguments: {'ament_cmake_args': None, 'build_base': '/home/charles/ros2_ws/build/data_processor', 'catkin_cmake_args': None, 'catkin_skip_building_tests': False, 'cmake_args': None, 'cmake_clean_cache': False, 'cmake_clean_first': False, 'cmake_force_configure': False, 'cmake_target': None, 'cmake_target_skip_unavailable': False, 'install_base': '/home/charles/ros2_ws/install/data_processor', 'merge_install': False, 'path': '/home/charles/ros2_ws/src/data_processor', 'symlink_install': False, 'test_result_base': None}
[0.300s] Level 5:colcon.colcon_core.verb:set package 'depth_processor' build argument 'cmake_args' from command line to 'None'
[0.300s] Level 5:colcon.colcon_core.verb:set package 'depth_processor' build argument 'cmake_target' from command line to 'None'
[0.300s] Level 5:colcon.colcon_core.verb:set package 'depth_processor' build argument 'cmake_target_skip_unavailable' from command line to 'False'
[0.300s] Level 5:colcon.colcon_core.verb:set package 'depth_processor' build argument 'cmake_clean_cache' from command line to 'False'
[0.300s] Level 5:colcon.colcon_core.verb:set package 'depth_processor' build argument 'cmake_clean_first' from command line to 'False'
[0.300s] Level 5:colcon.colcon_core.verb:set package 'depth_processor' build argument 'cmake_force_configure' from command line to 'False'
[0.300s] Level 5:colcon.colcon_core.verb:set package 'depth_processor' build argument 'ament_cmake_args' from command line to 'None'
[0.300s] Level 5:colcon.colcon_core.verb:set package 'depth_processor' build argument 'catkin_cmake_args' from command line to 'None'
[0.300s] Level 5:colcon.colcon_core.verb:set package 'depth_processor' build argument 'catkin_skip_building_tests' from command line to 'False'
[0.300s] DEBUG:colcon.colcon_core.verb:Building package 'depth_processor' with the following arguments: {'ament_cmake_args': None, 'build_base': '/home/charles/ros2_ws/build/depth_processor', 'catkin_cmake_args': None, 'catkin_skip_building_tests': False, 'cmake_args': None, 'cmake_clean_cache': False, 'cmake_clean_first': False, 'cmake_force_configure': False, 'cmake_target': None, 'cmake_target_skip_unavailable': False, 'install_base': '/home/charles/ros2_ws/install/depth_processor', 'merge_install': False, 'path': '/home/charles/ros2_ws/src/depth_processor', 'symlink_install': False, 'test_result_base': None}
[0.300s] Level 5:colcon.colcon_core.verb:set package 'raw_data_publisher' build argument 'cmake_args' from command line to 'None'
[0.300s] Level 5:colcon.colcon_core.verb:set package 'raw_data_publisher' build argument 'cmake_target' from command line to 'None'
[0.300s] Level 5:colcon.colcon_core.verb:set package 'raw_data_publisher' build argument 'cmake_target_skip_unavailable' from command line to 'False'
[0.300s] Level 5:colcon.colcon_core.verb:set package 'raw_data_publisher' build argument 'cmake_clean_cache' from command line to 'False'
[0.300s] Level 5:colcon.colcon_core.verb:set package 'raw_data_publisher' build argument 'cmake_clean_first' from command line to 'False'
[0.300s] Level 5:colcon.colcon_core.verb:set package 'raw_data_publisher' build argument 'cmake_force_configure' from command line to 'False'
[0.300s] Level 5:colcon.colcon_core.verb:set package 'raw_data_publisher' build argument 'ament_cmake_args' from command line to 'None'
[0.300s] Level 5:colcon.colcon_core.verb:set package 'raw_data_publisher' build argument 'catkin_cmake_args' from command line to 'None'
[0.300s] Level 5:colcon.colcon_core.verb:set package 'raw_data_publisher' build argument 'catkin_skip_building_tests' from command line to 'False'
[0.301s] DEBUG:colcon.colcon_core.verb:Building package 'raw_data_publisher' with the following arguments: {'ament_cmake_args': None, 'build_base': '/home/charles/ros2_ws/build/raw_data_publisher', 'catkin_cmake_args': None, 'catkin_skip_building_tests': False, 'cmake_args': None, 'cmake_clean_cache': False, 'cmake_clean_first': False, 'cmake_force_configure': False, 'cmake_target': None, 'cmake_target_skip_unavailable': False, 'install_base': '/home/charles/ros2_ws/install/raw_data_publisher', 'merge_install': False, 'path': '/home/charles/ros2_ws/src/raw_data_publisher', 'symlink_install': False, 'test_result_base': None}
[0.301s] INFO:colcon.colcon_core.executor:Executing jobs using 'parallel' executor
[0.302s] DEBUG:colcon.colcon_parallel_executor.executor.parallel:run_until_complete
[0.302s] INFO:colcon.colcon_ros.task.ament_python.build:Building ROS package in '/home/charles/ros2_ws/src/brain' with build type 'ament_python'
[0.302s] Level 1:colcon.colcon_core.shell:create_environment_hook('brain', 'ament_prefix_path')
[0.304s] INFO:colcon.colcon_core.plugin_system:Skipping extension 'colcon_core.shell.bat': Not used on non-Windows systems
[0.304s] INFO:colcon.colcon_core.shell:Creating environment hook '/home/charles/ros2_ws/install/brain/share/brain/hook/ament_prefix_path.ps1'
[0.305s] INFO:colcon.colcon_core.shell:Creating environment descriptor '/home/charles/ros2_ws/install/brain/share/brain/hook/ament_prefix_path.dsv'
[0.305s] INFO:colcon.colcon_core.shell:Creating environment hook '/home/charles/ros2_ws/install/brain/share/brain/hook/ament_prefix_path.sh'
[0.307s] INFO:colcon.colcon_core.shell:Skip shell extension 'powershell' for command environment: Not usable outside of PowerShell
[0.307s] DEBUG:colcon.colcon_core.shell:Skip shell extension 'dsv' for command environment
[0.311s] INFO:colcon.colcon_ros.task.ament_python.build:Building ROS package in '/home/charles/ros2_ws/src/data_processor' with build type 'ament_python'
[0.311s] Level 1:colcon.colcon_core.shell:create_environment_hook('data_processor', 'ament_prefix_path')
[0.312s] INFO:colcon.colcon_core.shell:Creating environment hook '/home/charles/ros2_ws/install/data_processor/share/data_processor/hook/ament_prefix_path.ps1'
[0.312s] INFO:colcon.colcon_core.shell:Creating environment descriptor '/home/charles/ros2_ws/install/data_processor/share/data_processor/hook/ament_prefix_path.dsv'
[0.313s] INFO:colcon.colcon_core.shell:Creating environment hook '/home/charles/ros2_ws/install/data_processor/share/data_processor/hook/ament_prefix_path.sh'
[0.314s] INFO:colcon.colcon_core.shell:Skip shell extension 'powershell' for command environment: Not usable outside of PowerShell
[0.314s] DEBUG:colcon.colcon_core.shell:Skip shell extension 'dsv' for command environment
[0.317s] INFO:colcon.colcon_ros.task.ament_python.build:Building ROS package in '/home/charles/ros2_ws/src/depth_processor' with build type 'ament_python'
[0.317s] Level 1:colcon.colcon_core.shell:create_environment_hook('depth_processor', 'ament_prefix_path')
[0.317s] INFO:colcon.colcon_core.shell:Creating environment hook '/home/charles/ros2_ws/install/depth_processor/share/depth_processor/hook/ament_prefix_path.ps1'
[0.318s] INFO:colcon.colcon_core.shell:Creating environment descriptor '/home/charles/ros2_ws/install/depth_processor/share/depth_processor/hook/ament_prefix_path.dsv'
[0.318s] INFO:colcon.colcon_core.shell:Creating environment hook '/home/charles/ros2_ws/install/depth_processor/share/depth_processor/hook/ament_prefix_path.sh'
[0.319s] INFO:colcon.colcon_core.shell:Skip shell extension 'powershell' for command environment: Not usable outside of PowerShell
[0.319s] DEBUG:colcon.colcon_core.shell:Skip shell extension 'dsv' for command environment
[0.322s] INFO:colcon.colcon_ros.task.ament_python.build:Building ROS package in '/home/charles/ros2_ws/src/raw_data_publisher' with build type 'ament_python'
[0.323s] Level 1:colcon.colcon_core.shell:create_environment_hook('raw_data_publisher', 'ament_prefix_path')
[0.323s] INFO:colcon.colcon_core.shell:Creating environment hook '/home/charles/ros2_ws/install/raw_data_publisher/share/raw_data_publisher/hook/ament_prefix_path.ps1'
[0.324s] INFO:colcon.colcon_core.shell:Creating environment descriptor '/home/charles/ros2_ws/install/raw_data_publisher/share/raw_data_publisher/hook/ament_prefix_path.dsv'
[0.324s] INFO:colcon.colcon_core.shell:Creating environment hook '/home/charles/ros2_ws/install/raw_data_publisher/share/raw_data_publisher/hook/ament_prefix_path.sh'
[0.325s] INFO:colcon.colcon_core.shell:Skip shell extension 'powershell' for command environment: Not usable outside of PowerShell
[0.325s] DEBUG:colcon.colcon_core.shell:Skip shell extension 'dsv' for command environment
[0.586s] INFO:colcon.colcon_core.task.python.build:Building Python package in '/home/charles/ros2_ws/src/brain'
[0.586s] INFO:colcon.colcon_core.shell:Skip shell extension 'powershell' for command environment: Not usable outside of PowerShell
[0.586s] DEBUG:colcon.colcon_core.shell:Skip shell extension 'dsv' for command environment
[0.841s] INFO:colcon.colcon_core.task.python.build:Building Python package in '/home/charles/ros2_ws/src/data_processor'
[0.841s] INFO:colcon.colcon_core.shell:Skip shell extension 'powershell' for command environment: Not usable outside of PowerShell
[0.842s] DEBUG:colcon.colcon_core.shell:Skip shell extension 'dsv' for command environment
[1.118s] INFO:colcon.colcon_core.task.python.build:Building Python package in '/home/charles/ros2_ws/src/depth_processor'
[1.119s] INFO:colcon.colcon_core.shell:Skip shell extension 'powershell' for command environment: Not usable outside of PowerShell
[1.119s] DEBUG:colcon.colcon_core.shell:Skip shell extension 'dsv' for command environment
[1.369s] WARNING:colcon.colcon_ros.task.ament_python.build:Package 'raw_data_publisher' doesn't explicitly install a marker in the package index (colcon-ros currently does it implicitly but that fallback will be removed in the future)
[1.369s] WARNING:colcon.colcon_ros.task.ament_python.build:Package 'raw_data_publisher' doesn't explicitly install the 'package.xml' file (colcon-ros currently does it implicitly but that fallback will be removed in the future)
[1.369s] INFO:colcon.colcon_core.task.python.build:Building Python package in '/home/charles/ros2_ws/src/raw_data_publisher'
[1.370s] INFO:colcon.colcon_core.shell:Skip shell extension 'powershell' for command environment: Not usable outside of PowerShell
[1.370s] DEBUG:colcon.colcon_core.shell:Skip shell extension 'dsv' for command environment
[2.388s] DEBUG:colcon.colcon_core.event_handler.log_command:Invoking command in '/home/charles/ros2_ws/src/data_processor': DEBUGINFOD_URLS=https://debuginfod.ubuntu.com PYTHONPATH=/home/charles/ros2_ws/build/data_processor/prefix_override:/usr/lib/python3/dist-packages/colcon_core/task/python/colcon_distutils_commands:/home/charles/ros2_ws/install/data_processor/lib/python3.12/site-packages:${PYTHONPATH} /usr/bin/python3 -W ignore:setup.py install is deprecated -W ignore:easy_install command is deprecated setup.py egg_info --egg-base ../../build/data_processor build --build-base /home/charles/ros2_ws/build/data_processor/build install --record /home/charles/ros2_ws/build/data_processor/install.log --single-version-externally-managed install_data
[2.430s] DEBUG:colcon.colcon_core.event_handler.log_command:Invoking command in '/home/charles/ros2_ws/src/raw_data_publisher': DEBUGINFOD_URLS=https://debuginfod.ubuntu.com PYTHONPATH=/home/charles/ros2_ws/build/raw_data_publisher/prefix_override:/usr/lib/python3/dist-packages/colcon_core/task/python/colcon_distutils_commands:/home/charles/ros2_ws/install/raw_data_publisher/lib/python3.12/site-packages:${PYTHONPATH} /usr/bin/python3 -W ignore:setup.py install is deprecated -W ignore:easy_install command is deprecated setup.py egg_info --egg-base ../../build/raw_data_publisher build --build-base /home/charles/ros2_ws/build/raw_data_publisher/build install --record /home/charles/ros2_ws/build/raw_data_publisher/install.log --single-version-externally-managed
[2.435s] DEBUG:colcon.colcon_core.event_handler.log_command:Invoking command in '/home/charles/ros2_ws/src/brain': DEBUGINFOD_URLS=https://debuginfod.ubuntu.com PYTHONPATH=/home/charles/ros2_ws/build/brain/prefix_override:/usr/lib/python3/dist-packages/colcon_core/task/python/colcon_distutils_commands:/home/charles/ros2_ws/install/brain/lib/python3.12/site-packages:${PYTHONPATH} /usr/bin/python3 -W ignore:setup.py install is deprecated -W ignore:easy_install command is deprecated setup.py egg_info --egg-base ../../build/brain build --build-base /home/charles/ros2_ws/build/brain/build install --record /home/charles/ros2_ws/build/brain/install.log --single-version-externally-managed install_data
[2.490s] DEBUG:colcon.colcon_core.event_handler.log_command:Invoking command in '/home/charles/ros2_ws/src/depth_processor': DEBUGINFOD_URLS=https://debuginfod.ubuntu.com PYTHONPATH=/home/charles/ros2_ws/build/depth_processor/prefix_override:/usr/lib/python3/dist-packages/colcon_core/task/python/colcon_distutils_commands:/home/charles/ros2_ws/install/depth_processor/lib/python3.12/site-packages:${PYTHONPATH} /usr/bin/python3 -W ignore:setup.py install is deprecated -W ignore:easy_install command is deprecated setup.py egg_info --egg-base ../../build/depth_processor build --build-base /home/charles/ros2_ws/build/depth_processor/build install --record /home/charles/ros2_ws/build/depth_processor/install.log --single-version-externally-managed install_data
[4.321s] DEBUG:colcon.colcon_core.event_handler.log_command:Invoked command in '/home/charles/ros2_ws/src/raw_data_publisher' returned '0': DEBUGINFOD_URLS=https://debuginfod.ubuntu.com PYTHONPATH=/home/charles/ros2_ws/build/raw_data_publisher/prefix_override:/usr/lib/python3/dist-packages/colcon_core/task/python/colcon_distutils_commands:/home/charles/ros2_ws/install/raw_data_publisher/lib/python3.12/site-packages:${PYTHONPATH} /usr/bin/python3 -W ignore:setup.py install is deprecated -W ignore:easy_install command is deprecated setup.py egg_info --egg-base ../../build/raw_data_publisher build --build-base /home/charles/ros2_ws/build/raw_data_publisher/build install --record /home/charles/ros2_ws/build/raw_data_publisher/install.log --single-version-externally-managed
[4.333s] Level 1:colcon.colcon_core.environment:checking '/home/charles/ros2_ws/install/raw_data_publisher' for CMake module files
[4.335s] Level 1:colcon.colcon_core.environment:checking '/home/charles/ros2_ws/install/raw_data_publisher' for CMake config files
[4.338s] Level 1:colcon.colcon_core.environment:checking '/home/charles/ros2_ws/install/raw_data_publisher/lib'
[4.341s] Level 1:colcon.colcon_core.environment:checking '/home/charles/ros2_ws/install/raw_data_publisher/bin'
[4.342s] Level 1:colcon.colcon_core.environment:checking '/home/charles/ros2_ws/install/raw_data_publisher/lib/pkgconfig/raw_data_publisher.pc'
[4.343s] Level 1:colcon.colcon_core.environment:checking '/home/charles/ros2_ws/install/raw_data_publisher/lib/python3.12/site-packages'
[4.344s] Level 1:colcon.colcon_core.shell:create_environment_hook('raw_data_publisher', 'pythonpath')
[4.345s] INFO:colcon.colcon_core.shell:Creating environment hook '/home/charles/ros2_ws/install/raw_data_publisher/share/raw_data_publisher/hook/pythonpath.ps1'
[4.347s] INFO:colcon.colcon_core.shell:Creating environment descriptor '/home/charles/ros2_ws/install/raw_data_publisher/share/raw_data_publisher/hook/pythonpath.dsv'
[4.349s] INFO:colcon.colcon_core.shell:Creating environment hook '/home/charles/ros2_ws/install/raw_data_publisher/share/raw_data_publisher/hook/pythonpath.sh'
[4.351s] Level 1:colcon.colcon_core.environment:checking '/home/charles/ros2_ws/install/raw_data_publisher/bin'
[4.352s] Level 1:colcon.colcon_core.environment:create_environment_scripts_only(raw_data_publisher)
[4.353s] INFO:colcon.colcon_core.shell:Creating package script '/home/charles/ros2_ws/install/raw_data_publisher/share/raw_data_publisher/package.ps1'
[4.359s] INFO:colcon.colcon_core.shell:Creating package descriptor '/home/charles/ros2_ws/install/raw_data_publisher/share/raw_data_publisher/package.dsv'
[4.362s] INFO:colcon.colcon_core.shell:Creating package script '/home/charles/ros2_ws/install/raw_data_publisher/share/raw_data_publisher/package.sh'
[4.365s] INFO:colcon.colcon_core.shell:Creating package script '/home/charles/ros2_ws/install/raw_data_publisher/share/raw_data_publisher/package.bash'
[4.367s] INFO:colcon.colcon_core.shell:Creating package script '/home/charles/ros2_ws/install/raw_data_publisher/share/raw_data_publisher/package.zsh'
[4.371s] Level 1:colcon.colcon_core.environment:create_file_with_runtime_dependencies(/home/charles/ros2_ws/install/raw_data_publisher/share/colcon-core/packages/raw_data_publisher)
[4.422s] Level 1:colcon.colcon_core.environment:checking '/home/charles/ros2_ws/install/data_processor' for CMake module files
[4.425s] DEBUG:colcon.colcon_core.event_handler.log_command:Invoked command in '/home/charles/ros2_ws/src/data_processor' returned '0': DEBUGINFOD_URLS=https://debuginfod.ubuntu.com PYTHONPATH=/home/charles/ros2_ws/build/data_processor/prefix_override:/usr/lib/python3/dist-packages/colcon_core/task/python/colcon_distutils_commands:/home/charles/ros2_ws/install/data_processor/lib/python3.12/site-packages:${PYTHONPATH} /usr/bin/python3 -W ignore:setup.py install is deprecated -W ignore:easy_install command is deprecated setup.py egg_info --egg-base ../../build/data_processor build --build-base /home/charles/ros2_ws/build/data_processor/build install --record /home/charles/ros2_ws/build/data_processor/install.log --single-version-externally-managed install_data
[4.427s] Level 1:colcon.colcon_core.environment:checking '/home/charles/ros2_ws/install/data_processor' for CMake config files
[4.432s] Level 1:colcon.colcon_core.environment:checking '/home/charles/ros2_ws/install/data_processor/lib'
[4.432s] Level 1:colcon.colcon_core.environment:checking '/home/charles/ros2_ws/install/data_processor/bin'
[4.433s] Level 1:colcon.colcon_core.environment:checking '/home/charles/ros2_ws/install/data_processor/lib/pkgconfig/data_processor.pc'
[4.434s] Level 1:colcon.colcon_core.environment:checking '/home/charles/ros2_ws/install/data_processor/lib/python3.12/site-packages'
[4.435s] Level 1:colcon.colcon_core.shell:create_environment_hook('data_processor', 'pythonpath')
[4.436s] INFO:colcon.colcon_core.shell:Creating environment hook '/home/charles/ros2_ws/install/data_processor/share/data_processor/hook/pythonpath.ps1'
[4.437s] INFO:colcon.colcon_core.shell:Creating environment descriptor '/home/charles/ros2_ws/install/data_processor/share/data_processor/hook/pythonpath.dsv'
[4.438s] INFO:colcon.colcon_core.shell:Creating environment hook '/home/charles/ros2_ws/install/data_processor/share/data_processor/hook/pythonpath.sh'
[4.441s] Level 1:colcon.colcon_core.environment:checking '/home/charles/ros2_ws/install/data_processor/bin'
[4.442s] Level 1:colcon.colcon_core.environment:create_environment_scripts_only(data_processor)
[4.443s] INFO:colcon.colcon_core.shell:Creating package script '/home/charles/ros2_ws/install/data_processor/share/data_processor/package.ps1'
[4.446s] INFO:colcon.colcon_core.shell:Creating package descriptor '/home/charles/ros2_ws/install/data_processor/share/data_processor/package.dsv'
[4.448s] INFO:colcon.colcon_core.shell:Creating package script '/home/charles/ros2_ws/install/data_processor/share/data_processor/package.sh'
[4.450s] INFO:colcon.colcon_core.shell:Creating package script '/home/charles/ros2_ws/install/data_processor/share/data_processor/package.bash'
[4.453s] INFO:colcon.colcon_core.shell:Creating package script '/home/charles/ros2_ws/install/data_processor/share/data_processor/package.zsh'
[4.455s] Level 1:colcon.colcon_core.environment:create_file_with_runtime_dependencies(/home/charles/ros2_ws/install/data_processor/share/colcon-core/packages/data_processor)
[4.522s] Level 1:colcon.colcon_core.environment:checking '/home/charles/ros2_ws/install/brain' for CMake module files
[4.524s] DEBUG:colcon.colcon_core.event_handler.log_command:Invoked command in '/home/charles/ros2_ws/src/brain' returned '0': DEBUGINFOD_URLS=https://debuginfod.ubuntu.com PYTHONPATH=/home/charles/ros2_ws/build/brain/prefix_override:/usr/lib/python3/dist-packages/colcon_core/task/python/colcon_distutils_commands:/home/charles/ros2_ws/install/brain/lib/python3.12/site-packages:${PYTHONPATH} /usr/bin/python3 -W ignore:setup.py install is deprecated -W ignore:easy_install command is deprecated setup.py egg_info --egg-base ../../build/brain build --build-base /home/charles/ros2_ws/build/brain/build install --record /home/charles/ros2_ws/build/brain/install.log --single-version-externally-managed install_data
[4.526s] Level 1:colcon.colcon_core.environment:checking '/home/charles/ros2_ws/install/brain' for CMake config files
[4.529s] Level 1:colcon.colcon_core.environment:checking '/home/charles/ros2_ws/install/brain/lib'
[4.530s] Level 1:colcon.colcon_core.environment:checking '/home/charles/ros2_ws/install/brain/bin'
[4.530s] Level 1:colcon.colcon_core.environment:checking '/home/charles/ros2_ws/install/brain/lib/pkgconfig/brain.pc'
[4.531s] Level 1:colcon.colcon_core.environment:checking '/home/charles/ros2_ws/install/brain/lib/python3.12/site-packages'
[4.532s] Level 1:colcon.colcon_core.shell:create_environment_hook('brain', 'pythonpath')
[4.533s] INFO:colcon.colcon_core.shell:Creating environment hook '/home/charles/ros2_ws/install/brain/share/brain/hook/pythonpath.ps1'
[4.535s] INFO:colcon.colcon_core.shell:Creating environment descriptor '/home/charles/ros2_ws/install/brain/share/brain/hook/pythonpath.dsv'
[4.537s] INFO:colcon.colcon_core.shell:Creating environment hook '/home/charles/ros2_ws/install/brain/share/brain/hook/pythonpath.sh'
[4.539s] Level 1:colcon.colcon_core.environment:checking '/home/charles/ros2_ws/install/brain/bin'
[4.539s] Level 1:colcon.colcon_core.environment:create_environment_scripts_only(brain)
[4.540s] INFO:colcon.colcon_core.shell:Creating package script '/home/charles/ros2_ws/install/brain/share/brain/package.ps1'
[4.543s] INFO:colcon.colcon_core.shell:Creating package descriptor '/home/charles/ros2_ws/install/brain/share/brain/package.dsv'
[4.546s] INFO:colcon.colcon_core.shell:Creating package script '/home/charles/ros2_ws/install/brain/share/brain/package.sh'
[4.549s] INFO:colcon.colcon_core.shell:Creating package script '/home/charles/ros2_ws/install/brain/share/brain/package.bash'
[4.551s] INFO:colcon.colcon_core.shell:Creating package script '/home/charles/ros2_ws/install/brain/share/brain/package.zsh'
[4.553s] Level 1:colcon.colcon_core.environment:create_file_with_runtime_dependencies(/home/charles/ros2_ws/install/brain/share/colcon-core/packages/brain)
[4.616s] Level 1:colcon.colcon_core.environment:checking '/home/charles/ros2_ws/install/depth_processor' for CMake module files
[4.617s] DEBUG:colcon.colcon_core.event_handler.log_command:Invoked command in '/home/charles/ros2_ws/src/depth_processor' returned '0': DEBUGINFOD_URLS=https://debuginfod.ubuntu.com PYTHONPATH=/home/charles/ros2_ws/build/depth_processor/prefix_override:/usr/lib/python3/dist-packages/colcon_core/task/python/colcon_distutils_commands:/home/charles/ros2_ws/install/depth_processor/lib/python3.12/site-packages:${PYTHONPATH} /usr/bin/python3 -W ignore:setup.py install is deprecated -W ignore:easy_install command is deprecated setup.py egg_info --egg-base ../../build/depth_processor build --build-base /home/charles/ros2_ws/build/depth_processor/build install --record /home/charles/ros2_ws/build/depth_processor/install.log --single-version-externally-managed install_data
[4.619s] Level 1:colcon.colcon_core.environment:checking '/home/charles/ros2_ws/install/depth_processor' for CMake config files
[4.621s] Level 1:colcon.colcon_core.environment:checking '/home/charles/ros2_ws/install/depth_processor/lib'
[4.622s] Level 1:colcon.colcon_core.environment:checking '/home/charles/ros2_ws/install/depth_processor/bin'
[4.622s] Level 1:colcon.colcon_core.environment:checking '/home/charles/ros2_ws/install/depth_processor/lib/pkgconfig/depth_processor.pc'
[4.623s] Level 1:colcon.colcon_core.environment:checking '/home/charles/ros2_ws/install/depth_processor/lib/python3.12/site-packages'
[4.623s] Level 1:colcon.colcon_core.shell:create_environment_hook('depth_processor', 'pythonpath')
[4.624s] INFO:colcon.colcon_core.shell:Creating environment hook '/home/charles/ros2_ws/install/depth_processor/share/depth_processor/hook/pythonpath.ps1'
[4.626s] INFO:colcon.colcon_core.shell:Creating environment descriptor '/home/charles/ros2_ws/install/depth_processor/share/depth_processor/hook/pythonpath.dsv'
[4.628s] INFO:colcon.colcon_core.shell:Creating environment hook '/home/charles/ros2_ws/install/depth_processor/share/depth_processor/hook/pythonpath.sh'
[4.631s] Level 1:colcon.colcon_core.environment:checking '/home/charles/ros2_ws/install/depth_processor/bin'
[4.632s] Level 1:colcon.colcon_core.environment:create_environment_scripts_only(depth_processor)
[4.633s] INFO:colcon.colcon_core.shell:Creating package script '/home/charles/ros2_ws/install/depth_processor/share/depth_processor/package.ps1'
[4.635s] INFO:colcon.colcon_core.shell:Creating package descriptor '/home/charles/ros2_ws/install/depth_processor/share/depth_processor/package.dsv'
[4.637s] INFO:colcon.colcon_core.shell:Creating package script '/home/charles/ros2_ws/install/depth_processor/share/depth_processor/package.sh'
[4.639s] INFO:colcon.colcon_core.shell:Creating package script '/home/charles/ros2_ws/install/depth_processor/share/depth_processor/package.bash'
[4.641s] INFO:colcon.colcon_core.shell:Creating package script '/home/charles/ros2_ws/install/depth_processor/share/depth_processor/package.zsh'
[4.643s] Level 1:colcon.colcon_core.environment:create_file_with_runtime_dependencies(/home/charles/ros2_ws/install/depth_processor/share/colcon-core/packages/depth_processor)
[4.644s] DEBUG:colcon.colcon_parallel_executor.executor.parallel:closing loop
[4.645s] DEBUG:colcon.colcon_parallel_executor.executor.parallel:loop closed
[4.646s] DEBUG:colcon.colcon_parallel_executor.executor.parallel:run_until_complete finished with '0'
[4.646s] DEBUG:colcon.colcon_core.event_reactor:joining thread
[4.664s] INFO:colcon.colcon_core.plugin_system:Skipping extension 'colcon_notification.desktop_notification.terminal_notifier': Not used on non-Darwin systems
[4.664s] INFO:colcon.colcon_core.plugin_system:Skipping extension 'colcon_notification.desktop_notification.win32': Not used on non-Windows systems
[4.665s] INFO:colcon.colcon_notification.desktop_notification:Sending desktop notification using 'notify2'
[4.711s] DEBUG:colcon.colcon_core.event_reactor:joined thread
[4.712s] INFO:colcon.colcon_core.shell:Creating prefix script '/home/charles/ros2_ws/install/local_setup.ps1'
[4.716s] INFO:colcon.colcon_core.shell:Creating prefix util module '/home/charles/ros2_ws/install/_local_setup_util_ps1.py'
[4.722s] INFO:colcon.colcon_core.shell:Creating prefix chain script '/home/charles/ros2_ws/install/setup.ps1'
[4.727s] INFO:colcon.colcon_core.shell:Creating prefix script '/home/charles/ros2_ws/install/local_setup.sh'
[4.729s] INFO:colcon.colcon_core.shell:Creating prefix util module '/home/charles/ros2_ws/install/_local_setup_util_sh.py'
[4.733s] INFO:colcon.colcon_core.shell:Creating prefix chain script '/home/charles/ros2_ws/install/setup.sh'
[4.738s] INFO:colcon.colcon_core.shell:Creating prefix script '/home/charles/ros2_ws/install/local_setup.bash'
[4.740s] INFO:colcon.colcon_core.shell:Creating prefix chain script '/home/charles/ros2_ws/install/setup.bash'
[4.744s] INFO:colcon.colcon_core.shell:Creating prefix script '/home/charles/ros2_ws/install/local_setup.zsh'
[4.746s] INFO:colcon.colcon_core.shell:Creating prefix chain script '/home/charles/ros2_ws/install/setup.zsh'
