[1.837s] Invoking command in '/home/charles/ros2_ws/src/depth_processor': DEBUGINFOD_URLS=https://debuginfod.ubuntu.com PYTHONPATH=/home/charles/ros2_ws/build/depth_processor/prefix_override:/usr/lib/python3/dist-packages/colcon_core/task/python/colcon_distutils_commands:/home/charles/ros2_ws/install/depth_processor/lib/python3.12/site-packages:${PYTHONPATH} /usr/bin/python3 -W ignore:setup.py install is deprecated -W ignore:easy_install command is deprecated setup.py egg_info --egg-base ../../build/depth_processor build --build-base /home/charles/ros2_ws/build/depth_processor/build install --record /home/charles/ros2_ws/build/depth_processor/install.log --single-version-externally-managed install_data
[2.203s] running egg_info
[2.230s] writing ../../build/depth_processor/depth_processor.egg-info/PKG-INFO
[2.230s] writing dependency_links to ../../build/depth_processor/depth_processor.egg-info/dependency_links.txt
[2.230s] writing entry points to ../../build/depth_processor/depth_processor.egg-info/entry_points.txt
[2.230s] writing requirements to ../../build/depth_processor/depth_processor.egg-info/requires.txt
[2.231s] writing top-level names to ../../build/depth_processor/depth_processor.egg-info/top_level.txt
[2.286s] reading manifest file '../../build/depth_processor/depth_processor.egg-info/SOURCES.txt'
[2.287s] writing manifest file '../../build/depth_processor/depth_processor.egg-info/SOURCES.txt'
[2.287s] running build
[2.287s] running build_py
[2.287s] copying depth_processor/scripts/process_depth.py -> /home/charles/ros2_ws/build/depth_processor/build/lib/depth_processor/scripts
[2.288s] running install
[2.296s] running install_lib
[2.324s] copying /home/charles/ros2_ws/build/depth_processor/build/lib/depth_processor/scripts/process_depth.py -> /home/charles/ros2_ws/install/depth_processor/lib/python3.12/site-packages/depth_processor/scripts
[2.324s] byte-compiling /home/charles/ros2_ws/install/depth_processor/lib/python3.12/site-packages/depth_processor/scripts/process_depth.py to process_depth.cpython-312.pyc
[2.325s] running install_data
[2.325s] running install_egg_info
[2.354s] removing '/home/charles/ros2_ws/install/depth_processor/lib/python3.12/site-packages/depth_processor-0.0.0-py3.12.egg-info' (and everything under it)
[2.354s] Copying ../../build/depth_processor/depth_processor.egg-info to /home/charles/ros2_ws/install/depth_processor/lib/python3.12/site-packages/depth_processor-0.0.0-py3.12.egg-info
[2.355s] running install_scripts
[2.549s] Installing mapping script to /home/charles/ros2_ws/install/depth_processor/lib/depth_processor
[2.549s] Installing process_depth script to /home/charles/ros2_ws/install/depth_processor/lib/depth_processor
[2.549s] writing list of installed files to '/home/charles/ros2_ws/build/depth_processor/install.log'
[2.595s] Invoked command in '/home/charles/ros2_ws/src/depth_processor' returned '0': DEBUGINFOD_URLS=https://debuginfod.ubuntu.com PYTHONPATH=/home/charles/ros2_ws/build/depth_processor/prefix_override:/usr/lib/python3/dist-packages/colcon_core/task/python/colcon_distutils_commands:/home/charles/ros2_ws/install/depth_processor/lib/python3.12/site-packages:${PYTHONPATH} /usr/bin/python3 -W ignore:setup.py install is deprecated -W ignore:easy_install command is deprecated setup.py egg_info --egg-base ../../build/depth_processor build --build-base /home/charles/ros2_ws/build/depth_processor/build install --record /home/charles/ros2_ws/build/depth_processor/install.log --single-version-externally-managed install_data
