[2.245s] Invoking command in '/home/charles/ros2_ws/src/raw_data_publisher': DEBUGINFOD_URLS=https://debuginfod.ubuntu.com PYTHONPATH=/home/charles/ros2_ws/build/raw_data_publisher/prefix_override:/usr/lib/python3/dist-packages/colcon_core/task/python/colcon_distutils_commands:/home/charles/ros2_ws/install/raw_data_publisher/lib/python3.12/site-packages:${PYTHONPATH} /usr/bin/python3 -W ignore:setup.py install is deprecated -W ignore:easy_install command is deprecated setup.py egg_info --egg-base ../../build/raw_data_publisher build --build-base /home/charles/ros2_ws/build/raw_data_publisher/build install --record /home/charles/ros2_ws/build/raw_data_publisher/install.log --single-version-externally-managed
[2.925s] running egg_info
[2.984s] writing ../../build/raw_data_publisher/raw_data_publisher.egg-info/PKG-INFO
[2.984s] writing dependency_links to ../../build/raw_data_publisher/raw_data_publisher.egg-info/dependency_links.txt
[2.985s] writing entry points to ../../build/raw_data_publisher/raw_data_publisher.egg-info/entry_points.txt
[2.985s] writing requirements to ../../build/raw_data_publisher/raw_data_publisher.egg-info/requires.txt
[2.985s] writing top-level names to ../../build/raw_data_publisher/raw_data_publisher.egg-info/top_level.txt
[3.098s] reading manifest file '../../build/raw_data_publisher/raw_data_publisher.egg-info/SOURCES.txt'
[3.101s] writing manifest file '../../build/raw_data_publisher/raw_data_publisher.egg-info/SOURCES.txt'
[3.101s] running build
[3.102s] running build_py
[3.102s] running install
[3.119s] running install_lib
[3.181s] running install_egg_info
[3.239s] removing '/home/charles/ros2_ws/install/raw_data_publisher/lib/python3.12/site-packages/raw_data_publisher-0.0.0-py3.12.egg-info' (and everything under it)
[3.240s] Copying ../../build/raw_data_publisher/raw_data_publisher.egg-info to /home/charles/ros2_ws/install/raw_data_publisher/lib/python3.12/site-packages/raw_data_publisher-0.0.0-py3.12.egg-info
[3.243s] running install_scripts
[3.645s] Installing imu_publisher script to /home/charles/ros2_ws/install/raw_data_publisher/lib/raw_data_publisher
[3.646s] Installing tof_publisher script to /home/charles/ros2_ws/install/raw_data_publisher/lib/raw_data_publisher
[3.647s] writing list of installed files to '/home/charles/ros2_ws/build/raw_data_publisher/install.log'
[3.740s] Invoked command in '/home/charles/ros2_ws/src/raw_data_publisher' returned '0': DEBUGINFOD_URLS=https://debuginfod.ubuntu.com PYTHONPATH=/home/charles/ros2_ws/build/raw_data_publisher/prefix_override:/usr/lib/python3/dist-packages/colcon_core/task/python/colcon_distutils_commands:/home/charles/ros2_ws/install/raw_data_publisher/lib/python3.12/site-packages:${PYTHONPATH} /usr/bin/python3 -W ignore:setup.py install is deprecated -W ignore:easy_install command is deprecated setup.py egg_info --egg-base ../../build/raw_data_publisher build --build-base /home/charles/ros2_ws/build/raw_data_publisher/build install --record /home/charles/ros2_ws/build/raw_data_publisher/install.log --single-version-externally-managed
