[2.083s] Invoking command in '/home/charles/ros2_ws/src/brain': DEBUGINFOD_URLS=https://debuginfod.ubuntu.com PYTHONPATH=/home/charles/ros2_ws/build/brain/prefix_override:/usr/lib/python3/dist-packages/colcon_core/task/python/colcon_distutils_commands:/home/charles/ros2_ws/install/brain/lib/python3.12/site-packages:${PYTHONPATH} /usr/bin/python3 -W ignore:setup.py install is deprecated -W ignore:easy_install command is deprecated setup.py egg_info --egg-base ../../build/brain build --build-base /home/charles/ros2_ws/build/brain/build install --record /home/charles/ros2_ws/build/brain/install.log --single-version-externally-managed install_data
[2.438s] running egg_info
[2.463s] writing ../../build/brain/brain.egg-info/PKG-INFO
[2.463s] writing dependency_links to ../../build/brain/brain.egg-info/dependency_links.txt
[2.463s] writing entry points to ../../build/brain/brain.egg-info/entry_points.txt
[2.463s] writing requirements to ../../build/brain/brain.egg-info/requires.txt
[2.464s] writing top-level names to ../../build/brain/brain.egg-info/top_level.txt
[2.521s] reading manifest file '../../build/brain/brain.egg-info/SOURCES.txt'
[2.522s] writing manifest file '../../build/brain/brain.egg-info/SOURCES.txt'
[2.522s] running build
[2.522s] running build_py
[2.522s] running install
[2.532s] running install_lib
[2.558s] running install_data
[2.559s] running install_egg_info
[2.587s] removing '/home/charles/ros2_ws/install/brain/lib/python3.12/site-packages/brain-0.0.0-py3.12.egg-info' (and everything under it)
[2.588s] Copying ../../build/brain/brain.egg-info to /home/charles/ros2_ws/install/brain/lib/python3.12/site-packages/brain-0.0.0-py3.12.egg-info
[2.589s] running install_scripts
[2.766s] Installing brain_listener script to /home/charles/ros2_ws/install/brain/lib/brain
[2.766s] Installing command_listener script to /home/charles/ros2_ws/install/brain/lib/brain
[2.767s] writing list of installed files to '/home/charles/ros2_ws/build/brain/install.log'
[2.810s] Invoked command in '/home/charles/ros2_ws/src/brain' returned '0': DEBUGINFOD_URLS=https://debuginfod.ubuntu.com PYTHONPATH=/home/charles/ros2_ws/build/brain/prefix_override:/usr/lib/python3/dist-packages/colcon_core/task/python/colcon_distutils_commands:/home/charles/ros2_ws/install/brain/lib/python3.12/site-packages:${PYTHONPATH} /usr/bin/python3 -W ignore:setup.py install is deprecated -W ignore:easy_install command is deprecated setup.py egg_info --egg-base ../../build/brain build --build-base /home/charles/ros2_ws/build/brain/build install --record /home/charles/ros2_ws/build/brain/install.log --single-version-externally-managed install_data
