[0.096s] DEBUG:colcon:Command line arguments: ['/usr/bin/colcon', 'build']
[0.096s] DEBUG:colcon:Parsed command line arguments: Namespace(log_base=None, log_level=None, verb_name='build', build_base='build', install_base='install', merge_install=False, symlink_install=False, test_result_base=None, continue_on_error=False, executor='parallel', parallel_workers=8, event_handlers=None, ignore_user_meta=False, metas=['./colcon.meta'], base_paths=['.'], packages_ignore=None, packages_ignore_regex=None, paths=None, packages_up_to=None, packages_up_to_regex=None, packages_above=None, packages_above_and_dependencies=None, packages_above_depth=None, packages_select_by_dep=None, packages_skip_by_dep=None, packages_skip_up_to=None, packages_select_build_failed=False, packages_skip_build_finished=False, packages_select_test_failures=False, packages_skip_test_passed=False, packages_select=None, packages_skip=None, packages_select_regex=None, packages_skip_regex=None, packages_start=None, packages_end=None, allow_overriding=[], cmake_args=None, cmake_target=None, cmake_target_skip_unavailable=False, cmake_clean_cache=False, cmake_clean_first=False, cmake_force_configure=False, ament_cmake_args=None, catkin_cmake_args=None, catkin_skip_building_tests=False, verb_parser=<colcon_defaults.argument_parser.defaults.DefaultArgumentsDecorator object at 0x78631e6820f0>, verb_extension=<colcon_core.verb.build.BuildVerb object at 0x78631e681eb0>, main=<bound method BuildVerb.main of <colcon_core.verb.build.BuildVerb object at 0x78631e681eb0>>)
[0.133s] Level 1:colcon.colcon_core.package_discovery:discover_packages(colcon_meta) check parameters
[0.133s] Level 1:colcon.colcon_core.package_discovery:discover_packages(recursive) check parameters
[0.133s] Level 1:colcon.colcon_core.package_discovery:discover_packages(ignore) check parameters
[0.133s] Level 1:colcon.colcon_core.package_discovery:discover_packages(path) check parameters
[0.133s] Level 1:colcon.colcon_core.package_discovery:discover_packages(colcon_meta) discover
[0.133s] Level 1:colcon.colcon_core.package_discovery:discover_packages(recursive) discover
[0.133s] INFO:colcon.colcon_core.package_discovery:Crawling recursively for packages in '/home/charles/ros2_ws'
[0.133s] Level 1:colcon.colcon_core.package_identification:_identify(.) by extensions ['ignore', 'ignore_ament_install']
[0.133s] Level 1:colcon.colcon_core.package_identification:_identify(.) by extension 'ignore'
[0.133s] Level 1:colcon.colcon_core.package_identification:_identify(.) by extension 'ignore_ament_install'
[0.134s] Level 1:colcon.colcon_core.package_identification:_identify(.) by extensions ['colcon_pkg']
[0.134s] Level 1:colcon.colcon_core.package_identification:_identify(.) by extension 'colcon_pkg'
[0.134s] Level 1:colcon.colcon_core.package_identification:_identify(.) by extensions ['colcon_meta']
[0.134s] Level 1:colcon.colcon_core.package_identification:_identify(.) by extension 'colcon_meta'
[0.134s] Level 1:colcon.colcon_core.package_identification:_identify(.) by extensions ['ros']
[0.134s] Level 1:colcon.colcon_core.package_identification:_identify(.) by extension 'ros'
[0.158s] Level 1:colcon.colcon_core.package_identification:_identify(.) by extensions ['cmake', 'python']
[0.158s] Level 1:colcon.colcon_core.package_identification:_identify(.) by extension 'cmake'
[0.158s] Level 1:colcon.colcon_core.package_identification:_identify(.) by extension 'python'
[0.158s] Level 1:colcon.colcon_core.package_identification:_identify(.) by extensions ['python_setup_py']
[0.158s] Level 1:colcon.colcon_core.package_identification:_identify(.) by extension 'python_setup_py'
[0.158s] Level 1:colcon.colcon_core.package_identification:_identify(build) by extensions ['ignore', 'ignore_ament_install']
[0.158s] Level 1:colcon.colcon_core.package_identification:_identify(build) by extension 'ignore'
[0.158s] Level 1:colcon.colcon_core.package_identification:_identify(build) ignored
[0.158s] Level 1:colcon.colcon_core.package_identification:_identify(install) by extensions ['ignore', 'ignore_ament_install']
[0.158s] Level 1:colcon.colcon_core.package_identification:_identify(install) by extension 'ignore'
[0.158s] Level 1:colcon.colcon_core.package_identification:_identify(install) ignored
[0.159s] Level 1:colcon.colcon_core.package_identification:_identify(log) by extensions ['ignore', 'ignore_ament_install']
[0.159s] Level 1:colcon.colcon_core.package_identification:_identify(log) by extension 'ignore'
[0.159s] Level 1:colcon.colcon_core.package_identification:_identify(log) ignored
[0.159s] Level 1:colcon.colcon_core.package_identification:_identify(src) by extensions ['ignore', 'ignore_ament_install']
[0.159s] Level 1:colcon.colcon_core.package_identification:_identify(src) by extension 'ignore'
[0.159s] Level 1:colcon.colcon_core.package_identification:_identify(src) by extension 'ignore_ament_install'
[0.159s] Level 1:colcon.colcon_core.package_identification:_identify(src) by extensions ['colcon_pkg']
[0.159s] Level 1:colcon.colcon_core.package_identification:_identify(src) by extension 'colcon_pkg'
[0.159s] Level 1:colcon.colcon_core.package_identification:_identify(src) by extensions ['colcon_meta']
[0.159s] Level 1:colcon.colcon_core.package_identification:_identify(src) by extension 'colcon_meta'
[0.159s] Level 1:colcon.colcon_core.package_identification:_identify(src) by extensions ['ros']
[0.159s] Level 1:colcon.colcon_core.package_identification:_identify(src) by extension 'ros'
[0.159s] Level 1:colcon.colcon_core.package_identification:_identify(src) by extensions ['cmake', 'python']
[0.159s] Level 1:colcon.colcon_core.package_identification:_identify(src) by extension 'cmake'
[0.159s] Level 1:colcon.colcon_core.package_identification:_identify(src) by extension 'python'
[0.159s] Level 1:colcon.colcon_core.package_identification:_identify(src) by extensions ['python_setup_py']
[0.159s] Level 1:colcon.colcon_core.package_identification:_identify(src) by extension 'python_setup_py'
[0.159s] Level 1:colcon.colcon_core.package_identification:_identify(src/brain) by extensions ['ignore', 'ignore_ament_install']
[0.159s] Level 1:colcon.colcon_core.package_identification:_identify(src/brain) by extension 'ignore'
[0.160s] Level 1:colcon.colcon_core.package_identification:_identify(src/brain) by extension 'ignore_ament_install'
[0.160s] Level 1:colcon.colcon_core.package_identification:_identify(src/brain) by extensions ['colcon_pkg']
[0.160s] Level 1:colcon.colcon_core.package_identification:_identify(src/brain) by extension 'colcon_pkg'
[0.160s] Level 1:colcon.colcon_core.package_identification:_identify(src/brain) by extensions ['colcon_meta']
[0.160s] Level 1:colcon.colcon_core.package_identification:_identify(src/brain) by extension 'colcon_meta'
[0.160s] Level 1:colcon.colcon_core.package_identification:_identify(src/brain) by extensions ['ros']
[0.160s] Level 1:colcon.colcon_core.package_identification:_identify(src/brain) by extension 'ros'
[0.163s] DEBUG:colcon.colcon_core.package_identification:Package 'src/brain' with type 'ros.ament_python' and name 'brain'
[0.163s] Level 1:colcon.colcon_core.package_identification:_identify(src/data_processor) by extensions ['ignore', 'ignore_ament_install']
[0.163s] Level 1:colcon.colcon_core.package_identification:_identify(src/data_processor) by extension 'ignore'
[0.164s] Level 1:colcon.colcon_core.package_identification:_identify(src/data_processor) by extension 'ignore_ament_install'
[0.164s] Level 1:colcon.colcon_core.package_identification:_identify(src/data_processor) by extensions ['colcon_pkg']
[0.164s] Level 1:colcon.colcon_core.package_identification:_identify(src/data_processor) by extension 'colcon_pkg'
[0.164s] Level 1:colcon.colcon_core.package_identification:_identify(src/data_processor) by extensions ['colcon_meta']
[0.164s] Level 1:colcon.colcon_core.package_identification:_identify(src/data_processor) by extension 'colcon_meta'
[0.164s] Level 1:colcon.colcon_core.package_identification:_identify(src/data_processor) by extensions ['ros']
[0.164s] Level 1:colcon.colcon_core.package_identification:_identify(src/data_processor) by extension 'ros'
[0.164s] DEBUG:colcon.colcon_core.package_identification:Package 'src/data_processor' with type 'ros.ament_python' and name 'data_processor'
[0.164s] Level 1:colcon.colcon_core.package_identification:_identify(src/depth_processor) by extensions ['ignore', 'ignore_ament_install']
[0.164s] Level 1:colcon.colcon_core.package_identification:_identify(src/depth_processor) by extension 'ignore'
[0.164s] Level 1:colcon.colcon_core.package_identification:_identify(src/depth_processor) by extension 'ignore_ament_install'
[0.164s] Level 1:colcon.colcon_core.package_identification:_identify(src/depth_processor) by extensions ['colcon_pkg']
[0.165s] Level 1:colcon.colcon_core.package_identification:_identify(src/depth_processor) by extension 'colcon_pkg'
[0.165s] Level 1:colcon.colcon_core.package_identification:_identify(src/depth_processor) by extensions ['colcon_meta']
[0.165s] Level 1:colcon.colcon_core.package_identification:_identify(src/depth_processor) by extension 'colcon_meta'
[0.165s] Level 1:colcon.colcon_core.package_identification:_identify(src/depth_processor) by extensions ['ros']
[0.165s] Level 1:colcon.colcon_core.package_identification:_identify(src/depth_processor) by extension 'ros'
[0.165s] DEBUG:colcon.colcon_core.package_identification:Package 'src/depth_processor' with type 'ros.ament_python' and name 'depth_processor'
[0.165s] Level 1:colcon.colcon_core.package_identification:_identify(src/joy_publisher) by extensions ['ignore', 'ignore_ament_install']
[0.165s] Level 1:colcon.colcon_core.package_identification:_identify(src/joy_publisher) by extension 'ignore'
[0.165s] Level 1:colcon.colcon_core.package_identification:_identify(src/joy_publisher) by extension 'ignore_ament_install'
[0.166s] Level 1:colcon.colcon_core.package_identification:_identify(src/joy_publisher) by extensions ['colcon_pkg']
[0.166s] Level 1:colcon.colcon_core.package_identification:_identify(src/joy_publisher) by extension 'colcon_pkg'
[0.166s] Level 1:colcon.colcon_core.package_identification:_identify(src/joy_publisher) by extensions ['colcon_meta']
[0.166s] Level 1:colcon.colcon_core.package_identification:_identify(src/joy_publisher) by extension 'colcon_meta'
[0.166s] Level 1:colcon.colcon_core.package_identification:_identify(src/joy_publisher) by extensions ['ros']
[0.166s] Level 1:colcon.colcon_core.package_identification:_identify(src/joy_publisher) by extension 'ros'
[0.166s] DEBUG:colcon.colcon_core.package_identification:Package 'src/joy_publisher' with type 'ros.ament_python' and name 'joy_publisher'
[0.166s] Level 1:colcon.colcon_core.package_identification:_identify(src/raw_data_publisher) by extensions ['ignore', 'ignore_ament_install']
[0.166s] Level 1:colcon.colcon_core.package_identification:_identify(src/raw_data_publisher) by extension 'ignore'
[0.166s] Level 1:colcon.colcon_core.package_identification:_identify(src/raw_data_publisher) by extension 'ignore_ament_install'
[0.167s] Level 1:colcon.colcon_core.package_identification:_identify(src/raw_data_publisher) by extensions ['colcon_pkg']
[0.167s] Level 1:colcon.colcon_core.package_identification:_identify(src/raw_data_publisher) by extension 'colcon_pkg'
[0.167s] Level 1:colcon.colcon_core.package_identification:_identify(src/raw_data_publisher) by extensions ['colcon_meta']
[0.167s] Level 1:colcon.colcon_core.package_identification:_identify(src/raw_data_publisher) by extension 'colcon_meta'
[0.167s] Level 1:colcon.colcon_core.package_identification:_identify(src/raw_data_publisher) by extensions ['ros']
[0.167s] Level 1:colcon.colcon_core.package_identification:_identify(src/raw_data_publisher) by extension 'ros'
[0.167s] DEBUG:colcon.colcon_core.package_identification:Package 'src/raw_data_publisher' with type 'ros.ament_python' and name 'raw_data_publisher'
[0.167s] Level 1:colcon.colcon_core.package_discovery:discover_packages(recursive) using defaults
[0.167s] Level 1:colcon.colcon_core.package_discovery:discover_packages(ignore) discover
[0.167s] Level 1:colcon.colcon_core.package_discovery:discover_packages(ignore) using defaults
[0.167s] Level 1:colcon.colcon_core.package_discovery:discover_packages(path) discover
[0.167s] Level 1:colcon.colcon_core.package_discovery:discover_packages(path) using defaults
[0.184s] Level 1:colcon.colcon_core.package_discovery:discover_packages(prefix_path) check parameters
[0.184s] Level 1:colcon.colcon_core.package_discovery:discover_packages(prefix_path) discover
[0.186s] DEBUG:colcon.colcon_installed_package_information.package_discovery:Found 5 installed packages in /home/charles/ros2_ws/install
[0.187s] DEBUG:colcon.colcon_installed_package_information.package_discovery:Found 307 installed packages in /opt/ros/jazzy
[0.188s] Level 1:colcon.colcon_core.package_discovery:discover_packages(prefix_path) using defaults
[0.229s] Level 5:colcon.colcon_core.verb:set package 'brain' build argument 'cmake_args' from command line to 'None'
[0.229s] Level 5:colcon.colcon_core.verb:set package 'brain' build argument 'cmake_target' from command line to 'None'
[0.229s] Level 5:colcon.colcon_core.verb:set package 'brain' build argument 'cmake_target_skip_unavailable' from command line to 'False'
[0.229s] Level 5:colcon.colcon_core.verb:set package 'brain' build argument 'cmake_clean_cache' from command line to 'False'
[0.229s] Level 5:colcon.colcon_core.verb:set package 'brain' build argument 'cmake_clean_first' from command line to 'False'
[0.229s] Level 5:colcon.colcon_core.verb:set package 'brain' build argument 'cmake_force_configure' from command line to 'False'
[0.229s] Level 5:colcon.colcon_core.verb:set package 'brain' build argument 'ament_cmake_args' from command line to 'None'
[0.229s] Level 5:colcon.colcon_core.verb:set package 'brain' build argument 'catkin_cmake_args' from command line to 'None'
[0.229s] Level 5:colcon.colcon_core.verb:set package 'brain' build argument 'catkin_skip_building_tests' from command line to 'False'
[0.229s] DEBUG:colcon.colcon_core.verb:Building package 'brain' with the following arguments: {'ament_cmake_args': None, 'build_base': '/home/charles/ros2_ws/build/brain', 'catkin_cmake_args': None, 'catkin_skip_building_tests': False, 'cmake_args': None, 'cmake_clean_cache': False, 'cmake_clean_first': False, 'cmake_force_configure': False, 'cmake_target': None, 'cmake_target_skip_unavailable': False, 'install_base': '/home/charles/ros2_ws/install/brain', 'merge_install': False, 'path': '/home/charles/ros2_ws/src/brain', 'symlink_install': False, 'test_result_base': None}
[0.230s] Level 5:colcon.colcon_core.verb:set package 'data_processor' build argument 'cmake_args' from command line to 'None'
[0.230s] Level 5:colcon.colcon_core.verb:set package 'data_processor' build argument 'cmake_target' from command line to 'None'
[0.230s] Level 5:colcon.colcon_core.verb:set package 'data_processor' build argument 'cmake_target_skip_unavailable' from command line to 'False'
[0.230s] Level 5:colcon.colcon_core.verb:set package 'data_processor' build argument 'cmake_clean_cache' from command line to 'False'
[0.230s] Level 5:colcon.colcon_core.verb:set package 'data_processor' build argument 'cmake_clean_first' from command line to 'False'
[0.230s] Level 5:colcon.colcon_core.verb:set package 'data_processor' build argument 'cmake_force_configure' from command line to 'False'
[0.230s] Level 5:colcon.colcon_core.verb:set package 'data_processor' build argument 'ament_cmake_args' from command line to 'None'
[0.230s] Level 5:colcon.colcon_core.verb:set package 'data_processor' build argument 'catkin_cmake_args' from command line to 'None'
[0.230s] Level 5:colcon.colcon_core.verb:set package 'data_processor' build argument 'catkin_skip_building_tests' from command line to 'False'
[0.230s] DEBUG:colcon.colcon_core.verb:Building package 'data_processor' with the following arguments: {'ament_cmake_args': None, 'build_base': '/home/charles/ros2_ws/build/data_processor', 'catkin_cmake_args': None, 'catkin_skip_building_tests': False, 'cmake_args': None, 'cmake_clean_cache': False, 'cmake_clean_first': False, 'cmake_force_configure': False, 'cmake_target': None, 'cmake_target_skip_unavailable': False, 'install_base': '/home/charles/ros2_ws/install/data_processor', 'merge_install': False, 'path': '/home/charles/ros2_ws/src/data_processor', 'symlink_install': False, 'test_result_base': None}
[0.230s] Level 5:colcon.colcon_core.verb:set package 'depth_processor' build argument 'cmake_args' from command line to 'None'
[0.230s] Level 5:colcon.colcon_core.verb:set package 'depth_processor' build argument 'cmake_target' from command line to 'None'
[0.230s] Level 5:colcon.colcon_core.verb:set package 'depth_processor' build argument 'cmake_target_skip_unavailable' from command line to 'False'
[0.230s] Level 5:colcon.colcon_core.verb:set package 'depth_processor' build argument 'cmake_clean_cache' from command line to 'False'
[0.230s] Level 5:colcon.colcon_core.verb:set package 'depth_processor' build argument 'cmake_clean_first' from command line to 'False'
[0.230s] Level 5:colcon.colcon_core.verb:set package 'depth_processor' build argument 'cmake_force_configure' from command line to 'False'
[0.230s] Level 5:colcon.colcon_core.verb:set package 'depth_processor' build argument 'ament_cmake_args' from command line to 'None'
[0.230s] Level 5:colcon.colcon_core.verb:set package 'depth_processor' build argument 'catkin_cmake_args' from command line to 'None'
[0.230s] Level 5:colcon.colcon_core.verb:set package 'depth_processor' build argument 'catkin_skip_building_tests' from command line to 'False'
[0.230s] DEBUG:colcon.colcon_core.verb:Building package 'depth_processor' with the following arguments: {'ament_cmake_args': None, 'build_base': '/home/charles/ros2_ws/build/depth_processor', 'catkin_cmake_args': None, 'catkin_skip_building_tests': False, 'cmake_args': None, 'cmake_clean_cache': False, 'cmake_clean_first': False, 'cmake_force_configure': False, 'cmake_target': None, 'cmake_target_skip_unavailable': False, 'install_base': '/home/charles/ros2_ws/install/depth_processor', 'merge_install': False, 'path': '/home/charles/ros2_ws/src/depth_processor', 'symlink_install': False, 'test_result_base': None}
[0.231s] Level 5:colcon.colcon_core.verb:set package 'joy_publisher' build argument 'cmake_args' from command line to 'None'
[0.231s] Level 5:colcon.colcon_core.verb:set package 'joy_publisher' build argument 'cmake_target' from command line to 'None'
[0.231s] Level 5:colcon.colcon_core.verb:set package 'joy_publisher' build argument 'cmake_target_skip_unavailable' from command line to 'False'
[0.231s] Level 5:colcon.colcon_core.verb:set package 'joy_publisher' build argument 'cmake_clean_cache' from command line to 'False'
[0.231s] Level 5:colcon.colcon_core.verb:set package 'joy_publisher' build argument 'cmake_clean_first' from command line to 'False'
[0.231s] Level 5:colcon.colcon_core.verb:set package 'joy_publisher' build argument 'cmake_force_configure' from command line to 'False'
[0.231s] Level 5:colcon.colcon_core.verb:set package 'joy_publisher' build argument 'ament_cmake_args' from command line to 'None'
[0.231s] Level 5:colcon.colcon_core.verb:set package 'joy_publisher' build argument 'catkin_cmake_args' from command line to 'None'
[0.231s] Level 5:colcon.colcon_core.verb:set package 'joy_publisher' build argument 'catkin_skip_building_tests' from command line to 'False'
[0.231s] DEBUG:colcon.colcon_core.verb:Building package 'joy_publisher' with the following arguments: {'ament_cmake_args': None, 'build_base': '/home/charles/ros2_ws/build/joy_publisher', 'catkin_cmake_args': None, 'catkin_skip_building_tests': False, 'cmake_args': None, 'cmake_clean_cache': False, 'cmake_clean_first': False, 'cmake_force_configure': False, 'cmake_target': None, 'cmake_target_skip_unavailable': False, 'install_base': '/home/charles/ros2_ws/install/joy_publisher', 'merge_install': False, 'path': '/home/charles/ros2_ws/src/joy_publisher', 'symlink_install': False, 'test_result_base': None}
[0.231s] Level 5:colcon.colcon_core.verb:set package 'raw_data_publisher' build argument 'cmake_args' from command line to 'None'
[0.231s] Level 5:colcon.colcon_core.verb:set package 'raw_data_publisher' build argument 'cmake_target' from command line to 'None'
[0.231s] Level 5:colcon.colcon_core.verb:set package 'raw_data_publisher' build argument 'cmake_target_skip_unavailable' from command line to 'False'
[0.231s] Level 5:colcon.colcon_core.verb:set package 'raw_data_publisher' build argument 'cmake_clean_cache' from command line to 'False'
[0.231s] Level 5:colcon.colcon_core.verb:set package 'raw_data_publisher' build argument 'cmake_clean_first' from command line to 'False'
[0.231s] Level 5:colcon.colcon_core.verb:set package 'raw_data_publisher' build argument 'cmake_force_configure' from command line to 'False'
[0.231s] Level 5:colcon.colcon_core.verb:set package 'raw_data_publisher' build argument 'ament_cmake_args' from command line to 'None'
[0.231s] Level 5:colcon.colcon_core.verb:set package 'raw_data_publisher' build argument 'catkin_cmake_args' from command line to 'None'
[0.231s] Level 5:colcon.colcon_core.verb:set package 'raw_data_publisher' build argument 'catkin_skip_building_tests' from command line to 'False'
[0.231s] DEBUG:colcon.colcon_core.verb:Building package 'raw_data_publisher' with the following arguments: {'ament_cmake_args': None, 'build_base': '/home/charles/ros2_ws/build/raw_data_publisher', 'catkin_cmake_args': None, 'catkin_skip_building_tests': False, 'cmake_args': None, 'cmake_clean_cache': False, 'cmake_clean_first': False, 'cmake_force_configure': False, 'cmake_target': None, 'cmake_target_skip_unavailable': False, 'install_base': '/home/charles/ros2_ws/install/raw_data_publisher', 'merge_install': False, 'path': '/home/charles/ros2_ws/src/raw_data_publisher', 'symlink_install': False, 'test_result_base': None}
[0.231s] INFO:colcon.colcon_core.executor:Executing jobs using 'parallel' executor
[0.232s] DEBUG:colcon.colcon_parallel_executor.executor.parallel:run_until_complete
[0.232s] INFO:colcon.colcon_ros.task.ament_python.build:Building ROS package in '/home/charles/ros2_ws/src/brain' with build type 'ament_python'
[0.233s] Level 1:colcon.colcon_core.shell:create_environment_hook('brain', 'ament_prefix_path')
[0.234s] INFO:colcon.colcon_core.plugin_system:Skipping extension 'colcon_core.shell.bat': Not used on non-Windows systems
[0.235s] INFO:colcon.colcon_core.shell:Creating environment hook '/home/charles/ros2_ws/install/brain/share/brain/hook/ament_prefix_path.ps1'
[0.235s] INFO:colcon.colcon_core.shell:Creating environment descriptor '/home/charles/ros2_ws/install/brain/share/brain/hook/ament_prefix_path.dsv'
[0.236s] INFO:colcon.colcon_core.shell:Creating environment hook '/home/charles/ros2_ws/install/brain/share/brain/hook/ament_prefix_path.sh'
[0.237s] INFO:colcon.colcon_core.shell:Skip shell extension 'powershell' for command environment: Not usable outside of PowerShell
[0.237s] DEBUG:colcon.colcon_core.shell:Skip shell extension 'dsv' for command environment
[0.240s] INFO:colcon.colcon_ros.task.ament_python.build:Building ROS package in '/home/charles/ros2_ws/src/data_processor' with build type 'ament_python'
[0.240s] Level 1:colcon.colcon_core.shell:create_environment_hook('data_processor', 'ament_prefix_path')
[0.240s] INFO:colcon.colcon_core.shell:Creating environment hook '/home/charles/ros2_ws/install/data_processor/share/data_processor/hook/ament_prefix_path.ps1'
[0.241s] INFO:colcon.colcon_core.shell:Creating environment descriptor '/home/charles/ros2_ws/install/data_processor/share/data_processor/hook/ament_prefix_path.dsv'
[0.241s] INFO:colcon.colcon_core.shell:Creating environment hook '/home/charles/ros2_ws/install/data_processor/share/data_processor/hook/ament_prefix_path.sh'
[0.241s] INFO:colcon.colcon_core.shell:Skip shell extension 'powershell' for command environment: Not usable outside of PowerShell
[0.242s] DEBUG:colcon.colcon_core.shell:Skip shell extension 'dsv' for command environment
[0.244s] INFO:colcon.colcon_ros.task.ament_python.build:Building ROS package in '/home/charles/ros2_ws/src/depth_processor' with build type 'ament_python'
[0.244s] Level 1:colcon.colcon_core.shell:create_environment_hook('depth_processor', 'ament_prefix_path')
[0.244s] INFO:colcon.colcon_core.shell:Creating environment hook '/home/charles/ros2_ws/install/depth_processor/share/depth_processor/hook/ament_prefix_path.ps1'
[0.245s] INFO:colcon.colcon_core.shell:Creating environment descriptor '/home/charles/ros2_ws/install/depth_processor/share/depth_processor/hook/ament_prefix_path.dsv'
[0.245s] INFO:colcon.colcon_core.shell:Creating environment hook '/home/charles/ros2_ws/install/depth_processor/share/depth_processor/hook/ament_prefix_path.sh'
[0.245s] INFO:colcon.colcon_core.shell:Skip shell extension 'powershell' for command environment: Not usable outside of PowerShell
[0.245s] DEBUG:colcon.colcon_core.shell:Skip shell extension 'dsv' for command environment
[0.248s] INFO:colcon.colcon_ros.task.ament_python.build:Building ROS package in '/home/charles/ros2_ws/src/joy_publisher' with build type 'ament_python'
[0.248s] Level 1:colcon.colcon_core.shell:create_environment_hook('joy_publisher', 'ament_prefix_path')
[0.248s] INFO:colcon.colcon_core.shell:Creating environment hook '/home/charles/ros2_ws/install/joy_publisher/share/joy_publisher/hook/ament_prefix_path.ps1'
[0.248s] INFO:colcon.colcon_core.shell:Creating environment descriptor '/home/charles/ros2_ws/install/joy_publisher/share/joy_publisher/hook/ament_prefix_path.dsv'
[0.249s] INFO:colcon.colcon_core.shell:Creating environment hook '/home/charles/ros2_ws/install/joy_publisher/share/joy_publisher/hook/ament_prefix_path.sh'
[0.249s] INFO:colcon.colcon_core.shell:Skip shell extension 'powershell' for command environment: Not usable outside of PowerShell
[0.249s] DEBUG:colcon.colcon_core.shell:Skip shell extension 'dsv' for command environment
[0.252s] INFO:colcon.colcon_ros.task.ament_python.build:Building ROS package in '/home/charles/ros2_ws/src/raw_data_publisher' with build type 'ament_python'
[0.252s] Level 1:colcon.colcon_core.shell:create_environment_hook('raw_data_publisher', 'ament_prefix_path')
[0.252s] INFO:colcon.colcon_core.shell:Creating environment hook '/home/charles/ros2_ws/install/raw_data_publisher/share/raw_data_publisher/hook/ament_prefix_path.ps1'
[0.252s] INFO:colcon.colcon_core.shell:Creating environment descriptor '/home/charles/ros2_ws/install/raw_data_publisher/share/raw_data_publisher/hook/ament_prefix_path.dsv'
[0.253s] INFO:colcon.colcon_core.shell:Creating environment hook '/home/charles/ros2_ws/install/raw_data_publisher/share/raw_data_publisher/hook/ament_prefix_path.sh'
[0.253s] INFO:colcon.colcon_core.shell:Skip shell extension 'powershell' for command environment: Not usable outside of PowerShell
[0.253s] DEBUG:colcon.colcon_core.shell:Skip shell extension 'dsv' for command environment
[0.471s] INFO:colcon.colcon_core.task.python.build:Building Python package in '/home/charles/ros2_ws/src/brain'
[0.472s] INFO:colcon.colcon_core.shell:Skip shell extension 'powershell' for command environment: Not usable outside of PowerShell
[0.472s] DEBUG:colcon.colcon_core.shell:Skip shell extension 'dsv' for command environment
[0.690s] INFO:colcon.colcon_core.task.python.build:Building Python package in '/home/charles/ros2_ws/src/data_processor'
[0.690s] INFO:colcon.colcon_core.shell:Skip shell extension 'powershell' for command environment: Not usable outside of PowerShell
[0.690s] DEBUG:colcon.colcon_core.shell:Skip shell extension 'dsv' for command environment
[0.904s] INFO:colcon.colcon_core.task.python.build:Building Python package in '/home/charles/ros2_ws/src/depth_processor'
[0.904s] INFO:colcon.colcon_core.shell:Skip shell extension 'powershell' for command environment: Not usable outside of PowerShell
[0.904s] DEBUG:colcon.colcon_core.shell:Skip shell extension 'dsv' for command environment
[1.116s] INFO:colcon.colcon_core.task.python.build:Building Python package in '/home/charles/ros2_ws/src/joy_publisher'
[1.117s] INFO:colcon.colcon_core.shell:Skip shell extension 'powershell' for command environment: Not usable outside of PowerShell
[1.117s] DEBUG:colcon.colcon_core.shell:Skip shell extension 'dsv' for command environment
[1.327s] WARNING:colcon.colcon_ros.task.ament_python.build:Package 'raw_data_publisher' doesn't explicitly install a marker in the package index (colcon-ros currently does it implicitly but that fallback will be removed in the future)
[1.327s] WARNING:colcon.colcon_ros.task.ament_python.build:Package 'raw_data_publisher' doesn't explicitly install the 'package.xml' file (colcon-ros currently does it implicitly but that fallback will be removed in the future)
[1.327s] INFO:colcon.colcon_core.task.python.build:Building Python package in '/home/charles/ros2_ws/src/raw_data_publisher'
[1.327s] INFO:colcon.colcon_core.shell:Skip shell extension 'powershell' for command environment: Not usable outside of PowerShell
[1.327s] DEBUG:colcon.colcon_core.shell:Skip shell extension 'dsv' for command environment
[2.126s] DEBUG:colcon.colcon_core.event_handler.log_command:Invoking command in '/home/charles/ros2_ws/src/data_processor': DEBUGINFOD_URLS=https://debuginfod.ubuntu.com PYTHONPATH=/home/charles/ros2_ws/build/data_processor/prefix_override:/usr/lib/python3/dist-packages/colcon_core/task/python/colcon_distutils_commands:/home/charles/ros2_ws/install/data_processor/lib/python3.12/site-packages:${PYTHONPATH} /usr/bin/python3 -W ignore:setup.py install is deprecated -W ignore:easy_install command is deprecated setup.py egg_info --egg-base ../../build/data_processor build --build-base /home/charles/ros2_ws/build/data_processor/build install --record /home/charles/ros2_ws/build/data_processor/install.log --single-version-externally-managed install_data
[2.131s] DEBUG:colcon.colcon_core.event_handler.log_command:Invoking command in '/home/charles/ros2_ws/src/joy_publisher': DEBUGINFOD_URLS=https://debuginfod.ubuntu.com PYTHONPATH=/home/charles/ros2_ws/build/joy_publisher/prefix_override:/usr/lib/python3/dist-packages/colcon_core/task/python/colcon_distutils_commands:/home/charles/ros2_ws/install/joy_publisher/lib/python3.12/site-packages:${PYTHONPATH} /usr/bin/python3 -W ignore:setup.py install is deprecated -W ignore:easy_install command is deprecated setup.py egg_info --egg-base ../../build/joy_publisher build --build-base /home/charles/ros2_ws/build/joy_publisher/build install --record /home/charles/ros2_ws/build/joy_publisher/install.log --single-version-externally-managed install_data
[2.155s] DEBUG:colcon.colcon_core.event_handler.log_command:Invoking command in '/home/charles/ros2_ws/src/depth_processor': DEBUGINFOD_URLS=https://debuginfod.ubuntu.com PYTHONPATH=/home/charles/ros2_ws/build/depth_processor/prefix_override:/usr/lib/python3/dist-packages/colcon_core/task/python/colcon_distutils_commands:/home/charles/ros2_ws/install/depth_processor/lib/python3.12/site-packages:${PYTHONPATH} /usr/bin/python3 -W ignore:setup.py install is deprecated -W ignore:easy_install command is deprecated setup.py egg_info --egg-base ../../build/depth_processor build --build-base /home/charles/ros2_ws/build/depth_processor/build install --record /home/charles/ros2_ws/build/depth_processor/install.log --single-version-externally-managed install_data
[2.479s] DEBUG:colcon.colcon_core.event_handler.log_command:Invoking command in '/home/charles/ros2_ws/src/brain': DEBUGINFOD_URLS=https://debuginfod.ubuntu.com PYTHONPATH=/home/charles/ros2_ws/build/brain/prefix_override:/usr/lib/python3/dist-packages/colcon_core/task/python/colcon_distutils_commands:/home/charles/ros2_ws/install/brain/lib/python3.12/site-packages:${PYTHONPATH} /usr/bin/python3 -W ignore:setup.py install is deprecated -W ignore:easy_install command is deprecated setup.py egg_info --egg-base ../../build/brain build --build-base /home/charles/ros2_ws/build/brain/build install --record /home/charles/ros2_ws/build/brain/install.log --single-version-externally-managed install_data
[2.483s] DEBUG:colcon.colcon_core.event_handler.log_command:Invoking command in '/home/charles/ros2_ws/src/raw_data_publisher': DEBUGINFOD_URLS=https://debuginfod.ubuntu.com PYTHONPATH=/home/charles/ros2_ws/build/raw_data_publisher/prefix_override:/usr/lib/python3/dist-packages/colcon_core/task/python/colcon_distutils_commands:/home/charles/ros2_ws/install/raw_data_publisher/lib/python3.12/site-packages:${PYTHONPATH} /usr/bin/python3 -W ignore:setup.py install is deprecated -W ignore:easy_install command is deprecated setup.py egg_info --egg-base ../../build/raw_data_publisher build --build-base /home/charles/ros2_ws/build/raw_data_publisher/build install --record /home/charles/ros2_ws/build/raw_data_publisher/install.log --single-version-externally-managed
[3.038s] DEBUG:colcon.colcon_core.event_handler.log_command:Invoked command in '/home/charles/ros2_ws/src/joy_publisher' returned '0': DEBUGINFOD_URLS=https://debuginfod.ubuntu.com PYTHONPATH=/home/charles/ros2_ws/build/joy_publisher/prefix_override:/usr/lib/python3/dist-packages/colcon_core/task/python/colcon_distutils_commands:/home/charles/ros2_ws/install/joy_publisher/lib/python3.12/site-packages:${PYTHONPATH} /usr/bin/python3 -W ignore:setup.py install is deprecated -W ignore:easy_install command is deprecated setup.py egg_info --egg-base ../../build/joy_publisher build --build-base /home/charles/ros2_ws/build/joy_publisher/build install --record /home/charles/ros2_ws/build/joy_publisher/install.log --single-version-externally-managed install_data
[3.042s] Level 1:colcon.colcon_core.environment:checking '/home/charles/ros2_ws/install/joy_publisher' for CMake module files
[3.043s] Level 1:colcon.colcon_core.environment:checking '/home/charles/ros2_ws/install/joy_publisher' for CMake config files
[3.044s] Level 1:colcon.colcon_core.environment:checking '/home/charles/ros2_ws/install/joy_publisher/lib'
[3.044s] Level 1:colcon.colcon_core.environment:checking '/home/charles/ros2_ws/install/joy_publisher/bin'
[3.044s] Level 1:colcon.colcon_core.environment:checking '/home/charles/ros2_ws/install/joy_publisher/lib/pkgconfig/joy_publisher.pc'
[3.044s] Level 1:colcon.colcon_core.environment:checking '/home/charles/ros2_ws/install/joy_publisher/lib/python3.12/site-packages'
[3.044s] Level 1:colcon.colcon_core.shell:create_environment_hook('joy_publisher', 'pythonpath')
[3.045s] INFO:colcon.colcon_core.shell:Creating environment hook '/home/charles/ros2_ws/install/joy_publisher/share/joy_publisher/hook/pythonpath.ps1'
[3.045s] INFO:colcon.colcon_core.shell:Creating environment descriptor '/home/charles/ros2_ws/install/joy_publisher/share/joy_publisher/hook/pythonpath.dsv'
[3.046s] INFO:colcon.colcon_core.shell:Creating environment hook '/home/charles/ros2_ws/install/joy_publisher/share/joy_publisher/hook/pythonpath.sh'
[3.046s] Level 1:colcon.colcon_core.environment:checking '/home/charles/ros2_ws/install/joy_publisher/bin'
[3.046s] Level 1:colcon.colcon_core.environment:create_environment_scripts_only(joy_publisher)
[3.047s] INFO:colcon.colcon_core.shell:Creating package script '/home/charles/ros2_ws/install/joy_publisher/share/joy_publisher/package.ps1'
[3.048s] INFO:colcon.colcon_core.shell:Creating package descriptor '/home/charles/ros2_ws/install/joy_publisher/share/joy_publisher/package.dsv'
[3.048s] INFO:colcon.colcon_core.shell:Creating package script '/home/charles/ros2_ws/install/joy_publisher/share/joy_publisher/package.sh'
[3.049s] INFO:colcon.colcon_core.shell:Creating package script '/home/charles/ros2_ws/install/joy_publisher/share/joy_publisher/package.bash'
[3.050s] INFO:colcon.colcon_core.shell:Creating package script '/home/charles/ros2_ws/install/joy_publisher/share/joy_publisher/package.zsh'
[3.051s] Level 1:colcon.colcon_core.environment:create_file_with_runtime_dependencies(/home/charles/ros2_ws/install/joy_publisher/share/colcon-core/packages/joy_publisher)
[3.089s] Level 1:colcon.colcon_core.environment:checking '/home/charles/ros2_ws/install/depth_processor' for CMake module files
[3.090s] DEBUG:colcon.colcon_core.event_handler.log_command:Invoked command in '/home/charles/ros2_ws/src/depth_processor' returned '0': DEBUGINFOD_URLS=https://debuginfod.ubuntu.com PYTHONPATH=/home/charles/ros2_ws/build/depth_processor/prefix_override:/usr/lib/python3/dist-packages/colcon_core/task/python/colcon_distutils_commands:/home/charles/ros2_ws/install/depth_processor/lib/python3.12/site-packages:${PYTHONPATH} /usr/bin/python3 -W ignore:setup.py install is deprecated -W ignore:easy_install command is deprecated setup.py egg_info --egg-base ../../build/depth_processor build --build-base /home/charles/ros2_ws/build/depth_processor/build install --record /home/charles/ros2_ws/build/depth_processor/install.log --single-version-externally-managed install_data
[3.090s] Level 1:colcon.colcon_core.environment:checking '/home/charles/ros2_ws/install/depth_processor' for CMake config files
[3.091s] Level 1:colcon.colcon_core.environment:checking '/home/charles/ros2_ws/install/depth_processor/lib'
[3.091s] Level 1:colcon.colcon_core.environment:checking '/home/charles/ros2_ws/install/depth_processor/bin'
[3.091s] Level 1:colcon.colcon_core.environment:checking '/home/charles/ros2_ws/install/depth_processor/lib/pkgconfig/depth_processor.pc'
[3.091s] Level 1:colcon.colcon_core.environment:checking '/home/charles/ros2_ws/install/depth_processor/lib/python3.12/site-packages'
[3.092s] Level 1:colcon.colcon_core.shell:create_environment_hook('depth_processor', 'pythonpath')
[3.092s] INFO:colcon.colcon_core.shell:Creating environment hook '/home/charles/ros2_ws/install/depth_processor/share/depth_processor/hook/pythonpath.ps1'
[3.092s] INFO:colcon.colcon_core.shell:Creating environment descriptor '/home/charles/ros2_ws/install/depth_processor/share/depth_processor/hook/pythonpath.dsv'
[3.093s] INFO:colcon.colcon_core.shell:Creating environment hook '/home/charles/ros2_ws/install/depth_processor/share/depth_processor/hook/pythonpath.sh'
[3.093s] Level 1:colcon.colcon_core.environment:checking '/home/charles/ros2_ws/install/depth_processor/bin'
[3.093s] Level 1:colcon.colcon_core.environment:create_environment_scripts_only(depth_processor)
[3.094s] INFO:colcon.colcon_core.shell:Creating package script '/home/charles/ros2_ws/install/depth_processor/share/depth_processor/package.ps1'
[3.094s] INFO:colcon.colcon_core.shell:Creating package descriptor '/home/charles/ros2_ws/install/depth_processor/share/depth_processor/package.dsv'
[3.095s] INFO:colcon.colcon_core.shell:Creating package script '/home/charles/ros2_ws/install/depth_processor/share/depth_processor/package.sh'
[3.095s] INFO:colcon.colcon_core.shell:Creating package script '/home/charles/ros2_ws/install/depth_processor/share/depth_processor/package.bash'
[3.096s] INFO:colcon.colcon_core.shell:Creating package script '/home/charles/ros2_ws/install/depth_processor/share/depth_processor/package.zsh'
[3.096s] Level 1:colcon.colcon_core.environment:create_file_with_runtime_dependencies(/home/charles/ros2_ws/install/depth_processor/share/colcon-core/packages/depth_processor)
[3.145s] Level 1:colcon.colcon_core.environment:checking '/home/charles/ros2_ws/install/data_processor' for CMake module files
[3.146s] DEBUG:colcon.colcon_core.event_handler.log_command:Invoked command in '/home/charles/ros2_ws/src/data_processor' returned '0': DEBUGINFOD_URLS=https://debuginfod.ubuntu.com PYTHONPATH=/home/charles/ros2_ws/build/data_processor/prefix_override:/usr/lib/python3/dist-packages/colcon_core/task/python/colcon_distutils_commands:/home/charles/ros2_ws/install/data_processor/lib/python3.12/site-packages:${PYTHONPATH} /usr/bin/python3 -W ignore:setup.py install is deprecated -W ignore:easy_install command is deprecated setup.py egg_info --egg-base ../../build/data_processor build --build-base /home/charles/ros2_ws/build/data_processor/build install --record /home/charles/ros2_ws/build/data_processor/install.log --single-version-externally-managed install_data
[3.146s] Level 1:colcon.colcon_core.environment:checking '/home/charles/ros2_ws/install/data_processor' for CMake config files
[3.147s] Level 1:colcon.colcon_core.environment:checking '/home/charles/ros2_ws/install/data_processor/lib'
[3.147s] Level 1:colcon.colcon_core.environment:checking '/home/charles/ros2_ws/install/data_processor/bin'
[3.147s] Level 1:colcon.colcon_core.environment:checking '/home/charles/ros2_ws/install/data_processor/lib/pkgconfig/data_processor.pc'
[3.147s] Level 1:colcon.colcon_core.environment:checking '/home/charles/ros2_ws/install/data_processor/lib/python3.12/site-packages'
[3.148s] Level 1:colcon.colcon_core.shell:create_environment_hook('data_processor', 'pythonpath')
[3.148s] INFO:colcon.colcon_core.shell:Creating environment hook '/home/charles/ros2_ws/install/data_processor/share/data_processor/hook/pythonpath.ps1'
[3.148s] INFO:colcon.colcon_core.shell:Creating environment descriptor '/home/charles/ros2_ws/install/data_processor/share/data_processor/hook/pythonpath.dsv'
[3.149s] INFO:colcon.colcon_core.shell:Creating environment hook '/home/charles/ros2_ws/install/data_processor/share/data_processor/hook/pythonpath.sh'
[3.149s] Level 1:colcon.colcon_core.environment:checking '/home/charles/ros2_ws/install/data_processor/bin'
[3.149s] Level 1:colcon.colcon_core.environment:create_environment_scripts_only(data_processor)
[3.150s] INFO:colcon.colcon_core.shell:Creating package script '/home/charles/ros2_ws/install/data_processor/share/data_processor/package.ps1'
[3.150s] INFO:colcon.colcon_core.shell:Creating package descriptor '/home/charles/ros2_ws/install/data_processor/share/data_processor/package.dsv'
[3.151s] INFO:colcon.colcon_core.shell:Creating package script '/home/charles/ros2_ws/install/data_processor/share/data_processor/package.sh'
[3.151s] INFO:colcon.colcon_core.shell:Creating package script '/home/charles/ros2_ws/install/data_processor/share/data_processor/package.bash'
[3.151s] INFO:colcon.colcon_core.shell:Creating package script '/home/charles/ros2_ws/install/data_processor/share/data_processor/package.zsh'
[3.152s] Level 1:colcon.colcon_core.environment:create_file_with_runtime_dependencies(/home/charles/ros2_ws/install/data_processor/share/colcon-core/packages/data_processor)
[3.245s] Level 1:colcon.colcon_core.environment:checking '/home/charles/ros2_ws/install/raw_data_publisher' for CMake module files
[3.246s] DEBUG:colcon.colcon_core.event_handler.log_command:Invoked command in '/home/charles/ros2_ws/src/raw_data_publisher' returned '0': DEBUGINFOD_URLS=https://debuginfod.ubuntu.com PYTHONPATH=/home/charles/ros2_ws/build/raw_data_publisher/prefix_override:/usr/lib/python3/dist-packages/colcon_core/task/python/colcon_distutils_commands:/home/charles/ros2_ws/install/raw_data_publisher/lib/python3.12/site-packages:${PYTHONPATH} /usr/bin/python3 -W ignore:setup.py install is deprecated -W ignore:easy_install command is deprecated setup.py egg_info --egg-base ../../build/raw_data_publisher build --build-base /home/charles/ros2_ws/build/raw_data_publisher/build install --record /home/charles/ros2_ws/build/raw_data_publisher/install.log --single-version-externally-managed
[3.246s] Level 1:colcon.colcon_core.environment:checking '/home/charles/ros2_ws/install/raw_data_publisher' for CMake config files
[3.246s] Level 1:colcon.colcon_core.environment:checking '/home/charles/ros2_ws/install/raw_data_publisher/lib'
[3.247s] Level 1:colcon.colcon_core.environment:checking '/home/charles/ros2_ws/install/raw_data_publisher/bin'
[3.247s] Level 1:colcon.colcon_core.environment:checking '/home/charles/ros2_ws/install/raw_data_publisher/lib/pkgconfig/raw_data_publisher.pc'
[3.247s] Level 1:colcon.colcon_core.environment:checking '/home/charles/ros2_ws/install/raw_data_publisher/lib/python3.12/site-packages'
[3.247s] Level 1:colcon.colcon_core.shell:create_environment_hook('raw_data_publisher', 'pythonpath')
[3.247s] INFO:colcon.colcon_core.shell:Creating environment hook '/home/charles/ros2_ws/install/raw_data_publisher/share/raw_data_publisher/hook/pythonpath.ps1'
[3.248s] INFO:colcon.colcon_core.shell:Creating environment descriptor '/home/charles/ros2_ws/install/raw_data_publisher/share/raw_data_publisher/hook/pythonpath.dsv'
[3.248s] INFO:colcon.colcon_core.shell:Creating environment hook '/home/charles/ros2_ws/install/raw_data_publisher/share/raw_data_publisher/hook/pythonpath.sh'
[3.249s] Level 1:colcon.colcon_core.environment:checking '/home/charles/ros2_ws/install/raw_data_publisher/bin'
[3.249s] Level 1:colcon.colcon_core.environment:create_environment_scripts_only(raw_data_publisher)
[3.249s] INFO:colcon.colcon_core.shell:Creating package script '/home/charles/ros2_ws/install/raw_data_publisher/share/raw_data_publisher/package.ps1'
[3.250s] INFO:colcon.colcon_core.shell:Creating package descriptor '/home/charles/ros2_ws/install/raw_data_publisher/share/raw_data_publisher/package.dsv'
[3.250s] INFO:colcon.colcon_core.shell:Creating package script '/home/charles/ros2_ws/install/raw_data_publisher/share/raw_data_publisher/package.sh'
[3.251s] INFO:colcon.colcon_core.shell:Creating package script '/home/charles/ros2_ws/install/raw_data_publisher/share/raw_data_publisher/package.bash'
[3.251s] INFO:colcon.colcon_core.shell:Creating package script '/home/charles/ros2_ws/install/raw_data_publisher/share/raw_data_publisher/package.zsh'
[3.252s] Level 1:colcon.colcon_core.environment:create_file_with_runtime_dependencies(/home/charles/ros2_ws/install/raw_data_publisher/share/colcon-core/packages/raw_data_publisher)
[3.426s] Level 1:colcon.colcon_core.environment:checking '/home/charles/ros2_ws/install/brain' for CMake module files
[3.427s] DEBUG:colcon.colcon_core.event_handler.log_command:Invoked command in '/home/charles/ros2_ws/src/brain' returned '0': DEBUGINFOD_URLS=https://debuginfod.ubuntu.com PYTHONPATH=/home/charles/ros2_ws/build/brain/prefix_override:/usr/lib/python3/dist-packages/colcon_core/task/python/colcon_distutils_commands:/home/charles/ros2_ws/install/brain/lib/python3.12/site-packages:${PYTHONPATH} /usr/bin/python3 -W ignore:setup.py install is deprecated -W ignore:easy_install command is deprecated setup.py egg_info --egg-base ../../build/brain build --build-base /home/charles/ros2_ws/build/brain/build install --record /home/charles/ros2_ws/build/brain/install.log --single-version-externally-managed install_data
[3.427s] Level 1:colcon.colcon_core.environment:checking '/home/charles/ros2_ws/install/brain' for CMake config files
[3.427s] Level 1:colcon.colcon_core.environment:checking '/home/charles/ros2_ws/install/brain/lib'
[3.427s] Level 1:colcon.colcon_core.environment:checking '/home/charles/ros2_ws/install/brain/bin'
[3.427s] Level 1:colcon.colcon_core.environment:checking '/home/charles/ros2_ws/install/brain/lib/pkgconfig/brain.pc'
[3.428s] Level 1:colcon.colcon_core.environment:checking '/home/charles/ros2_ws/install/brain/lib/python3.12/site-packages'
[3.428s] Level 1:colcon.colcon_core.shell:create_environment_hook('brain', 'pythonpath')
[3.428s] INFO:colcon.colcon_core.shell:Creating environment hook '/home/charles/ros2_ws/install/brain/share/brain/hook/pythonpath.ps1'
[3.428s] INFO:colcon.colcon_core.shell:Creating environment descriptor '/home/charles/ros2_ws/install/brain/share/brain/hook/pythonpath.dsv'
[3.429s] INFO:colcon.colcon_core.shell:Creating environment hook '/home/charles/ros2_ws/install/brain/share/brain/hook/pythonpath.sh'
[3.429s] Level 1:colcon.colcon_core.environment:checking '/home/charles/ros2_ws/install/brain/bin'
[3.429s] Level 1:colcon.colcon_core.environment:create_environment_scripts_only(brain)
[3.429s] INFO:colcon.colcon_core.shell:Creating package script '/home/charles/ros2_ws/install/brain/share/brain/package.ps1'
[3.430s] INFO:colcon.colcon_core.shell:Creating package descriptor '/home/charles/ros2_ws/install/brain/share/brain/package.dsv'
[3.430s] INFO:colcon.colcon_core.shell:Creating package script '/home/charles/ros2_ws/install/brain/share/brain/package.sh'
[3.430s] INFO:colcon.colcon_core.shell:Creating package script '/home/charles/ros2_ws/install/brain/share/brain/package.bash'
[3.431s] INFO:colcon.colcon_core.shell:Creating package script '/home/charles/ros2_ws/install/brain/share/brain/package.zsh'
[3.431s] Level 1:colcon.colcon_core.environment:create_file_with_runtime_dependencies(/home/charles/ros2_ws/install/brain/share/colcon-core/packages/brain)
[3.431s] DEBUG:colcon.colcon_parallel_executor.executor.parallel:closing loop
[3.431s] DEBUG:colcon.colcon_parallel_executor.executor.parallel:loop closed
[3.431s] DEBUG:colcon.colcon_parallel_executor.executor.parallel:run_until_complete finished with '0'
[3.431s] DEBUG:colcon.colcon_core.event_reactor:joining thread
[3.437s] INFO:colcon.colcon_core.plugin_system:Skipping extension 'colcon_notification.desktop_notification.terminal_notifier': Not used on non-Darwin systems
[3.437s] INFO:colcon.colcon_core.plugin_system:Skipping extension 'colcon_notification.desktop_notification.win32': Not used on non-Windows systems
[3.437s] INFO:colcon.colcon_notification.desktop_notification:Sending desktop notification using 'notify2'
[3.449s] DEBUG:colcon.colcon_core.event_reactor:joined thread
[3.450s] INFO:colcon.colcon_core.shell:Creating prefix script '/home/charles/ros2_ws/install/local_setup.ps1'
[3.450s] INFO:colcon.colcon_core.shell:Creating prefix util module '/home/charles/ros2_ws/install/_local_setup_util_ps1.py'
[3.451s] INFO:colcon.colcon_core.shell:Creating prefix chain script '/home/charles/ros2_ws/install/setup.ps1'
[3.452s] INFO:colcon.colcon_core.shell:Creating prefix script '/home/charles/ros2_ws/install/local_setup.sh'
[3.453s] INFO:colcon.colcon_core.shell:Creating prefix util module '/home/charles/ros2_ws/install/_local_setup_util_sh.py'
[3.453s] INFO:colcon.colcon_core.shell:Creating prefix chain script '/home/charles/ros2_ws/install/setup.sh'
[3.454s] INFO:colcon.colcon_core.shell:Creating prefix script '/home/charles/ros2_ws/install/local_setup.bash'
[3.454s] INFO:colcon.colcon_core.shell:Creating prefix chain script '/home/charles/ros2_ws/install/setup.bash'
[3.455s] INFO:colcon.colcon_core.shell:Creating prefix script '/home/charles/ros2_ws/install/local_setup.zsh'
[3.456s] INFO:colcon.colcon_core.shell:Creating prefix chain script '/home/charles/ros2_ws/install/setup.zsh'
