[2.482s] Invoking command in '/home/charles/ros2_ws/src/depth_processor': DEBUGINFOD_URLS=https://debuginfod.ubuntu.com PYTHONPATH=/home/charles/ros2_ws/build/depth_processor/prefix_override:/usr/lib/python3/dist-packages/colcon_core/task/python/colcon_distutils_commands:/home/charles/ros2_ws/install/depth_processor/lib/python3.12/site-packages:${PYTHONPATH} /usr/bin/python3 -W ignore:setup.py install is deprecated -W ignore:easy_install command is deprecated setup.py egg_info --egg-base ../../build/depth_processor build --build-base /home/charles/ros2_ws/build/depth_processor/build install --record /home/charles/ros2_ws/build/depth_processor/install.log --single-version-externally-managed install_data
[3.144s] running egg_info
[3.191s] writing ../../build/depth_processor/depth_processor.egg-info/PKG-INFO
[3.192s] writing dependency_links to ../../build/depth_processor/depth_processor.egg-info/dependency_links.txt
[3.192s] writing entry points to ../../build/depth_processor/depth_processor.egg-info/entry_points.txt
[3.193s] writing requirements to ../../build/depth_processor/depth_processor.egg-info/requires.txt
[3.194s] writing top-level names to ../../build/depth_processor/depth_processor.egg-info/top_level.txt
[3.286s] reading manifest file '../../build/depth_processor/depth_processor.egg-info/SOURCES.txt'
[3.287s] writing manifest file '../../build/depth_processor/depth_processor.egg-info/SOURCES.txt'
[3.288s] running build
[3.288s] running build_py
[3.289s] copying depth_processor/scripts/process_depth.py -> /home/charles/ros2_ws/build/depth_processor/build/lib/depth_processor/scripts
[3.290s] running install
[3.303s] running install_lib
[3.333s] copying /home/charles/ros2_ws/build/depth_processor/build/lib/depth_processor/scripts/process_depth.py -> /home/charles/ros2_ws/install/depth_processor/lib/python3.12/site-packages/depth_processor/scripts
[3.335s] byte-compiling /home/charles/ros2_ws/install/depth_processor/lib/python3.12/site-packages/depth_processor/scripts/process_depth.py to process_depth.cpython-312.pyc
[3.336s] running install_data
[3.337s] running install_egg_info
[3.363s] removing '/home/charles/ros2_ws/install/depth_processor/lib/python3.12/site-packages/depth_processor-0.0.0-py3.12.egg-info' (and everything under it)
[3.364s] Copying ../../build/depth_processor/depth_processor.egg-info to /home/charles/ros2_ws/install/depth_processor/lib/python3.12/site-packages/depth_processor-0.0.0-py3.12.egg-info
[3.365s] running install_scripts
[3.532s] Installing mapping script to /home/charles/ros2_ws/install/depth_processor/lib/depth_processor
[3.532s] Installing process_depth script to /home/charles/ros2_ws/install/depth_processor/lib/depth_processor
[3.533s] writing list of installed files to '/home/charles/ros2_ws/build/depth_processor/install.log'
[3.567s] Invoked command in '/home/charles/ros2_ws/src/depth_processor' returned '0': DEBUGINFOD_URLS=https://debuginfod.ubuntu.com PYTHONPATH=/home/charles/ros2_ws/build/depth_processor/prefix_override:/usr/lib/python3/dist-packages/colcon_core/task/python/colcon_distutils_commands:/home/charles/ros2_ws/install/depth_processor/lib/python3.12/site-packages:${PYTHONPATH} /usr/bin/python3 -W ignore:setup.py install is deprecated -W ignore:easy_install command is deprecated setup.py egg_info --egg-base ../../build/depth_processor build --build-base /home/charles/ros2_ws/build/depth_processor/build install --record /home/charles/ros2_ws/build/depth_processor/install.log --single-version-externally-managed install_data
