[2.064s] Invoking command in '/home/charles/ros2_ws/src/depth_processor': DEBUGINFOD_URLS=https://debuginfod.ubuntu.com PYTHONPATH=/home/charles/ros2_ws/build/depth_processor/prefix_override:/usr/lib/python3/dist-packages/colcon_core/task/python/colcon_distutils_commands:/home/charles/ros2_ws/install/depth_processor/lib/python3.12/site-packages:${PYTHONPATH} /usr/bin/python3 -W ignore:setup.py install is deprecated -W ignore:easy_install command is deprecated setup.py egg_info --egg-base ../../build/depth_processor build --build-base /home/charles/ros2_ws/build/depth_processor/build install --record /home/charles/ros2_ws/build/depth_processor/install.log --single-version-externally-managed install_data
[2.661s] running egg_info
[2.708s] writing ../../build/depth_processor/depth_processor.egg-info/PKG-INFO
[2.710s] writing dependency_links to ../../build/depth_processor/depth_processor.egg-info/dependency_links.txt
[2.710s] writing entry points to ../../build/depth_processor/depth_processor.egg-info/entry_points.txt
[2.710s] writing requirements to ../../build/depth_processor/depth_processor.egg-info/requires.txt
[2.710s] writing top-level names to ../../build/depth_processor/depth_processor.egg-info/top_level.txt
[2.804s] reading manifest file '../../build/depth_processor/depth_processor.egg-info/SOURCES.txt'
[2.806s] writing manifest file '../../build/depth_processor/depth_processor.egg-info/SOURCES.txt'
[2.807s] running build
[2.807s] running build_py
[2.807s] copying depth_processor/scripts/global_map.py -> /home/charles/ros2_ws/build/depth_processor/build/lib/depth_processor/scripts
[2.808s] copying depth_processor/scripts/point_cloud_creator2.py -> /home/charles/ros2_ws/build/depth_processor/build/lib/depth_processor/scripts
[2.808s] copying depth_processor/scripts/point_cloud_creator1.py -> /home/charles/ros2_ws/build/depth_processor/build/lib/depth_processor/scripts
[2.809s] running install
[2.825s] running install_lib
[2.873s] copying /home/charles/ros2_ws/build/depth_processor/build/lib/depth_processor/scripts/global_map.py -> /home/charles/ros2_ws/install/depth_processor/lib/python3.12/site-packages/depth_processor/scripts
[2.874s] copying /home/charles/ros2_ws/build/depth_processor/build/lib/depth_processor/scripts/point_cloud_creator2.py -> /home/charles/ros2_ws/install/depth_processor/lib/python3.12/site-packages/depth_processor/scripts
[2.874s] copying /home/charles/ros2_ws/build/depth_processor/build/lib/depth_processor/scripts/point_cloud_creator1.py -> /home/charles/ros2_ws/install/depth_processor/lib/python3.12/site-packages/depth_processor/scripts
[2.875s] byte-compiling /home/charles/ros2_ws/install/depth_processor/lib/python3.12/site-packages/depth_processor/scripts/global_map.py to global_map.cpython-312.pyc
[2.879s] byte-compiling /home/charles/ros2_ws/install/depth_processor/lib/python3.12/site-packages/depth_processor/scripts/point_cloud_creator2.py to point_cloud_creator2.cpython-312.pyc
[2.884s] byte-compiling /home/charles/ros2_ws/install/depth_processor/lib/python3.12/site-packages/depth_processor/scripts/point_cloud_creator1.py to point_cloud_creator1.cpython-312.pyc
[2.889s] running install_data
[2.889s] running install_egg_info
[2.939s] removing '/home/charles/ros2_ws/install/depth_processor/lib/python3.12/site-packages/depth_processor-0.0.0-py3.12.egg-info' (and everything under it)
[2.939s] Copying ../../build/depth_processor/depth_processor.egg-info to /home/charles/ros2_ws/install/depth_processor/lib/python3.12/site-packages/depth_processor-0.0.0-py3.12.egg-info
[2.941s] running install_scripts
[3.166s] Installing global_map script to /home/charles/ros2_ws/install/depth_processor/lib/depth_processor
[3.166s] Installing mapping script to /home/charles/ros2_ws/install/depth_processor/lib/depth_processor
[3.167s] Installing point_cloud_creator1 script to /home/charles/ros2_ws/install/depth_processor/lib/depth_processor
[3.167s] Installing point_cloud_creator2 script to /home/charles/ros2_ws/install/depth_processor/lib/depth_processor
[3.167s] Installing process_depth script to /home/charles/ros2_ws/install/depth_processor/lib/depth_processor
[3.167s] writing list of installed files to '/home/charles/ros2_ws/build/depth_processor/install.log'
[3.208s] Invoked command in '/home/charles/ros2_ws/src/depth_processor' returned '0': DEBUGINFOD_URLS=https://debuginfod.ubuntu.com PYTHONPATH=/home/charles/ros2_ws/build/depth_processor/prefix_override:/usr/lib/python3/dist-packages/colcon_core/task/python/colcon_distutils_commands:/home/charles/ros2_ws/install/depth_processor/lib/python3.12/site-packages:${PYTHONPATH} /usr/bin/python3 -W ignore:setup.py install is deprecated -W ignore:easy_install command is deprecated setup.py egg_info --egg-base ../../build/depth_processor build --build-base /home/charles/ros2_ws/build/depth_processor/build install --record /home/charles/ros2_ws/build/depth_processor/install.log --single-version-externally-managed install_data
