[1.940s] Invoking command in '/home/charles/ros2_ws/src/depth_processor': DEBUGINFOD_URLS=https://debuginfod.ubuntu.com PYTHONPATH=/home/charles/ros2_ws/build/depth_processor/prefix_override:/usr/lib/python3/dist-packages/colcon_core/task/python/colcon_distutils_commands:/home/charles/ros2_ws/install/depth_processor/lib/python3.12/site-packages:${PYTHONPATH} /usr/bin/python3 -W ignore:setup.py install is deprecated -W ignore:easy_install command is deprecated setup.py egg_info --egg-base ../../build/depth_processor build --build-base /home/charles/ros2_ws/build/depth_processor/build install --record /home/charles/ros2_ws/build/depth_processor/install.log --single-version-externally-managed install_data
[2.371s] running egg_info
[2.401s] writing ../../build/depth_processor/depth_processor.egg-info/PKG-INFO
[2.401s] writing dependency_links to ../../build/depth_processor/depth_processor.egg-info/dependency_links.txt
[2.402s] writing entry points to ../../build/depth_processor/depth_processor.egg-info/entry_points.txt
[2.402s] writing requirements to ../../build/depth_processor/depth_processor.egg-info/requires.txt
[2.403s] writing top-level names to ../../build/depth_processor/depth_processor.egg-info/top_level.txt
[2.460s] reading manifest file '../../build/depth_processor/depth_processor.egg-info/SOURCES.txt'
[2.461s] writing manifest file '../../build/depth_processor/depth_processor.egg-info/SOURCES.txt'
[2.462s] running build
[2.462s] running build_py
[2.463s] copying depth_processor/scripts/process_depth.py -> /home/charles/ros2_ws/build/depth_processor/build/lib/depth_processor/scripts
[2.463s] running install
[2.473s] running install_lib
[2.504s] copying /home/charles/ros2_ws/build/depth_processor/build/lib/depth_processor/scripts/process_depth.py -> /home/charles/ros2_ws/install/depth_processor/lib/python3.12/site-packages/depth_processor/scripts
[2.505s] byte-compiling /home/charles/ros2_ws/install/depth_processor/lib/python3.12/site-packages/depth_processor/scripts/process_depth.py to process_depth.cpython-312.pyc
[2.507s] running install_data
[2.507s] running install_egg_info
[2.537s] removing '/home/charles/ros2_ws/install/depth_processor/lib/python3.12/site-packages/depth_processor-0.0.0-py3.12.egg-info' (and everything under it)
[2.538s] Copying ../../build/depth_processor/depth_processor.egg-info to /home/charles/ros2_ws/install/depth_processor/lib/python3.12/site-packages/depth_processor-0.0.0-py3.12.egg-info
[2.539s] running install_scripts
[2.739s] Installing mapping script to /home/charles/ros2_ws/install/depth_processor/lib/depth_processor
[2.739s] Installing process_depth script to /home/charles/ros2_ws/install/depth_processor/lib/depth_processor
[2.740s] writing list of installed files to '/home/charles/ros2_ws/build/depth_processor/install.log'
[2.788s] Invoked command in '/home/charles/ros2_ws/src/depth_processor' returned '0': DEBUGINFOD_URLS=https://debuginfod.ubuntu.com PYTHONPATH=/home/charles/ros2_ws/build/depth_processor/prefix_override:/usr/lib/python3/dist-packages/colcon_core/task/python/colcon_distutils_commands:/home/charles/ros2_ws/install/depth_processor/lib/python3.12/site-packages:${PYTHONPATH} /usr/bin/python3 -W ignore:setup.py install is deprecated -W ignore:easy_install command is deprecated setup.py egg_info --egg-base ../../build/depth_processor build --build-base /home/charles/ros2_ws/build/depth_processor/build install --record /home/charles/ros2_ws/build/depth_processor/install.log --single-version-externally-managed install_data
