/home/charles/ros2_ws/install/depth_processor/lib/python3.12/site-packages/depth_processor/setup.py
/home/charles/ros2_ws/install/depth_processor/lib/python3.12/site-packages/depth_processor/__init__.py
/home/charles/ros2_ws/install/depth_processor/lib/python3.12/site-packages/depth_processor/launch/depth_processor_launch.py
/home/charles/ros2_ws/install/depth_processor/lib/python3.12/site-packages/depth_processor/launch/__init__.py
/home/charles/ros2_ws/install/depth_processor/lib/python3.12/site-packages/depth_processor/scripts/process_depth.py
/home/charles/ros2_ws/install/depth_processor/lib/python3.12/site-packages/depth_processor/scripts/__init__.py
/home/charles/ros2_ws/install/depth_processor/lib/python3.12/site-packages/depth_processor/__pycache__/setup.cpython-312.pyc
/home/charles/ros2_ws/install/depth_processor/lib/python3.12/site-packages/depth_processor/__pycache__/__init__.cpython-312.pyc
/home/charles/ros2_ws/install/depth_processor/lib/python3.12/site-packages/depth_processor/launch/__pycache__/depth_processor_launch.cpython-312.pyc
/home/charles/ros2_ws/install/depth_processor/lib/python3.12/site-packages/depth_processor/launch/__pycache__/__init__.cpython-312.pyc
/home/charles/ros2_ws/install/depth_processor/lib/python3.12/site-packages/depth_processor/scripts/__pycache__/process_depth.cpython-312.pyc
/home/charles/ros2_ws/install/depth_processor/lib/python3.12/site-packages/depth_processor/scripts/__pycache__/__init__.cpython-312.pyc
/home/charles/ros2_ws/install/depth_processor/share/ament_index/resource_index/packages/depth_processor
/home/charles/ros2_ws/install/depth_processor/share/depth_processor/package.xml
/home/charles/ros2_ws/install/depth_processor/lib/python3.12/site-packages/depth_processor-0.0.0-py3.12.egg-info/requires.txt
/home/charles/ros2_ws/install/depth_processor/lib/python3.12/site-packages/depth_processor-0.0.0-py3.12.egg-info/PKG-INFO
/home/charles/ros2_ws/install/depth_processor/lib/python3.12/site-packages/depth_processor-0.0.0-py3.12.egg-info/top_level.txt
/home/charles/ros2_ws/install/depth_processor/lib/python3.12/site-packages/depth_processor-0.0.0-py3.12.egg-info/entry_points.txt
/home/charles/ros2_ws/install/depth_processor/lib/python3.12/site-packages/depth_processor-0.0.0-py3.12.egg-info/SOURCES.txt
/home/charles/ros2_ws/install/depth_processor/lib/python3.12/site-packages/depth_processor-0.0.0-py3.12.egg-info/dependency_links.txt
/home/charles/ros2_ws/install/depth_processor/lib/python3.12/site-packages/depth_processor-0.0.0-py3.12.egg-info/zip-safe
/home/charles/ros2_ws/install/depth_processor/lib/depth_processor/mapping
/home/charles/ros2_ws/install/depth_processor/lib/depth_processor/process_depth
