running develop
Removing /home/charles/ros2_ws/install/brain/lib/python3.12/site-packages/brain.egg-link (link to .)
running egg_info
writing ../../build/brain/brain.egg-info/PKG-INFO
writing dependency_links to ../../build/brain/brain.egg-info/dependency_links.txt
writing requirements to ../../build/brain/brain.egg-info/requires.txt
writing top-level names to ../../build/brain/brain.egg-info/top_level.txt
reading manifest file '../../build/brain/brain.egg-info/SOURCES.txt'
writing manifest file '../../build/brain/brain.egg-info/SOURCES.txt'
running build
running build_py
creating /home/charles/ros2_ws/build/brain/build
creating /home/charles/ros2_ws/build/brain/build/lib
creating /home/charles/ros2_ws/build/brain/build/lib/brain
copying brain/__init__.py -> /home/charles/ros2_ws/build/brain/build/lib/brain
running install
running install_lib
creating /home/charles/ros2_ws/install/brain/lib/python3.12/site-packages/brain
copying /home/charles/ros2_ws/build/brain/build/lib/brain/__init__.py -> /home/charles/ros2_ws/install/brain/lib/python3.12/site-packages/brain
byte-compiling /home/charles/ros2_ws/install/brain/lib/python3.12/site-packages/brain/__init__.py to __init__.cpython-312.pyc
running install_data
copying resource/brain -> /home/charles/ros2_ws/install/brain/share/ament_index/resource_index/packages
copying package.xml -> /home/charles/ros2_ws/install/brain/share/brain
running install_egg_info
Copying ../../build/brain/brain.egg-info to /home/charles/ros2_ws/install/brain/lib/python3.12/site-packages/brain-0.0.0-py3.12.egg-info
running install_scripts
writing list of installed files to '/home/charles/ros2_ws/build/brain/install.log'
