[3.605s] Invoking command in '/home/charles/ros2_ws/src/brain': DEBUGINFOD_URLS=https://debuginfod.ubuntu.com PYTHONPATH=/home/charles/ros2_ws/build/brain/prefix_override:/usr/lib/python3/dist-packages/colcon_core/task/python/colcon_distutils_commands:/home/charles/ros2_ws/install/brain/lib/python3.12/site-packages:${PYTHONPATH} /usr/bin/python3 -W ignore:setup.py install is deprecated -W ignore:easy_install command is deprecated setup.py egg_info --egg-base ../../build/brain build --build-base /home/charles/ros2_ws/build/brain/build install --record /home/charles/ros2_ws/build/brain/install.log --single-version-externally-managed install_data
[4.744s] running egg_info
[4.851s] writing ../../build/brain/brain.egg-info/PKG-INFO
[4.852s] writing dependency_links to ../../build/brain/brain.egg-info/dependency_links.txt
[4.852s] writing entry points to ../../build/brain/brain.egg-info/entry_points.txt
[4.853s] writing requirements to ../../build/brain/brain.egg-info/requires.txt
[4.854s] writing top-level names to ../../build/brain/brain.egg-info/top_level.txt
[5.075s] reading manifest file '../../build/brain/brain.egg-info/SOURCES.txt'
[5.079s] writing manifest file '../../build/brain/brain.egg-info/SOURCES.txt'
[5.079s] running build
[5.083s] running build_py
[5.083s] running install
[5.118s] running install_lib
[5.222s] running install_data
[5.222s] running install_egg_info
[5.340s] removing '/home/charles/ros2_ws/install/brain/lib/python3.12/site-packages/brain-0.0.0-py3.12.egg-info' (and everything under it)
[5.343s] Copying ../../build/brain/brain.egg-info to /home/charles/ros2_ws/install/brain/lib/python3.12/site-packages/brain-0.0.0-py3.12.egg-info
[5.345s] running install_scripts
[5.913s] Installing brain_listener script to /home/charles/ros2_ws/install/brain/lib/brain
[5.914s] Installing command_listener script to /home/charles/ros2_ws/install/brain/lib/brain
[5.915s] writing list of installed files to '/home/charles/ros2_ws/build/brain/install.log'
[5.985s] Invoked command in '/home/charles/ros2_ws/src/brain' returned '0': DEBUGINFOD_URLS=https://debuginfod.ubuntu.com PYTHONPATH=/home/charles/ros2_ws/build/brain/prefix_override:/usr/lib/python3/dist-packages/colcon_core/task/python/colcon_distutils_commands:/home/charles/ros2_ws/install/brain/lib/python3.12/site-packages:${PYTHONPATH} /usr/bin/python3 -W ignore:setup.py install is deprecated -W ignore:easy_install command is deprecated setup.py egg_info --egg-base ../../build/brain build --build-base /home/charles/ros2_ws/build/brain/build install --record /home/charles/ros2_ws/build/brain/install.log --single-version-externally-managed install_data
